<?xml version="1.0" encoding="UTF-8"?>
<!-- Generated by org.testng.reporters.JUnitXMLReporter -->
<testsuite hostname="KAD-I-032" name="insuff" tests="60" failures="2" timestamp="11 Oct 2018 11:53:13 GMT" time="1830.959" errors="0">
  <testcase name="Login" time="12.232" classname="testcasesprac.SPcasereg"/>
  <testcase name="TC_SPCR_001" time="4.442" classname="testcasesprac.SPcasereg"/>
  <testcase name="TC_SPCR_002" time="3.223" classname="testcasesprac.SPcasereg"/>
  <testcase name="TC_SPCR_003" time="0.035" classname="testcasesprac.SPcasereg"/>
  <testcase name="TC_SCPR_004" time="0.036" classname="testcasesprac.SPcasereg"/>
  <testcase name="TC_SPCR_005" time="0.035" classname="testcasesprac.SPcasereg"/>
  <testcase name="TC_SPCR_006" time="0.035" classname="testcasesprac.SPcasereg"/>
  <testcase name="TC_SPCR_007" time="0.034" classname="testcasesprac.SPcasereg"/>
  <testcase name="TC_SPCR_008" time="0.035" classname="testcasesprac.SPcasereg"/>
  <testcase name="TC_SPCR_009" time="0.037" classname="testcasesprac.SPcasereg"/>
  <testcase name="TC_SPCR_010" time="84.055" classname="testcasesprac.SPcasereg"/>
  <testcase name="TC_SPCR_011" time="89.243" classname="testcasesprac.SPcasereg"/>
  <testcase name="TC_SPCR_022" time="30.041" classname="testcasesprac.SPcasereg"/>
  <testcase name="TC_SPCR_023" time="21.454" classname="testcasesprac.SPcasereg"/>
  <testcase name="TC_SPCR_024" time="14.445" classname="testcasesprac.SPcasereg"/>
  <testcase name="TC_SPCR_025" time="33.897" classname="testcasesprac.SPcasereg"/>
  <testcase name="TC_SPCR_026" time="32.82" classname="testcasesprac.SPcasereg"/>
  <testcase name="TC_SPCR_027" time="32.281" classname="testcasesprac.SPcasereg"/>
  <testcase name="TC_SPINF_001" time="58.835" classname="testcasesprac.SPcasereg"/>
  <testcase name="TC_SPINF_002" time="164.239" classname="testcasesprac.SPcasereg"/>
  <testcase name="TC_SPINF_003" time="0.09" classname="testcasesprac.SPcasereg"/>
  <testcase name="TC_SPINF_004" time="3.653" classname="testcasesprac.SPcasereg"/>
  <testcase name="TC_SPINF_005" time="41.72" classname="testcasesprac.SPcasereg"/>
  <testcase name="TC_SPINF_006" time="42.116" classname="testcasesprac.SPcasereg"/>
  <testcase name="TC_SPINF_007" time="52.947" classname="testcasesprac.SPcasereg"/>
  <testcase name="TC_SPINF_008" time="10.362" classname="testcasesprac.SPcasereg"/>
  <testcase name="TC_SPINF_009" time="3.629" classname="testcasesprac.SPcasereg"/>
  <testcase name="TC_SPINF_010" time="50.178" classname="testcasesprac.SPcasereg"/>
  <testcase name="TC_SPINF_011" time="56.508" classname="testcasesprac.SPcasereg"/>
  <testcase name="TC_SPINF_014" time="0.044" classname="testcasesprac.SPcasereg"/>
  <testcase name="TC_SPINF_017" time="0.043" classname="testcasesprac.SPcasereg"/>
  <testcase name="TC_SPINF_020" time="0.044" classname="testcasesprac.SPcasereg"/>
  <testcase name="TC_SPINF_023" time="0.044" classname="testcasesprac.SPcasereg"/>
  <testcase name="TC_SPINF_026" time="0.081" classname="testcasesprac.SPcasereg"/>
  <testcase name="TC_SPINF_029" time="0.046" classname="testcasesprac.SPcasereg"/>
  <testcase name="TC_SPINF_032" time="0.045" classname="testcasesprac.SPcasereg"/>
  <testcase name="TC_SPINF_035" time="0.046" classname="testcasesprac.SPcasereg"/>
  <testcase name="TC_SPINF_038" time="1.506" classname="testcasesprac.SPcasereg"/>
  <testcase name="TC_SPINF_012" time="464.987" classname="testcasesprac.SPcasereg"/>
  <testcase name="TC_SPINF_015" time="23.59" classname="testcasesprac.SPcasereg"/>
  <testcase name="TC_SPINF_018" time="23.697" classname="testcasesprac.SPcasereg"/>
  <testcase name="TC_SPINF_021" time="22.652" classname="testcasesprac.SPcasereg"/>
  <testcase name="TC_SPINF_039" time="22.312" classname="testcasesprac.SPcasereg"/>
  <testcase name="TC_SPINF_027" time="21.677" classname="testcasesprac.SPcasereg"/>
  <testcase name="TC_SPINF_033" time="21.548" classname="testcasesprac.SPcasereg"/>
  <testcase name="TC_SPINF_030" time="21.705" classname="testcasesprac.SPcasereg"/>
  <testcase name="TC_SPINF_024" time="26.926" classname="testcasesprac.SPcasereg"/>
  <testcase name="TC_SPNAPP_001" time="0.044" classname="testcasesprac.SPcasereg">
    <failure type="org.openqa.selenium.ElementNotVisibleException" message="element not interactable
  (Session info: chrome=69.0.3497.100)
  (Driver info: chromedriver=2.42.591088 (7b2b2dca23cca0862f674758c9a3933e685c27d5),platform=Windows NT 6.1.7601 SP1 x86) (WARNING: The server did not provide any stacktrace information)
Command duration or timeout: 0 milliseconds
Build info: version: &amp;apos;3.12.0&amp;apos;, revision: &amp;apos;7c6e0b3&amp;apos;, time: &amp;apos;2018-05-08T14:04:26.12Z&amp;apos;
System info: host: &amp;apos;KAD-I-032&amp;apos;, ip: &amp;apos;192.168.2.67&amp;apos;, os.name: &amp;apos;Windows 7&amp;apos;, os.arch: &amp;apos;x86&amp;apos;, os.version: &amp;apos;6.1&amp;apos;, java.version: &amp;apos;1.8.0_181&amp;apos;
Driver info: org.openqa.selenium.chrome.ChromeDriver
Capabilities {acceptInsecureCerts: false, acceptSslCerts: false, applicationCacheEnabled: false, browserConnectionEnabled: false, browserName: chrome, chrome: {chromedriverVersion: 2.42.591088 (7b2b2dca23cca0..., userDataDir: C:\Users\admin\AppData\Loca...}, cssSelectorsEnabled: true, databaseEnabled: false, goog:chromeOptions: {debuggerAddress: localhost:61578}, handlesAlerts: true, hasTouchScreen: false, javascriptEnabled: true, locationContextEnabled: true, mobileEmulationEnabled: false, nativeEvents: true, networkConnectionEnabled: false, pageLoadStrategy: normal, platform: XP, platformName: XP, rotatable: false, setWindowRect: true, takesHeapSnapshot: true, takesScreenshot: true, unexpectedAlertBehaviour: , unhandledPromptBehavior: , version: 69.0.3497.100, webStorageEnabled: true}
Session ID: 7679e50b6d18133652dd7e0959079b4a">
      <![CDATA[org.openqa.selenium.ElementNotVisibleException: element not interactable
  (Session info: chrome=69.0.3497.100)
  (Driver info: chromedriver=2.42.591088 (7b2b2dca23cca0862f674758c9a3933e685c27d5),platform=Windows NT 6.1.7601 SP1 x86) (WARNING: The server did not provide any stacktrace information)
Command duration or timeout: 0 milliseconds
Build info: version: '3.12.0', revision: '7c6e0b3', time: '2018-05-08T14:04:26.12Z'
System info: host: 'KAD-I-032', ip: '192.168.2.67', os.name: 'Windows 7', os.arch: 'x86', os.version: '6.1', java.version: '1.8.0_181'
Driver info: org.openqa.selenium.chrome.ChromeDriver
Capabilities {acceptInsecureCerts: false, acceptSslCerts: false, applicationCacheEnabled: false, browserConnectionEnabled: false, browserName: chrome, chrome: {chromedriverVersion: 2.42.591088 (7b2b2dca23cca0..., userDataDir: C:\Users\admin\AppData\Loca...}, cssSelectorsEnabled: true, databaseEnabled: false, goog:chromeOptions: {debuggerAddress: localhost:61578}, handlesAlerts: true, hasTouchScreen: false, javascriptEnabled: true, locationContextEnabled: true, mobileEmulationEnabled: false, nativeEvents: true, networkConnectionEnabled: false, pageLoadStrategy: normal, platform: XP, platformName: XP, rotatable: false, setWindowRect: true, takesHeapSnapshot: true, takesScreenshot: true, unexpectedAlertBehaviour: , unhandledPromptBehavior: , version: 69.0.3497.100, webStorageEnabled: true}
Session ID: 7679e50b6d18133652dd7e0959079b4a
	at org.openqa.selenium.remote.ErrorHandler.createThrowable(ErrorHandler.java:214)
	at org.openqa.selenium.remote.ErrorHandler.throwIfResponseFailed(ErrorHandler.java:166)
	at org.openqa.selenium.remote.http.JsonHttpResponseCodec.reconstructValue(JsonHttpResponseCodec.java:40)
	at org.openqa.selenium.remote.http.AbstractHttpResponseCodec.decode(AbstractHttpResponseCodec.java:80)
	at org.openqa.selenium.remote.http.AbstractHttpResponseCodec.decode(AbstractHttpResponseCodec.java:44)
	at org.openqa.selenium.remote.HttpCommandExecutor.execute(HttpCommandExecutor.java:158)
	at org.openqa.selenium.remote.service.DriverCommandExecutor.execute(DriverCommandExecutor.java:83)
	at org.openqa.selenium.remote.RemoteWebDriver.execute(RemoteWebDriver.java:543)
	at org.openqa.selenium.remote.RemoteWebElement.execute(RemoteWebElement.java:276)
	at org.openqa.selenium.remote.RemoteWebElement.click(RemoteWebElement.java:83)
	at environment.Utill.click_element(Utill.java:206)
	at pages.Home.clickRegister(Home.java:92)
	at testcasesprac.SPcasereg.TC_SPNAPP_001(SPcasereg.java:1525)
... Removed 28 stack frames]]>
    </failure>
  </testcase> <!-- TC_SPNAPP_001 -->
  <testcase name="TC_SPCEP_001" time="65.058" classname="testcasesprac.SPcasereg"/>
  <testcase name="TC_SPCEP_002" time="19.577" classname="testcasesprac.SPcasereg"/>
  <testcase name="TC_SPCEP_003" time="110.107" classname="testcasesprac.SPcasereg"/>
  <testcase name="TC_SPCEP_004" time="0.841" classname="testcasesprac.SPcasereg"/>
  <testcase name="TC_SPDOC_001" time="44.351" classname="testcasesprac.SPcasereg"/>
  <testcase name="TC_SPDOC_002" time="10.652" classname="testcasesprac.SPcasereg"/>
  <testcase name="TC_SPDOC_003" time="10.716" classname="testcasesprac.SPcasereg"/>
  <testcase name="TC_SPDOC_004" time="21.87" classname="testcasesprac.SPcasereg"/>
  <testcase name="TC_SPDOC_005" time="30.903" classname="testcasesprac.SPcasereg">
    <failure type="org.openqa.selenium.NoSuchElementException" message="no such element: Unable to locate element: {&amp;quot;method&amp;quot;:&amp;quot;xpath&amp;quot;,&amp;quot;selector&amp;quot;:&amp;quot;html/body/div[3]/div/div/table/tbody/tr[3]/td/button[1]&amp;quot;}
  (Session info: chrome=69.0.3497.100)
  (Driver info: chromedriver=2.42.591088 (7b2b2dca23cca0862f674758c9a3933e685c27d5),platform=Windows NT 6.1.7601 SP1 x86) (WARNING: The server did not provide any stacktrace information)
Command duration or timeout: 0 milliseconds
For documentation on this error, please visit: http://seleniumhq.org/exceptions/no_such_element.html
Build info: version: &amp;apos;3.12.0&amp;apos;, revision: &amp;apos;7c6e0b3&amp;apos;, time: &amp;apos;2018-05-08T14:04:26.12Z&amp;apos;
System info: host: &amp;apos;KAD-I-032&amp;apos;, ip: &amp;apos;192.168.2.67&amp;apos;, os.name: &amp;apos;Windows 7&amp;apos;, os.arch: &amp;apos;x86&amp;apos;, os.version: &amp;apos;6.1&amp;apos;, java.version: &amp;apos;1.8.0_181&amp;apos;
Driver info: org.openqa.selenium.chrome.ChromeDriver
Capabilities {acceptInsecureCerts: false, acceptSslCerts: false, applicationCacheEnabled: false, browserConnectionEnabled: false, browserName: chrome, chrome: {chromedriverVersion: 2.42.591088 (7b2b2dca23cca0..., userDataDir: C:\Users\admin\AppData\Loca...}, cssSelectorsEnabled: true, databaseEnabled: false, goog:chromeOptions: {debuggerAddress: localhost:61578}, handlesAlerts: true, hasTouchScreen: false, javascriptEnabled: true, locationContextEnabled: true, mobileEmulationEnabled: false, nativeEvents: true, networkConnectionEnabled: false, pageLoadStrategy: normal, platform: XP, platformName: XP, rotatable: false, setWindowRect: true, takesHeapSnapshot: true, takesScreenshot: true, unexpectedAlertBehaviour: , unhandledPromptBehavior: , version: 69.0.3497.100, webStorageEnabled: true}
Session ID: 7679e50b6d18133652dd7e0959079b4a
*** Element info: {Using=xpath, value=html/body/div[3]/div/div/table/tbody/tr[3]/td/button[1]}">
      <![CDATA[org.openqa.selenium.NoSuchElementException: no such element: Unable to locate element: {"method":"xpath","selector":"html/body/div[3]/div/div/table/tbody/tr[3]/td/button[1]"}
  (Session info: chrome=69.0.3497.100)
  (Driver info: chromedriver=2.42.591088 (7b2b2dca23cca0862f674758c9a3933e685c27d5),platform=Windows NT 6.1.7601 SP1 x86) (WARNING: The server did not provide any stacktrace information)
Command duration or timeout: 0 milliseconds
For documentation on this error, please visit: http://seleniumhq.org/exceptions/no_such_element.html
Build info: version: '3.12.0', revision: '7c6e0b3', time: '2018-05-08T14:04:26.12Z'
System info: host: 'KAD-I-032', ip: '192.168.2.67', os.name: 'Windows 7', os.arch: 'x86', os.version: '6.1', java.version: '1.8.0_181'
Driver info: org.openqa.selenium.chrome.ChromeDriver
Capabilities {acceptInsecureCerts: false, acceptSslCerts: false, applicationCacheEnabled: false, browserConnectionEnabled: false, browserName: chrome, chrome: {chromedriverVersion: 2.42.591088 (7b2b2dca23cca0..., userDataDir: C:\Users\admin\AppData\Loca...}, cssSelectorsEnabled: true, databaseEnabled: false, goog:chromeOptions: {debuggerAddress: localhost:61578}, handlesAlerts: true, hasTouchScreen: false, javascriptEnabled: true, locationContextEnabled: true, mobileEmulationEnabled: false, nativeEvents: true, networkConnectionEnabled: false, pageLoadStrategy: normal, platform: XP, platformName: XP, rotatable: false, setWindowRect: true, takesHeapSnapshot: true, takesScreenshot: true, unexpectedAlertBehaviour: , unhandledPromptBehavior: , version: 69.0.3497.100, webStorageEnabled: true}
Session ID: 7679e50b6d18133652dd7e0959079b4a
*** Element info: {Using=xpath, value=html/body/div[3]/div/div/table/tbody/tr[3]/td/button[1]}
	at org.openqa.selenium.remote.ErrorHandler.createThrowable(ErrorHandler.java:214)
	at org.openqa.selenium.remote.ErrorHandler.throwIfResponseFailed(ErrorHandler.java:166)
	at org.openqa.selenium.remote.http.JsonHttpResponseCodec.reconstructValue(JsonHttpResponseCodec.java:40)
	at org.openqa.selenium.remote.http.AbstractHttpResponseCodec.decode(AbstractHttpResponseCodec.java:80)
	at org.openqa.selenium.remote.http.AbstractHttpResponseCodec.decode(AbstractHttpResponseCodec.java:44)
	at org.openqa.selenium.remote.HttpCommandExecutor.execute(HttpCommandExecutor.java:158)
	at org.openqa.selenium.remote.service.DriverCommandExecutor.execute(DriverCommandExecutor.java:83)
	at org.openqa.selenium.remote.RemoteWebDriver.execute(RemoteWebDriver.java:543)
	at org.openqa.selenium.remote.RemoteWebDriver.findElement(RemoteWebDriver.java:317)
	at org.openqa.selenium.remote.RemoteWebDriver.findElementByXPath(RemoteWebDriver.java:419)
	at org.openqa.selenium.By$ByXPath.findElement(By.java:353)
	at org.openqa.selenium.remote.RemoteWebDriver.findElement(RemoteWebDriver.java:309)
	at environment.Utill.find(Utill.java:107)
	at environment.Utill.click_element(Utill.java:206)
	at dashboard.DataEntrySupervision.assigngetnext(DataEntrySupervision.java:90)
	at testcasesprac.SPcasereg.TC_SPDOC_005(SPcasereg.java:1792)
... Removed 27 stack frames]]>
    </failure>
  </testcase> <!-- TC_SPDOC_005 -->
  <testcase name="TC_SPDOC_006" time="0.0" classname="testcasesprac.SPcasereg">
    <skipped/>
  </testcase> <!-- TC_SPDOC_006 -->
  <testcase name="TC_SPDOC_007" time="0.0" classname="testcasesprac.SPcasereg">
    <skipped/>
  </testcase> <!-- TC_SPDOC_007 -->
  <testcase name="TC_SPDOC_008" time="0.0" classname="testcasesprac.SPcasereg">
    <skipped/>
  </testcase> <!-- TC_SPDOC_008 -->
</testsuite> <!-- insuff -->
