<html>
<head>
<title>TestNG:  Test</title>
<link href="../testng.css" rel="stylesheet" type="text/css" />
<link href="../my-testng.css" rel="stylesheet" type="text/css" />

<style type="text/css">
.log { display: none;} 
.stack-trace { display: none;} 
</style>
<script type="text/javascript">
<!--
function flip(e) {
  current = e.style.display;
  if (current == 'block') {
    e.style.display = 'none';
    return 0;
  }
  else {
    e.style.display = 'block';
    return 1;
  }
}

function toggleBox(szDivId, elem, msg1, msg2)
{
  var res = -1;  if (document.getElementById) {
    res = flip(document.getElementById(szDivId));
  }
  else if (document.all) {
    // this is the way old msie versions work
    res = flip(document.all[szDivId]);
  }
  if(elem) {
    if(res == 0) elem.innerHTML = msg1; else elem.innerHTML = msg2;
  }

}

function toggleAllBoxes() {
  if (document.getElementsByTagName) {
    d = document.getElementsByTagName('div');
    for (i = 0; i < d.length; i++) {
      if (d[i].className == 'log') {
        flip(d[i]);
      }
    }
  }
}

// -->
</script>

</head>
<body>
<h2 align='center'>Test</h2><table border='1' align="center">
<tr>
<td>Tests passed/Failed/Skipped:</td><td>16/2/0</td>
</tr><tr>
<td>Started on:</td><td>Tue Sep 18 12:55:30 IST 2018</td>
</tr>
<tr><td>Total time:</td><td>625 seconds (625064 ms)</td>
</tr><tr>
<td>Included groups:</td><td></td>
</tr><tr>
<td>Excluded groups:</td><td></td>
</tr>
</table><p/>
<small><i>(Hover the method name to see the test class name)</i></small><p/>
<table width='100%' border='1' class='invocation-failed'>
<tr><td colspan='4' align='center'><b>FAILED TESTS</b></td></tr>
<tr><td><b>Test method</b></td>
<td width="30%"><b>Exception</b></td>
<td width="10%"><b>Time (seconds)</b></td>
<td><b>Instance</b></td>
</tr>
<tr>
<td title='maintest.SPcasereg.TC_SPCR_017()'><b>TC_SPCR_017</b><br>Test class: maintest.SPcasereg<br/>
<a href="#Output-16559324" onClick='toggleBox("Output-16559324", this, "Show output", "Hide output");'>Show output</a>

<a href="#Output-16559324" onClick="toggleAllBoxes();">Show all outputs</a>
<div class='log' id="Output-16559324">
Test Method resides in maintest.SPcasereg<br/>
Test Status: Failed<br/>
</div>
</td>
<td><div><pre>org.openqa.selenium.ElementNotVisibleException: element not visible
  (Session info: chrome=68.0.3440.106)
  (Driver info: chromedriver=2.40.565498 (ea082db3280dd6843ebfb08a625e3eb905c4f5ab),platform=Windows NT 6.1.7601 SP1 x86) (WARNING: The server did not provide any stacktrace information)
Command duration or timeout: 0 milliseconds
Build info: version: &apos;3.12.0&apos;, revision: &apos;7c6e0b3&apos;, time: &apos;2018-05-08T14:04:26.12Z&apos;
System info: host: &apos;KAD-I-002&apos;, ip: &apos;192.168.2.67&apos;, os.name: &apos;Windows 7&apos;, os.arch: &apos;x86&apos;, os.version: &apos;6.1&apos;, java.version: &apos;1.8.0_171&apos;
Driver info: org.openqa.selenium.chrome.ChromeDriver
Capabilities {acceptInsecureCerts: false, acceptSslCerts: false, applicationCacheEnabled: false, browserConnectionEnabled: false, browserName: chrome, chrome: {chromedriverVersion: 2.40.565498 (ea082db3280dd6..., userDataDir: C:\Users\ashwin\AppData\Loc...}, cssSelectorsEnabled: true, databaseEnabled: false, handlesAlerts: true, hasTouchScreen: false, javascriptEnabled: true, locationContextEnabled: true, mobileEmulationEnabled: false, nativeEvents: true, networkConnectionEnabled: false, pageLoadStrategy: normal, platform: XP, platformName: XP, rotatable: false, setWindowRect: true, takesHeapSnapshot: true, takesScreenshot: true, unexpectedAlertBehaviour: , unhandledPromptBehavior: , version: 68.0.3440.106, webStorageEnabled: true}
Session ID: ed591fa968125198d258a7632acb8ca1
	at org.openqa.selenium.remote.ErrorHandler.createThrowable(ErrorHandler.java:214)
	at org.openqa.selenium.remote.ErrorHandler.throwIfResponseFailed(ErrorHandler.java:166)
	at org.openqa.selenium.remote.http.JsonHttpResponseCodec.reconstructValue(JsonHttpResponseCodec.java:40)
	at org.openqa.selenium.remote.http.AbstractHttpResponseCodec.decode(AbstractHttpResponseCodec.java:80)
	at org.openqa.selenium.remote.http.AbstractHttpResponseCodec.decode(AbstractHttpResponseCodec.java:44)
	at org.openqa.selenium.remote.HttpCommandExecutor.execute(HttpCommandExecutor.java:158)
	at org.openqa.selenium.remote.service.DriverCommandExecutor.execute(DriverCommandExecutor.java:83)
	at org.openqa.selenium.remote.RemoteWebDriver.execute(RemoteWebDriver.java:543)
	at org.openqa.selenium.remote.RemoteWebElement.execute(RemoteWebElement.java:276)
	at org.openqa.selenium.remote.RemoteWebElement.click(RemoteWebElement.java:83)
	at environment.Utill.click_element(Utill.java:140)
	at pages.CaseRegistration.selectProject(CaseRegistration.java:41)
	at pages.CaseRegistration.registercase(CaseRegistration.java:257)
	at maintest.SPcasereg.TC_SPCR_017(SPcasereg.java:607)
... Removed 28 stack frames</pre></div><a href='#' onClick='toggleBox("stack-trace16559324", this, "Click to show all stack frames", "Click to hide stack frames")'>Click to show all stack frames</a>
<div class='stack-trace' id='stack-trace16559324'><pre>org.openqa.selenium.ElementNotVisibleException: element not visible
  (Session info: chrome=68.0.3440.106)
  (Driver info: chromedriver=2.40.565498 (ea082db3280dd6843ebfb08a625e3eb905c4f5ab),platform=Windows NT 6.1.7601 SP1 x86) (WARNING: The server did not provide any stacktrace information)
Command duration or timeout: 0 milliseconds
Build info: version: &apos;3.12.0&apos;, revision: &apos;7c6e0b3&apos;, time: &apos;2018-05-08T14:04:26.12Z&apos;
System info: host: &apos;KAD-I-002&apos;, ip: &apos;192.168.2.67&apos;, os.name: &apos;Windows 7&apos;, os.arch: &apos;x86&apos;, os.version: &apos;6.1&apos;, java.version: &apos;1.8.0_171&apos;
Driver info: org.openqa.selenium.chrome.ChromeDriver
Capabilities {acceptInsecureCerts: false, acceptSslCerts: false, applicationCacheEnabled: false, browserConnectionEnabled: false, browserName: chrome, chrome: {chromedriverVersion: 2.40.565498 (ea082db3280dd6..., userDataDir: C:\Users\ashwin\AppData\Loc...}, cssSelectorsEnabled: true, databaseEnabled: false, handlesAlerts: true, hasTouchScreen: false, javascriptEnabled: true, locationContextEnabled: true, mobileEmulationEnabled: false, nativeEvents: true, networkConnectionEnabled: false, pageLoadStrategy: normal, platform: XP, platformName: XP, rotatable: false, setWindowRect: true, takesHeapSnapshot: true, takesScreenshot: true, unexpectedAlertBehaviour: , unhandledPromptBehavior: , version: 68.0.3440.106, webStorageEnabled: true}
Session ID: ed591fa968125198d258a7632acb8ca1
	at sun.reflect.NativeConstructorAccessorImpl.newInstance0(Native Method)
	at sun.reflect.NativeConstructorAccessorImpl.newInstance(NativeConstructorAccessorImpl.java:62)
	at sun.reflect.DelegatingConstructorAccessorImpl.newInstance(DelegatingConstructorAccessorImpl.java:45)
	at java.lang.reflect.Constructor.newInstance(Constructor.java:423)
	at org.openqa.selenium.remote.ErrorHandler.createThrowable(ErrorHandler.java:214)
	at org.openqa.selenium.remote.ErrorHandler.throwIfResponseFailed(ErrorHandler.java:166)
	at org.openqa.selenium.remote.http.JsonHttpResponseCodec.reconstructValue(JsonHttpResponseCodec.java:40)
	at org.openqa.selenium.remote.http.AbstractHttpResponseCodec.decode(AbstractHttpResponseCodec.java:80)
	at org.openqa.selenium.remote.http.AbstractHttpResponseCodec.decode(AbstractHttpResponseCodec.java:44)
	at org.openqa.selenium.remote.HttpCommandExecutor.execute(HttpCommandExecutor.java:158)
	at org.openqa.selenium.remote.service.DriverCommandExecutor.execute(DriverCommandExecutor.java:83)
	at org.openqa.selenium.remote.RemoteWebDriver.execute(RemoteWebDriver.java:543)
	at org.openqa.selenium.remote.RemoteWebElement.execute(RemoteWebElement.java:276)
	at org.openqa.selenium.remote.RemoteWebElement.click(RemoteWebElement.java:83)
	at environment.Utill.click_element(Utill.java:140)
	at pages.CaseRegistration.selectProject(CaseRegistration.java:41)
	at pages.CaseRegistration.registercase(CaseRegistration.java:257)
	at maintest.SPcasereg.TC_SPCR_017(SPcasereg.java:607)
	at sun.reflect.NativeMethodAccessorImpl.invoke0(Native Method)
	at sun.reflect.NativeMethodAccessorImpl.invoke(NativeMethodAccessorImpl.java:62)
	at sun.reflect.DelegatingMethodAccessorImpl.invoke(DelegatingMethodAccessorImpl.java:43)
	at java.lang.reflect.Method.invoke(Method.java:498)
	at org.testng.internal.MethodInvocationHelper.invokeMethod(MethodInvocationHelper.java:80)
	at org.testng.internal.Invoker.invokeMethod(Invoker.java:714)
	at org.testng.internal.Invoker.invokeTestMethod(Invoker.java:901)
	at org.testng.internal.Invoker.invokeTestMethods(Invoker.java:1231)
	at org.testng.internal.TestMethodWorker.invokeTestMethods(TestMethodWorker.java:127)
	at org.testng.internal.TestMethodWorker.run(TestMethodWorker.java:111)
	at org.testng.TestRunner.privateRun(TestRunner.java:767)
	at org.testng.TestRunner.run(TestRunner.java:617)
	at org.testng.SuiteRunner.runTest(SuiteRunner.java:334)
	at org.testng.SuiteRunner.runSequentially(SuiteRunner.java:329)
	at org.testng.SuiteRunner.privateRun(SuiteRunner.java:291)
	at org.testng.SuiteRunner.run(SuiteRunner.java:240)
	at org.testng.SuiteRunnerWorker.runSuite(SuiteRunnerWorker.java:52)
	at org.testng.SuiteRunnerWorker.run(SuiteRunnerWorker.java:86)
	at org.testng.TestNG.runSuitesSequentially(TestNG.java:1198)
	at org.testng.TestNG.runSuitesLocally(TestNG.java:1123)
	at org.testng.TestNG.run(TestNG.java:1031)
	at org.testng.remote.AbstractRemoteTestNG.run(AbstractRemoteTestNG.java:114)
	at org.testng.remote.RemoteTestNG.initAndRun(RemoteTestNG.java:251)
	at org.testng.remote.RemoteTestNG.main(RemoteTestNG.java:77)
</pre></div></td>
<td>24</td>
<td>maintest.SPcasereg@d41cee</td></tr>
<tr>
<td title='maintest.SPcasereg.TC_SPCR_020()'><b>TC_SPCR_020</b><br>Test class: maintest.SPcasereg<br/>
<a href="#Output-6422039" onClick='toggleBox("Output-6422039", this, "Show output", "Hide output");'>Show output</a>

<a href="#Output-6422039" onClick="toggleAllBoxes();">Show all outputs</a>
<div class='log' id="Output-6422039">
Test Method resides in maintest.SPcasereg<br/>
Test Status: Failed<br/>
</div>
</td>
<td><div><pre>org.openqa.selenium.WebDriverException: unknown error: Element &lt;li class=&quot;rcbItem &quot;&gt;...&lt;/li&gt; is not clickable at point (969, 185). Other element would receive the click: &lt;input name=&quot;ctl00$ContentPlaceHolder1$ddlProject&quot; type=&quot;text&quot; class=&quot;rcbInput radPreventDecorate&quot; id=&quot;ctl00_ContentPlaceHolder1_ddlProject_Input&quot; value=&quot;Select Project&quot; readonly=&quot;readonly&quot; tabindex=&quot;2&quot; autocomplete=&quot;off&quot;&gt;
  (Session info: chrome=68.0.3440.106)
  (Driver info: chromedriver=2.40.565498 (ea082db3280dd6843ebfb08a625e3eb905c4f5ab),platform=Windows NT 6.1.7601 SP1 x86) (WARNING: The server did not provide any stacktrace information)
Command duration or timeout: 0 milliseconds
Build info: version: &apos;3.12.0&apos;, revision: &apos;7c6e0b3&apos;, time: &apos;2018-05-08T14:04:26.12Z&apos;
System info: host: &apos;KAD-I-002&apos;, ip: &apos;192.168.2.67&apos;, os.name: &apos;Windows 7&apos;, os.arch: &apos;x86&apos;, os.version: &apos;6.1&apos;, java.version: &apos;1.8.0_171&apos;
Driver info: org.openqa.selenium.chrome.ChromeDriver
Capabilities {acceptInsecureCerts: false, acceptSslCerts: false, applicationCacheEnabled: false, browserConnectionEnabled: false, browserName: chrome, chrome: {chromedriverVersion: 2.40.565498 (ea082db3280dd6..., userDataDir: C:\Users\ashwin\AppData\Loc...}, cssSelectorsEnabled: true, databaseEnabled: false, handlesAlerts: true, hasTouchScreen: false, javascriptEnabled: true, locationContextEnabled: true, mobileEmulationEnabled: false, nativeEvents: true, networkConnectionEnabled: false, pageLoadStrategy: normal, platform: XP, platformName: XP, rotatable: false, setWindowRect: true, takesHeapSnapshot: true, takesScreenshot: true, unexpectedAlertBehaviour: , unhandledPromptBehavior: , version: 68.0.3440.106, webStorageEnabled: true}
Session ID: ed591fa968125198d258a7632acb8ca1
	at org.openqa.selenium.remote.ErrorHandler.createThrowable(ErrorHandler.java:214)
	at org.openqa.selenium.remote.ErrorHandler.throwIfResponseFailed(ErrorHandler.java:166)
	at org.openqa.selenium.remote.http.JsonHttpResponseCodec.reconstructValue(JsonHttpResponseCodec.java:40)
	at org.openqa.selenium.remote.http.AbstractHttpResponseCodec.decode(AbstractHttpResponseCodec.java:80)
	at org.openqa.selenium.remote.http.AbstractHttpResponseCodec.decode(AbstractHttpResponseCodec.java:44)
	at org.openqa.selenium.remote.HttpCommandExecutor.execute(HttpCommandExecutor.java:158)
	at org.openqa.selenium.remote.service.DriverCommandExecutor.execute(DriverCommandExecutor.java:83)
	at org.openqa.selenium.remote.RemoteWebDriver.execute(RemoteWebDriver.java:543)
	at org.openqa.selenium.remote.RemoteWebElement.execute(RemoteWebElement.java:276)
	at org.openqa.selenium.remote.RemoteWebElement.click(RemoteWebElement.java:83)
	at environment.Utill.click_element(Utill.java:140)
	at pages.CaseRegistration.selectProject(CaseRegistration.java:41)
	at pages.CaseRegistration.registercase(CaseRegistration.java:257)
	at maintest.SPcasereg.TC_SPCR_020(SPcasereg.java:778)
... Removed 28 stack frames</pre></div><a href='#' onClick='toggleBox("stack-trace6422039", this, "Click to show all stack frames", "Click to hide stack frames")'>Click to show all stack frames</a>
<div class='stack-trace' id='stack-trace6422039'><pre>org.openqa.selenium.WebDriverException: unknown error: Element &lt;li class=&quot;rcbItem &quot;&gt;...&lt;/li&gt; is not clickable at point (969, 185). Other element would receive the click: &lt;input name=&quot;ctl00$ContentPlaceHolder1$ddlProject&quot; type=&quot;text&quot; class=&quot;rcbInput radPreventDecorate&quot; id=&quot;ctl00_ContentPlaceHolder1_ddlProject_Input&quot; value=&quot;Select Project&quot; readonly=&quot;readonly&quot; tabindex=&quot;2&quot; autocomplete=&quot;off&quot;&gt;
  (Session info: chrome=68.0.3440.106)
  (Driver info: chromedriver=2.40.565498 (ea082db3280dd6843ebfb08a625e3eb905c4f5ab),platform=Windows NT 6.1.7601 SP1 x86) (WARNING: The server did not provide any stacktrace information)
Command duration or timeout: 0 milliseconds
Build info: version: &apos;3.12.0&apos;, revision: &apos;7c6e0b3&apos;, time: &apos;2018-05-08T14:04:26.12Z&apos;
System info: host: &apos;KAD-I-002&apos;, ip: &apos;192.168.2.67&apos;, os.name: &apos;Windows 7&apos;, os.arch: &apos;x86&apos;, os.version: &apos;6.1&apos;, java.version: &apos;1.8.0_171&apos;
Driver info: org.openqa.selenium.chrome.ChromeDriver
Capabilities {acceptInsecureCerts: false, acceptSslCerts: false, applicationCacheEnabled: false, browserConnectionEnabled: false, browserName: chrome, chrome: {chromedriverVersion: 2.40.565498 (ea082db3280dd6..., userDataDir: C:\Users\ashwin\AppData\Loc...}, cssSelectorsEnabled: true, databaseEnabled: false, handlesAlerts: true, hasTouchScreen: false, javascriptEnabled: true, locationContextEnabled: true, mobileEmulationEnabled: false, nativeEvents: true, networkConnectionEnabled: false, pageLoadStrategy: normal, platform: XP, platformName: XP, rotatable: false, setWindowRect: true, takesHeapSnapshot: true, takesScreenshot: true, unexpectedAlertBehaviour: , unhandledPromptBehavior: , version: 68.0.3440.106, webStorageEnabled: true}
Session ID: ed591fa968125198d258a7632acb8ca1
	at sun.reflect.NativeConstructorAccessorImpl.newInstance0(Native Method)
	at sun.reflect.NativeConstructorAccessorImpl.newInstance(NativeConstructorAccessorImpl.java:62)
	at sun.reflect.DelegatingConstructorAccessorImpl.newInstance(DelegatingConstructorAccessorImpl.java:45)
	at java.lang.reflect.Constructor.newInstance(Constructor.java:423)
	at org.openqa.selenium.remote.ErrorHandler.createThrowable(ErrorHandler.java:214)
	at org.openqa.selenium.remote.ErrorHandler.throwIfResponseFailed(ErrorHandler.java:166)
	at org.openqa.selenium.remote.http.JsonHttpResponseCodec.reconstructValue(JsonHttpResponseCodec.java:40)
	at org.openqa.selenium.remote.http.AbstractHttpResponseCodec.decode(AbstractHttpResponseCodec.java:80)
	at org.openqa.selenium.remote.http.AbstractHttpResponseCodec.decode(AbstractHttpResponseCodec.java:44)
	at org.openqa.selenium.remote.HttpCommandExecutor.execute(HttpCommandExecutor.java:158)
	at org.openqa.selenium.remote.service.DriverCommandExecutor.execute(DriverCommandExecutor.java:83)
	at org.openqa.selenium.remote.RemoteWebDriver.execute(RemoteWebDriver.java:543)
	at org.openqa.selenium.remote.RemoteWebElement.execute(RemoteWebElement.java:276)
	at org.openqa.selenium.remote.RemoteWebElement.click(RemoteWebElement.java:83)
	at environment.Utill.click_element(Utill.java:140)
	at pages.CaseRegistration.selectProject(CaseRegistration.java:41)
	at pages.CaseRegistration.registercase(CaseRegistration.java:257)
	at maintest.SPcasereg.TC_SPCR_020(SPcasereg.java:778)
	at sun.reflect.NativeMethodAccessorImpl.invoke0(Native Method)
	at sun.reflect.NativeMethodAccessorImpl.invoke(NativeMethodAccessorImpl.java:62)
	at sun.reflect.DelegatingMethodAccessorImpl.invoke(DelegatingMethodAccessorImpl.java:43)
	at java.lang.reflect.Method.invoke(Method.java:498)
	at org.testng.internal.MethodInvocationHelper.invokeMethod(MethodInvocationHelper.java:80)
	at org.testng.internal.Invoker.invokeMethod(Invoker.java:714)
	at org.testng.internal.Invoker.invokeTestMethod(Invoker.java:901)
	at org.testng.internal.Invoker.invokeTestMethods(Invoker.java:1231)
	at org.testng.internal.TestMethodWorker.invokeTestMethods(TestMethodWorker.java:127)
	at org.testng.internal.TestMethodWorker.run(TestMethodWorker.java:111)
	at org.testng.TestRunner.privateRun(TestRunner.java:767)
	at org.testng.TestRunner.run(TestRunner.java:617)
	at org.testng.SuiteRunner.runTest(SuiteRunner.java:334)
	at org.testng.SuiteRunner.runSequentially(SuiteRunner.java:329)
	at org.testng.SuiteRunner.privateRun(SuiteRunner.java:291)
	at org.testng.SuiteRunner.run(SuiteRunner.java:240)
	at org.testng.SuiteRunnerWorker.runSuite(SuiteRunnerWorker.java:52)
	at org.testng.SuiteRunnerWorker.run(SuiteRunnerWorker.java:86)
	at org.testng.TestNG.runSuitesSequentially(TestNG.java:1198)
	at org.testng.TestNG.runSuitesLocally(TestNG.java:1123)
	at org.testng.TestNG.run(TestNG.java:1031)
	at org.testng.remote.AbstractRemoteTestNG.run(AbstractRemoteTestNG.java:114)
	at org.testng.remote.RemoteTestNG.initAndRun(RemoteTestNG.java:251)
	at org.testng.remote.RemoteTestNG.main(RemoteTestNG.java:77)
</pre></div></td>
<td>23</td>
<td>maintest.SPcasereg@d41cee</td></tr>
</table><p>
<table width='100%' border='1' class='invocation-passed'>
<tr><td colspan='4' align='center'><b>PASSED TESTS</b></td></tr>
<tr><td><b>Test method</b></td>
<td width="30%"><b>Exception</b></td>
<td width="10%"><b>Time (seconds)</b></td>
<td><b>Instance</b></td>
</tr>
<tr>
<td title='maintest.SPcasereg.Login()'><b>Login</b><br>Test class: maintest.SPcasereg<br/>
<a href="#Output-9269147" onClick='toggleBox("Output-9269147", this, "Show output", "Hide output");'>Show output</a>

<a href="#Output-9269147" onClick="toggleAllBoxes();">Show all outputs</a>
<div class='log' id="Output-9269147">
Test Method resides in maintest.SPcasereg<br/>
Test Status: Pass<br/>
</div>
</td>
<td></td>
<td>10</td>
<td>maintest.SPcasereg@d41cee</td></tr>
<tr>
<td title='maintest.SPcasereg.TC_SPCR_001()'><b>TC_SPCR_001</b><br>Test class: maintest.SPcasereg<br/>
<a href="#Output-22475485" onClick='toggleBox("Output-22475485", this, "Show output", "Hide output");'>Show output</a>

<a href="#Output-22475485" onClick="toggleAllBoxes();">Show all outputs</a>
<div class='log' id="Output-22475485">
Test Method resides in maintest.SPcasereg<br/>
Test Status: Pass<br/>
</div>
</td>
<td></td>
<td>0</td>
<td>maintest.SPcasereg@d41cee</td></tr>
<tr>
<td title='maintest.SPcasereg.TC_SPCR_002()'><b>TC_SPCR_002</b><br>Test class: maintest.SPcasereg<br/>
<a href="#Output-19086118" onClick='toggleBox("Output-19086118", this, "Show output", "Hide output");'>Show output</a>

<a href="#Output-19086118" onClick="toggleAllBoxes();">Show all outputs</a>
<div class='log' id="Output-19086118">
Test Method resides in maintest.SPcasereg<br/>
Test Status: Pass<br/>
</div>
</td>
<td></td>
<td>3</td>
<td>maintest.SPcasereg@d41cee</td></tr>
<tr>
<td title='maintest.SPcasereg.TC_SPCR_003()'><b>TC_SPCR_003</b><br>Test class: maintest.SPcasereg<br/>
<a href="#Output-1653885" onClick='toggleBox("Output-1653885", this, "Show output", "Hide output");'>Show output</a>

<a href="#Output-1653885" onClick="toggleAllBoxes();">Show all outputs</a>
<div class='log' id="Output-1653885">
Test Method resides in maintest.SPcasereg<br/>
Test Status: Pass<br/>
</div>
</td>
<td></td>
<td>0</td>
<td>maintest.SPcasereg@d41cee</td></tr>
<tr>
<td title='maintest.SPcasereg.TC_SPCR_004()'><b>TC_SPCR_004</b><br>Test class: maintest.SPcasereg<br/>
<a href="#Output-8271025" onClick='toggleBox("Output-8271025", this, "Show output", "Hide output");'>Show output</a>

<a href="#Output-8271025" onClick="toggleAllBoxes();">Show all outputs</a>
<div class='log' id="Output-8271025">
Test Method resides in maintest.SPcasereg<br/>
Test Status: Pass<br/>
</div>
</td>
<td></td>
<td>0</td>
<td>maintest.SPcasereg@d41cee</td></tr>
<tr>
<td title='maintest.SPcasereg.TC_SPCR_005()'><b>TC_SPCR_005</b><br>Test class: maintest.SPcasereg<br/>
<a href="#Output-9470851" onClick='toggleBox("Output-9470851", this, "Show output", "Hide output");'>Show output</a>

<a href="#Output-9470851" onClick="toggleAllBoxes();">Show all outputs</a>
<div class='log' id="Output-9470851">
Test Method resides in maintest.SPcasereg<br/>
Test Status: Pass<br/>
</div>
</td>
<td></td>
<td>0</td>
<td>maintest.SPcasereg@d41cee</td></tr>
<tr>
<td title='maintest.SPcasereg.TC_SPCR_006()'><b>TC_SPCR_006</b><br>Test class: maintest.SPcasereg<br/>
<a href="#Output-24706481" onClick='toggleBox("Output-24706481", this, "Show output", "Hide output");'>Show output</a>

<a href="#Output-24706481" onClick="toggleAllBoxes();">Show all outputs</a>
<div class='log' id="Output-24706481">
Test Method resides in maintest.SPcasereg<br/>
Test Status: Pass<br/>
</div>
</td>
<td></td>
<td>0</td>
<td>maintest.SPcasereg@d41cee</td></tr>
<tr>
<td title='maintest.SPcasereg.TC_SPCR_007()'><b>TC_SPCR_007</b><br>Test class: maintest.SPcasereg<br/>
<a href="#Output-26725407" onClick='toggleBox("Output-26725407", this, "Show output", "Hide output");'>Show output</a>

<a href="#Output-26725407" onClick="toggleAllBoxes();">Show all outputs</a>
<div class='log' id="Output-26725407">
Test Method resides in maintest.SPcasereg<br/>
Test Status: Pass<br/>
</div>
</td>
<td></td>
<td>0</td>
<td>maintest.SPcasereg@d41cee</td></tr>
<tr>
<td title='maintest.SPcasereg.TC_SPCR_008()'><b>TC_SPCR_008</b><br>Test class: maintest.SPcasereg<br/>
<a href="#Output-1383365" onClick='toggleBox("Output-1383365", this, "Show output", "Hide output");'>Show output</a>

<a href="#Output-1383365" onClick="toggleAllBoxes();">Show all outputs</a>
<div class='log' id="Output-1383365">
Test Method resides in maintest.SPcasereg<br/>
Test Status: Pass<br/>
</div>
</td>
<td></td>
<td>0</td>
<td>maintest.SPcasereg@d41cee</td></tr>
<tr>
<td title='maintest.SPcasereg.TC_SPCR_009()'><b>TC_SPCR_009</b><br>Test class: maintest.SPcasereg<br/>
<a href="#Output-22601405" onClick='toggleBox("Output-22601405", this, "Show output", "Hide output");'>Show output</a>

<a href="#Output-22601405" onClick="toggleAllBoxes();">Show all outputs</a>
<div class='log' id="Output-22601405">
Test Method resides in maintest.SPcasereg<br/>
Test Status: Pass<br/>
</div>
</td>
<td></td>
<td>0</td>
<td>maintest.SPcasereg@d41cee</td></tr>
<tr>
<td title='maintest.SPcasereg.TC_SPCR_010()'><b>TC_SPCR_010</b><br>Test class: maintest.SPcasereg<br/>
<a href="#Output-29685742" onClick='toggleBox("Output-29685742", this, "Show output", "Hide output");'>Show output</a>

<a href="#Output-29685742" onClick="toggleAllBoxes();">Show all outputs</a>
<div class='log' id="Output-29685742">
Test Method resides in maintest.SPcasereg<br/>
Test Status: Pass<br/>
</div>
</td>
<td></td>
<td>73</td>
<td>maintest.SPcasereg@d41cee</td></tr>
<tr>
<td title='maintest.SPcasereg.TC_SPCR_011()'><b>TC_SPCR_011</b><br>Test class: maintest.SPcasereg<br/>
<a href="#Output-12388450" onClick='toggleBox("Output-12388450", this, "Show output", "Hide output");'>Show output</a>

<a href="#Output-12388450" onClick="toggleAllBoxes();">Show all outputs</a>
<div class='log' id="Output-12388450">
Test Method resides in maintest.SPcasereg<br/>
Test Status: Pass<br/>
</div>
</td>
<td></td>
<td>97</td>
<td>maintest.SPcasereg@d41cee</td></tr>
<tr>
<td title='maintest.SPcasereg.TC_SPCR_016()'><b>TC_SPCR_016</b><br>Test class: maintest.SPcasereg<br/>
<a href="#Output-5499822" onClick='toggleBox("Output-5499822", this, "Show output", "Hide output");'>Show output</a>

<a href="#Output-5499822" onClick="toggleAllBoxes();">Show all outputs</a>
<div class='log' id="Output-5499822">
Test Method resides in maintest.SPcasereg<br/>
Test Status: Pass<br/>
</div>
</td>
<td></td>
<td>71</td>
<td>maintest.SPcasereg@d41cee</td></tr>
<tr>
<td title='maintest.SPcasereg.TC_SPCR_018()'><b>TC_SPCR_018</b><br>Test class: maintest.SPcasereg<br/>
<a href="#Output-10975293" onClick='toggleBox("Output-10975293", this, "Show output", "Hide output");'>Show output</a>

<a href="#Output-10975293" onClick="toggleAllBoxes();">Show all outputs</a>
<div class='log' id="Output-10975293">
Test Method resides in maintest.SPcasereg<br/>
Test Status: Pass<br/>
</div>
</td>
<td></td>
<td>99</td>
<td>maintest.SPcasereg@d41cee</td></tr>
<tr>
<td title='maintest.SPcasereg.TC_SPCR_019()'><b>TC_SPCR_019</b><br>Test class: maintest.SPcasereg<br/>
<a href="#Output-20629627" onClick='toggleBox("Output-20629627", this, "Show output", "Hide output");'>Show output</a>

<a href="#Output-20629627" onClick="toggleAllBoxes();">Show all outputs</a>
<div class='log' id="Output-20629627">
Test Method resides in maintest.SPcasereg<br/>
Test Status: Pass<br/>
</div>
</td>
<td></td>
<td>130</td>
<td>maintest.SPcasereg@d41cee</td></tr>
<tr>
<td title='maintest.SPcasereg.TC_SPCR_021()'><b>TC_SPCR_021</b><br>Test class: maintest.SPcasereg<br/>
<a href="#Output-12926729" onClick='toggleBox("Output-12926729", this, "Show output", "Hide output");'>Show output</a>

<a href="#Output-12926729" onClick="toggleAllBoxes();">Show all outputs</a>
<div class='log' id="Output-12926729">
Test Method resides in maintest.SPcasereg<br/>
Test Status: Pass<br/>
</div>
</td>
<td></td>
<td>72</td>
<td>maintest.SPcasereg@d41cee</td></tr>
</table><p>
</body>
</html>