<?xml version="1.0" encoding="UTF-8"?>
<!-- Generated by org.testng.reporters.JUnitXMLReporter -->
<testsuite hostname="KAD-I-032" ignored="1" name="FullFlow" tests="40" failures="2" timestamp="15 Nov 2018 11:52:24 GMT" time="2460.075" errors="0">
  <testcase name="login" time="7.309" classname="maintest.ClientCaseReg"/>
  <testcase name="caseregistration" time="104.668" classname="maintest.ClientCaseReg"/>
  <testcase name="dataEntryAssign" time="60.109" classname="maintest.ClientCaseReg"/>
  <testcase name="dataEntry" time="483.022" classname="maintest.ClientCaseReg"/>
  <testcase name="dataEntryQCAssign" time="54.426" classname="maintest.ClientCaseReg"/>
  <testcase name="AddressDEQC" time="34.43" classname="maintest.ClientCaseReg"/>
  <testcase name="EducationDEQC" time="28.725" classname="maintest.ClientCaseReg"/>
  <testcase name="EmploymentDEQC" time="27.778" classname="maintest.ClientCaseReg"/>
  <testcase name="ReferenceDEQC" time="13.334" classname="maintest.ClientCaseReg"/>
  <testcase name="DataBaseDEQC" time="13.32" classname="maintest.ClientCaseReg"/>
  <testcase name="CriminalDEQC" time="31.586" classname="maintest.ClientCaseReg"/>
  <testcase name="CreditDEQC" time="11.96" classname="maintest.ClientCaseReg"/>
  <testcase name="CourtDEQC" time="31.42" classname="maintest.ClientCaseReg"/>
  <testcase name="IdDEQC" time="27.257" classname="maintest.ClientCaseReg"/>
  <testcase name="VerificationSupervisor" time="34.397" classname="maintest.ClientCaseReg"/>
  <testcase name="VerificationIntiation" time="502.29" classname="maintest.ClientCaseReg"/>
  <testcase name="AddressVerification" time="165.529" classname="maintest.ClientCaseReg"/>
  <testcase name="EducationVerification" time="107.022" classname="maintest.ClientCaseReg"/>
  <testcase name="EmploymentVerification" time="89.016" classname="maintest.ClientCaseReg">
    <failure type="org.openqa.selenium.TimeoutException" message="Expected condition failed: waiting for presence of element located by: By.xpath: //span[text()=&amp;apos;OK&amp;apos;] (tried for 50 second(s) with 500 milliseconds interval)">
      <![CDATA[org.openqa.selenium.TimeoutException: Expected condition failed: waiting for presence of element located by: By.xpath: //span[text()='OK'] (tried for 50 second(s) with 500 milliseconds interval)
at org.openqa.selenium.support.ui.WebDriverWait.timeoutException(WebDriverWait.java:113)
at org.openqa.selenium.support.ui.FluentWait.until(FluentWait.java:283)
at environment.Utill.confirmAlert(Utill.java:983)
at verification.Employment.submit(Employment.java:34)
at verification.Employment.Verification(Employment.java:171)
at maintest.ClientCaseReg.EmploymentVerification(ClientCaseReg.java:438)
Caused by: org.openqa.selenium.NoSuchElementException: Cannot locate an element using By.xpath: //span[text()='OK']
For documentation on this error, please visit: http://seleniumhq.org/exceptions/no_such_element.html
Build info: version: '3.14.0', revision: 'aacccce0', time: '2018-08-02T20:19:58.91Z'
System info: host: 'KAD-I-032', ip: '192.168.2.67', os.name: 'Windows 7', os.arch: 'x86', os.version: '6.1', java.version: '1.8.0_191'
Driver info: driver.version: unknown
at org.openqa.selenium.support.ui.ExpectedConditions.lambda$findElement$0(ExpectedConditions.java:896)
at java.util.Optional.orElseThrow(Unknown Source)
at org.openqa.selenium.support.ui.ExpectedConditions.findElement(ExpectedConditions.java:895)
at org.openqa.selenium.support.ui.ExpectedConditions.access$000(ExpectedConditions.java:44)
at org.openqa.selenium.support.ui.ExpectedConditions$6.apply(ExpectedConditions.java:183)
at org.openqa.selenium.support.ui.ExpectedConditions$6.apply(ExpectedConditions.java:180)
at org.openqa.selenium.support.ui.FluentWait.until(FluentWait.java:260)
... 29 more
... Removed 25 stack frames]]>
    </failure>
  </testcase> <!-- EmploymentVerification -->
  <testcase name="ReferenceVerification" time="54.426" classname="maintest.ClientCaseReg"/>
  <testcase name="DatabaseVerification" time="69.753" classname="maintest.ClientCaseReg"/>
  <testcase name="CriminalVerification" time="96.035" classname="maintest.ClientCaseReg"/>
  <testcase name="CreditVerification" time="52.76" classname="maintest.ClientCaseReg"/>
  <testcase name="CourtVerification" time="106.857" classname="maintest.ClientCaseReg"/>
  <testcase name="IDVerification" time="89.557" classname="maintest.ClientCaseReg"/>
  <testcase name="DrugVerification" time="66.36" classname="maintest.ClientCaseReg"/>
  <testcase name="ReportGenerationSupervision" time="63.478" classname="maintest.ClientCaseReg">
    <failure type="java.lang.AssertionError" message="The following asserts failed:
	expected [Report Generation Pending] but found [After Verification Initiation],
	expected [Report Generation Pending] but found [After Verification Initiation]">
      <![CDATA[java.lang.AssertionError: The following asserts failed:
expected [Report Generation Pending] but found [After Verification Initiation],
expected [Report Generation Pending] but found [After Verification Initiation]
at maintest.ClientCaseReg.ReportGenerationSupervision(ClientCaseReg.java:548)
... Removed 26 stack frames]]>
    </failure>
  </testcase> <!-- ReportGenerationSupervision -->
  <testcase name="AddressReportGeneration" time="0.0" classname="maintest.ClientCaseReg">
    <skipped/>
  </testcase> <!-- AddressReportGeneration -->
  <testcase name="EducationReportGeneration" time="0.0" classname="maintest.ClientCaseReg">
    <skipped/>
  </testcase> <!-- EducationReportGeneration -->
  <testcase name="EmploymentReportGeneration" time="0.0" classname="maintest.ClientCaseReg">
    <skipped/>
  </testcase> <!-- EmploymentReportGeneration -->
  <testcase name="ReferenceReportGeneration" time="0.0" classname="maintest.ClientCaseReg">
    <skipped/>
  </testcase> <!-- ReferenceReportGeneration -->
  <testcase name="DatabaseReportGeneration" time="0.0" classname="maintest.ClientCaseReg">
    <skipped/>
  </testcase> <!-- DatabaseReportGeneration -->
  <testcase name="CriminalReportGeneration" time="0.0" classname="maintest.ClientCaseReg">
    <skipped/>
  </testcase> <!-- CriminalReportGeneration -->
  <testcase name="CreditReportGeneration" time="0.0" classname="maintest.ClientCaseReg">
    <skipped/>
  </testcase> <!-- CreditReportGeneration -->
  <testcase name="CourtReportGeneration" time="0.0" classname="maintest.ClientCaseReg">
    <skipped/>
  </testcase> <!-- CourtReportGeneration -->
  <testcase name="DrugReportGeneration" time="0.0" classname="maintest.ClientCaseReg">
    <skipped/>
  </testcase> <!-- DrugReportGeneration -->
  <testcase name="IdReportGeneration" time="0.0" classname="maintest.ClientCaseReg">
    <skipped/>
  </testcase> <!-- IdReportGeneration -->
  <testcase name="ReportGenerationSubmit" time="0.0" classname="maintest.ClientCaseReg">
    <skipped/>
  </testcase> <!-- ReportGenerationSubmit -->
  <testcase name="ReportValidationSupervisor" time="0.0" classname="maintest.ClientCaseReg">
    <skipped/>
  </testcase> <!-- ReportValidationSupervisor -->
  <testcase name="ReportValidation" time="0.0" classname="maintest.ClientCaseReg">
    <skipped/>
  </testcase> <!-- ReportValidation -->
  <testcase name="readPdfIndex" time="0.0" classname="maintest.ClientCaseReg">
    <ignored/>
  </testcase> <!-- readPdfIndex -->
</testsuite> <!-- FullFlow -->
