<html>
<head>
<title>TestNG:  FullFlow</title>
<link href="../testng.css" rel="stylesheet" type="text/css" />
<link href="../my-testng.css" rel="stylesheet" type="text/css" />

<style type="text/css">
.log { display: none;} 
.stack-trace { display: none;} 
</style>
<script type="text/javascript">
<!--
function flip(e) {
  current = e.style.display;
  if (current == 'block') {
    e.style.display = 'none';
    return 0;
  }
  else {
    e.style.display = 'block';
    return 1;
  }
}

function toggleBox(szDivId, elem, msg1, msg2)
{
  var res = -1;  if (document.getElementById) {
    res = flip(document.getElementById(szDivId));
  }
  else if (document.all) {
    // this is the way old msie versions work
    res = flip(document.all[szDivId]);
  }
  if(elem) {
    if(res == 0) elem.innerHTML = msg1; else elem.innerHTML = msg2;
  }

}

function toggleAllBoxes() {
  if (document.getElementsByTagName) {
    d = document.getElementsByTagName('div');
    for (i = 0; i < d.length; i++) {
      if (d[i].className == 'log') {
        flip(d[i]);
      }
    }
  }
}

// -->
</script>

</head>
<body>
<h2 align='center'>FullFlow</h2><table border='1' align="center">
<tr>
<td>Tests passed/Failed/Skipped:</td><td>25/2/13</td>
</tr><tr>
<td>Started on:</td><td>Thu Nov 15 16:41:23 IST 2018</td>
</tr>
<tr><td>Total time:</td><td>2460 seconds (2460075 ms)</td>
</tr><tr>
<td>Included groups:</td><td></td>
</tr><tr>
<td>Excluded groups:</td><td></td>
</tr>
</table><p/>
<small><i>(Hover the method name to see the test class name)</i></small><p/>
<table width='100%' border='1' class='invocation-failed'>
<tr><td colspan='4' align='center'><b>FAILED TESTS</b></td></tr>
<tr><td><b>Test method</b></td>
<td width="30%"><b>Exception</b></td>
<td width="10%"><b>Time (seconds)</b></td>
<td><b>Instance</b></td>
</tr>
<tr>
<td title='maintest.ClientCaseReg.EmploymentVerification()'><b>EmploymentVerification</b><br>Test class: maintest.ClientCaseReg<br/>
<a href="#Output-23705869" onClick='toggleBox("Output-23705869", this, "Show output", "Hide output");'>Show output</a>

<a href="#Output-23705869" onClick="toggleAllBoxes();">Show all outputs</a>
<div class='log' id="Output-23705869">
Test Method resides in maintest.ClientCaseReg<br/>
Test Status: Failed<br/>
</div>
</td>
<td><div><pre>org.openqa.selenium.TimeoutException: Expected condition failed: waiting for presence of element located by: By.xpath: //span[text()=&apos;OK&apos;] (tried for 50 second(s) with 500 milliseconds interval)
	at org.openqa.selenium.support.ui.WebDriverWait.timeoutException(WebDriverWait.java:113)
	at org.openqa.selenium.support.ui.FluentWait.until(FluentWait.java:283)
	at environment.Utill.confirmAlert(Utill.java:983)
	at verification.Employment.submit(Employment.java:34)
	at verification.Employment.Verification(Employment.java:171)
	at maintest.ClientCaseReg.EmploymentVerification(ClientCaseReg.java:438)
Caused by: org.openqa.selenium.NoSuchElementException: Cannot locate an element using By.xpath: //span[text()=&apos;OK&apos;]
For documentation on this error, please visit: http://seleniumhq.org/exceptions/no_such_element.html
Build info: version: &apos;3.14.0&apos;, revision: &apos;aacccce0&apos;, time: &apos;2018-08-02T20:19:58.91Z&apos;
System info: host: &apos;KAD-I-032&apos;, ip: &apos;192.168.2.67&apos;, os.name: &apos;Windows 7&apos;, os.arch: &apos;x86&apos;, os.version: &apos;6.1&apos;, java.version: &apos;1.8.0_191&apos;
Driver info: driver.version: unknown
	at org.openqa.selenium.support.ui.ExpectedConditions.lambda$findElement$0(ExpectedConditions.java:896)
	at java.util.Optional.orElseThrow(Unknown Source)
	at org.openqa.selenium.support.ui.ExpectedConditions.findElement(ExpectedConditions.java:895)
	at org.openqa.selenium.support.ui.ExpectedConditions.access$000(ExpectedConditions.java:44)
	at org.openqa.selenium.support.ui.ExpectedConditions$6.apply(ExpectedConditions.java:183)
	at org.openqa.selenium.support.ui.ExpectedConditions$6.apply(ExpectedConditions.java:180)
	at org.openqa.selenium.support.ui.FluentWait.until(FluentWait.java:260)
	... 29 more
... Removed 25 stack frames</pre></div><a href='#' onClick='toggleBox("stack-trace23705869", this, "Click to show all stack frames", "Click to hide stack frames")'>Click to show all stack frames</a>
<div class='stack-trace' id='stack-trace23705869'><pre>org.openqa.selenium.TimeoutException: Expected condition failed: waiting for presence of element located by: By.xpath: //span[text()=&apos;OK&apos;] (tried for 50 second(s) with 500 milliseconds interval)
	at org.openqa.selenium.support.ui.WebDriverWait.timeoutException(WebDriverWait.java:113)
	at org.openqa.selenium.support.ui.FluentWait.until(FluentWait.java:283)
	at environment.Utill.confirmAlert(Utill.java:983)
	at verification.Employment.submit(Employment.java:34)
	at verification.Employment.Verification(Employment.java:171)
	at maintest.ClientCaseReg.EmploymentVerification(ClientCaseReg.java:438)
	at sun.reflect.NativeMethodAccessorImpl.invoke0(Native Method)
	at sun.reflect.NativeMethodAccessorImpl.invoke(Unknown Source)
	at sun.reflect.DelegatingMethodAccessorImpl.invoke(Unknown Source)
	at java.lang.reflect.Method.invoke(Unknown Source)
	at org.testng.internal.MethodInvocationHelper.invokeMethod(MethodInvocationHelper.java:124)
	at org.testng.internal.Invoker.invokeMethod(Invoker.java:580)
	at org.testng.internal.Invoker.invokeTestMethod(Invoker.java:716)
	at org.testng.internal.Invoker.invokeTestMethods(Invoker.java:988)
	at org.testng.internal.TestMethodWorker.invokeTestMethods(TestMethodWorker.java:125)
	at org.testng.internal.TestMethodWorker.run(TestMethodWorker.java:109)
	at org.testng.TestRunner.privateRun(TestRunner.java:648)
	at org.testng.TestRunner.run(TestRunner.java:505)
	at org.testng.SuiteRunner.runTest(SuiteRunner.java:455)
	at org.testng.SuiteRunner.runSequentially(SuiteRunner.java:450)
	at org.testng.SuiteRunner.privateRun(SuiteRunner.java:415)
	at org.testng.SuiteRunner.run(SuiteRunner.java:364)
	at org.testng.SuiteRunnerWorker.runSuite(SuiteRunnerWorker.java:52)
	at org.testng.SuiteRunnerWorker.run(SuiteRunnerWorker.java:84)
	at org.testng.TestNG.runSuitesSequentially(TestNG.java:1208)
	at org.testng.TestNG.runSuitesLocally(TestNG.java:1137)
	at org.testng.TestNG.runSuites(TestNG.java:1049)
	at org.testng.TestNG.run(TestNG.java:1017)
	at org.testng.remote.AbstractRemoteTestNG.run(AbstractRemoteTestNG.java:114)
	at org.testng.remote.RemoteTestNG.initAndRun(RemoteTestNG.java:251)
	at org.testng.remote.RemoteTestNG.main(RemoteTestNG.java:77)
Caused by: org.openqa.selenium.NoSuchElementException: Cannot locate an element using By.xpath: //span[text()=&apos;OK&apos;]
For documentation on this error, please visit: http://seleniumhq.org/exceptions/no_such_element.html
Build info: version: &apos;3.14.0&apos;, revision: &apos;aacccce0&apos;, time: &apos;2018-08-02T20:19:58.91Z&apos;
System info: host: &apos;KAD-I-032&apos;, ip: &apos;192.168.2.67&apos;, os.name: &apos;Windows 7&apos;, os.arch: &apos;x86&apos;, os.version: &apos;6.1&apos;, java.version: &apos;1.8.0_191&apos;
Driver info: driver.version: unknown
	at org.openqa.selenium.support.ui.ExpectedConditions.lambda$findElement$0(ExpectedConditions.java:896)
	at java.util.Optional.orElseThrow(Unknown Source)
	at org.openqa.selenium.support.ui.ExpectedConditions.findElement(ExpectedConditions.java:895)
	at org.openqa.selenium.support.ui.ExpectedConditions.access$000(ExpectedConditions.java:44)
	at org.openqa.selenium.support.ui.ExpectedConditions$6.apply(ExpectedConditions.java:183)
	at org.openqa.selenium.support.ui.ExpectedConditions$6.apply(ExpectedConditions.java:180)
	at org.openqa.selenium.support.ui.FluentWait.until(FluentWait.java:260)
	... 29 more
</pre></div></td>
<td>89</td>
<td>maintest.ClientCaseReg@f777e8</td></tr>
<tr>
<td title='maintest.ClientCaseReg.ReportGenerationSupervision()'><b>ReportGenerationSupervision</b><br>Test class: maintest.ClientCaseReg<br/>
<a href="#Output-26424800" onClick='toggleBox("Output-26424800", this, "Show output", "Hide output");'>Show output</a>

<a href="#Output-26424800" onClick="toggleAllBoxes();">Show all outputs</a>
<div class='log' id="Output-26424800">
Test Method resides in maintest.ClientCaseReg<br/>
Test Status: Failed<br/>
</div>
</td>
<td><div><pre>java.lang.AssertionError: The following asserts failed:
	expected [Report Generation Pending] but found [After Verification Initiation],
	expected [Report Generation Pending] but found [After Verification Initiation]
	at maintest.ClientCaseReg.ReportGenerationSupervision(ClientCaseReg.java:548)
... Removed 26 stack frames</pre></div><a href='#' onClick='toggleBox("stack-trace26424800", this, "Click to show all stack frames", "Click to hide stack frames")'>Click to show all stack frames</a>
<div class='stack-trace' id='stack-trace26424800'><pre>java.lang.AssertionError: The following asserts failed:
	expected [Report Generation Pending] but found [After Verification Initiation],
	expected [Report Generation Pending] but found [After Verification Initiation]
	at org.testng.asserts.SoftAssert.assertAll(SoftAssert.java:43)
	at maintest.ClientCaseReg.ReportGenerationSupervision(ClientCaseReg.java:548)
	at sun.reflect.NativeMethodAccessorImpl.invoke0(Native Method)
	at sun.reflect.NativeMethodAccessorImpl.invoke(Unknown Source)
	at sun.reflect.DelegatingMethodAccessorImpl.invoke(Unknown Source)
	at java.lang.reflect.Method.invoke(Unknown Source)
	at org.testng.internal.MethodInvocationHelper.invokeMethod(MethodInvocationHelper.java:124)
	at org.testng.internal.Invoker.invokeMethod(Invoker.java:580)
	at org.testng.internal.Invoker.invokeTestMethod(Invoker.java:716)
	at org.testng.internal.Invoker.invokeTestMethods(Invoker.java:988)
	at org.testng.internal.TestMethodWorker.invokeTestMethods(TestMethodWorker.java:125)
	at org.testng.internal.TestMethodWorker.run(TestMethodWorker.java:109)
	at org.testng.TestRunner.privateRun(TestRunner.java:648)
	at org.testng.TestRunner.run(TestRunner.java:505)
	at org.testng.SuiteRunner.runTest(SuiteRunner.java:455)
	at org.testng.SuiteRunner.runSequentially(SuiteRunner.java:450)
	at org.testng.SuiteRunner.privateRun(SuiteRunner.java:415)
	at org.testng.SuiteRunner.run(SuiteRunner.java:364)
	at org.testng.SuiteRunnerWorker.runSuite(SuiteRunnerWorker.java:52)
	at org.testng.SuiteRunnerWorker.run(SuiteRunnerWorker.java:84)
	at org.testng.TestNG.runSuitesSequentially(TestNG.java:1208)
	at org.testng.TestNG.runSuitesLocally(TestNG.java:1137)
	at org.testng.TestNG.runSuites(TestNG.java:1049)
	at org.testng.TestNG.run(TestNG.java:1017)
	at org.testng.remote.AbstractRemoteTestNG.run(AbstractRemoteTestNG.java:114)
	at org.testng.remote.RemoteTestNG.initAndRun(RemoteTestNG.java:251)
	at org.testng.remote.RemoteTestNG.main(RemoteTestNG.java:77)
</pre></div></td>
<td>63</td>
<td>maintest.ClientCaseReg@f777e8</td></tr>
</table><p>
<table width='100%' border='1' class='invocation-passed'>
<tr><td colspan='4' align='center'><b>PASSED TESTS</b></td></tr>
<tr><td><b>Test method</b></td>
<td width="30%"><b>Exception</b></td>
<td width="10%"><b>Time (seconds)</b></td>
<td><b>Instance</b></td>
</tr>
<tr>
<td title='maintest.ClientCaseReg.AddressDEQC()'><b>AddressDEQC</b><br>Test class: maintest.ClientCaseReg<br/>
<a href="#Output-8374734" onClick='toggleBox("Output-8374734", this, "Show output", "Hide output");'>Show output</a>

<a href="#Output-8374734" onClick="toggleAllBoxes();">Show all outputs</a>
<div class='log' id="Output-8374734">
Test Method resides in maintest.ClientCaseReg<br/>
Test Status: Pass<br/>
</div>
</td>
<td></td>
<td>34</td>
<td>maintest.ClientCaseReg@f777e8</td></tr>
<tr>
<td title='maintest.ClientCaseReg.AddressVerification()'><b>AddressVerification</b><br>Test class: maintest.ClientCaseReg<br/>
<a href="#Output-30079354" onClick='toggleBox("Output-30079354", this, "Show output", "Hide output");'>Show output</a>

<a href="#Output-30079354" onClick="toggleAllBoxes();">Show all outputs</a>
<div class='log' id="Output-30079354">
Test Method resides in maintest.ClientCaseReg<br/>
Test Status: Pass<br/>
</div>
</td>
<td></td>
<td>165</td>
<td>maintest.ClientCaseReg@f777e8</td></tr>
<tr>
<td title='maintest.ClientCaseReg.CourtDEQC()'><b>CourtDEQC</b><br>Test class: maintest.ClientCaseReg<br/>
<a href="#Output-2356432" onClick='toggleBox("Output-2356432", this, "Show output", "Hide output");'>Show output</a>

<a href="#Output-2356432" onClick="toggleAllBoxes();">Show all outputs</a>
<div class='log' id="Output-2356432">
Test Method resides in maintest.ClientCaseReg<br/>
Test Status: Pass<br/>
</div>
</td>
<td></td>
<td>31</td>
<td>maintest.ClientCaseReg@f777e8</td></tr>
<tr>
<td title='maintest.ClientCaseReg.CourtVerification()'><b>CourtVerification</b><br>Test class: maintest.ClientCaseReg<br/>
<a href="#Output-23335026" onClick='toggleBox("Output-23335026", this, "Show output", "Hide output");'>Show output</a>

<a href="#Output-23335026" onClick="toggleAllBoxes();">Show all outputs</a>
<div class='log' id="Output-23335026">
Test Method resides in maintest.ClientCaseReg<br/>
Test Status: Pass<br/>
</div>
</td>
<td></td>
<td>106</td>
<td>maintest.ClientCaseReg@f777e8</td></tr>
<tr>
<td title='maintest.ClientCaseReg.CreditDEQC()'><b>CreditDEQC</b><br>Test class: maintest.ClientCaseReg<br/>
<a href="#Output-27631470" onClick='toggleBox("Output-27631470", this, "Show output", "Hide output");'>Show output</a>

<a href="#Output-27631470" onClick="toggleAllBoxes();">Show all outputs</a>
<div class='log' id="Output-27631470">
Test Method resides in maintest.ClientCaseReg<br/>
Test Status: Pass<br/>
</div>
</td>
<td></td>
<td>11</td>
<td>maintest.ClientCaseReg@f777e8</td></tr>
<tr>
<td title='maintest.ClientCaseReg.CreditVerification()'><b>CreditVerification</b><br>Test class: maintest.ClientCaseReg<br/>
<a href="#Output-28119215" onClick='toggleBox("Output-28119215", this, "Show output", "Hide output");'>Show output</a>

<a href="#Output-28119215" onClick="toggleAllBoxes();">Show all outputs</a>
<div class='log' id="Output-28119215">
Test Method resides in maintest.ClientCaseReg<br/>
Test Status: Pass<br/>
</div>
</td>
<td></td>
<td>52</td>
<td>maintest.ClientCaseReg@f777e8</td></tr>
<tr>
<td title='maintest.ClientCaseReg.CriminalDEQC()'><b>CriminalDEQC</b><br>Test class: maintest.ClientCaseReg<br/>
<a href="#Output-7323522" onClick='toggleBox("Output-7323522", this, "Show output", "Hide output");'>Show output</a>

<a href="#Output-7323522" onClick="toggleAllBoxes();">Show all outputs</a>
<div class='log' id="Output-7323522">
Test Method resides in maintest.ClientCaseReg<br/>
Test Status: Pass<br/>
</div>
</td>
<td></td>
<td>31</td>
<td>maintest.ClientCaseReg@f777e8</td></tr>
<tr>
<td title='maintest.ClientCaseReg.CriminalVerification()'><b>CriminalVerification</b><br>Test class: maintest.ClientCaseReg<br/>
<a href="#Output-16527484" onClick='toggleBox("Output-16527484", this, "Show output", "Hide output");'>Show output</a>

<a href="#Output-16527484" onClick="toggleAllBoxes();">Show all outputs</a>
<div class='log' id="Output-16527484">
Test Method resides in maintest.ClientCaseReg<br/>
Test Status: Pass<br/>
</div>
</td>
<td></td>
<td>96</td>
<td>maintest.ClientCaseReg@f777e8</td></tr>
<tr>
<td title='maintest.ClientCaseReg.DataBaseDEQC()'><b>DataBaseDEQC</b><br>Test class: maintest.ClientCaseReg<br/>
<a href="#Output-23063140" onClick='toggleBox("Output-23063140", this, "Show output", "Hide output");'>Show output</a>

<a href="#Output-23063140" onClick="toggleAllBoxes();">Show all outputs</a>
<div class='log' id="Output-23063140">
Test Method resides in maintest.ClientCaseReg<br/>
Test Status: Pass<br/>
</div>
</td>
<td></td>
<td>13</td>
<td>maintest.ClientCaseReg@f777e8</td></tr>
<tr>
<td title='maintest.ClientCaseReg.DatabaseVerification()'><b>DatabaseVerification</b><br>Test class: maintest.ClientCaseReg<br/>
<a href="#Output-13677010" onClick='toggleBox("Output-13677010", this, "Show output", "Hide output");'>Show output</a>

<a href="#Output-13677010" onClick="toggleAllBoxes();">Show all outputs</a>
<div class='log' id="Output-13677010">
Test Method resides in maintest.ClientCaseReg<br/>
Test Status: Pass<br/>
</div>
</td>
<td></td>
<td>69</td>
<td>maintest.ClientCaseReg@f777e8</td></tr>
<tr>
<td title='maintest.ClientCaseReg.DrugVerification()'><b>DrugVerification</b><br>Test class: maintest.ClientCaseReg<br/>
<a href="#Output-8269983" onClick='toggleBox("Output-8269983", this, "Show output", "Hide output");'>Show output</a>

<a href="#Output-8269983" onClick="toggleAllBoxes();">Show all outputs</a>
<div class='log' id="Output-8269983">
Test Method resides in maintest.ClientCaseReg<br/>
Test Status: Pass<br/>
</div>
</td>
<td></td>
<td>66</td>
<td>maintest.ClientCaseReg@f777e8</td></tr>
<tr>
<td title='maintest.ClientCaseReg.EducationDEQC()'><b>EducationDEQC</b><br>Test class: maintest.ClientCaseReg<br/>
<a href="#Output-28043597" onClick='toggleBox("Output-28043597", this, "Show output", "Hide output");'>Show output</a>

<a href="#Output-28043597" onClick="toggleAllBoxes();">Show all outputs</a>
<div class='log' id="Output-28043597">
Test Method resides in maintest.ClientCaseReg<br/>
Test Status: Pass<br/>
</div>
</td>
<td></td>
<td>28</td>
<td>maintest.ClientCaseReg@f777e8</td></tr>
<tr>
<td title='maintest.ClientCaseReg.EducationVerification()'><b>EducationVerification</b><br>Test class: maintest.ClientCaseReg<br/>
<a href="#Output-4863856" onClick='toggleBox("Output-4863856", this, "Show output", "Hide output");'>Show output</a>

<a href="#Output-4863856" onClick="toggleAllBoxes();">Show all outputs</a>
<div class='log' id="Output-4863856">
Test Method resides in maintest.ClientCaseReg<br/>
Test Status: Pass<br/>
</div>
</td>
<td></td>
<td>107</td>
<td>maintest.ClientCaseReg@f777e8</td></tr>
<tr>
<td title='maintest.ClientCaseReg.EmploymentDEQC()'><b>EmploymentDEQC</b><br>Test class: maintest.ClientCaseReg<br/>
<a href="#Output-11061303" onClick='toggleBox("Output-11061303", this, "Show output", "Hide output");'>Show output</a>

<a href="#Output-11061303" onClick="toggleAllBoxes();">Show all outputs</a>
<div class='log' id="Output-11061303">
Test Method resides in maintest.ClientCaseReg<br/>
Test Status: Pass<br/>
</div>
</td>
<td></td>
<td>27</td>
<td>maintest.ClientCaseReg@f777e8</td></tr>
<tr>
<td title='maintest.ClientCaseReg.IDVerification()'><b>IDVerification</b><br>Test class: maintest.ClientCaseReg<br/>
<a href="#Output-31538923" onClick='toggleBox("Output-31538923", this, "Show output", "Hide output");'>Show output</a>

<a href="#Output-31538923" onClick="toggleAllBoxes();">Show all outputs</a>
<div class='log' id="Output-31538923">
Test Method resides in maintest.ClientCaseReg<br/>
Test Status: Pass<br/>
</div>
</td>
<td></td>
<td>89</td>
<td>maintest.ClientCaseReg@f777e8</td></tr>
<tr>
<td title='maintest.ClientCaseReg.IdDEQC()'><b>IdDEQC</b><br>Test class: maintest.ClientCaseReg<br/>
<a href="#Output-8908837" onClick='toggleBox("Output-8908837", this, "Show output", "Hide output");'>Show output</a>

<a href="#Output-8908837" onClick="toggleAllBoxes();">Show all outputs</a>
<div class='log' id="Output-8908837">
Test Method resides in maintest.ClientCaseReg<br/>
Test Status: Pass<br/>
</div>
</td>
<td></td>
<td>27</td>
<td>maintest.ClientCaseReg@f777e8</td></tr>
<tr>
<td title='maintest.ClientCaseReg.ReferenceDEQC()'><b>ReferenceDEQC</b><br>Test class: maintest.ClientCaseReg<br/>
<a href="#Output-16232724" onClick='toggleBox("Output-16232724", this, "Show output", "Hide output");'>Show output</a>

<a href="#Output-16232724" onClick="toggleAllBoxes();">Show all outputs</a>
<div class='log' id="Output-16232724">
Test Method resides in maintest.ClientCaseReg<br/>
Test Status: Pass<br/>
</div>
</td>
<td></td>
<td>13</td>
<td>maintest.ClientCaseReg@f777e8</td></tr>
<tr>
<td title='maintest.ClientCaseReg.ReferenceVerification()'><b>ReferenceVerification</b><br>Test class: maintest.ClientCaseReg<br/>
<a href="#Output-19746360" onClick='toggleBox("Output-19746360", this, "Show output", "Hide output");'>Show output</a>

<a href="#Output-19746360" onClick="toggleAllBoxes();">Show all outputs</a>
<div class='log' id="Output-19746360">
Test Method resides in maintest.ClientCaseReg<br/>
Test Status: Pass<br/>
</div>
</td>
<td></td>
<td>54</td>
<td>maintest.ClientCaseReg@f777e8</td></tr>
<tr>
<td title='maintest.ClientCaseReg.VerificationIntiation()'><b>VerificationIntiation</b><br>Test class: maintest.ClientCaseReg<br/>
<a href="#Output-13541529" onClick='toggleBox("Output-13541529", this, "Show output", "Hide output");'>Show output</a>

<a href="#Output-13541529" onClick="toggleAllBoxes();">Show all outputs</a>
<div class='log' id="Output-13541529">
Test Method resides in maintest.ClientCaseReg<br/>
Test Status: Pass<br/>
</div>
</td>
<td></td>
<td>502</td>
<td>maintest.ClientCaseReg@f777e8</td></tr>
<tr>
<td title='maintest.ClientCaseReg.VerificationSupervisor()'><b>VerificationSupervisor</b><br>Test class: maintest.ClientCaseReg<br/>
<a href="#Output-29346788" onClick='toggleBox("Output-29346788", this, "Show output", "Hide output");'>Show output</a>

<a href="#Output-29346788" onClick="toggleAllBoxes();">Show all outputs</a>
<div class='log' id="Output-29346788">
Test Method resides in maintest.ClientCaseReg<br/>
Test Status: Pass<br/>
</div>
</td>
<td></td>
<td>34</td>
<td>maintest.ClientCaseReg@f777e8</td></tr>
<tr>
<td title='maintest.ClientCaseReg.caseregistration()'><b>caseregistration</b><br>Test class: maintest.ClientCaseReg<br/>
<a href="#Output-16872690" onClick='toggleBox("Output-16872690", this, "Show output", "Hide output");'>Show output</a>

<a href="#Output-16872690" onClick="toggleAllBoxes();">Show all outputs</a>
<div class='log' id="Output-16872690">
Test Method resides in maintest.ClientCaseReg<br/>
Test Status: Pass<br/>
</div>
</td>
<td></td>
<td>104</td>
<td>maintest.ClientCaseReg@f777e8</td></tr>
<tr>
<td title='maintest.ClientCaseReg.dataEntry()'><b>dataEntry</b><br>Test class: maintest.ClientCaseReg<br/>
<a href="#Output-15179422" onClick='toggleBox("Output-15179422", this, "Show output", "Hide output");'>Show output</a>

<a href="#Output-15179422" onClick="toggleAllBoxes();">Show all outputs</a>
<div class='log' id="Output-15179422">
Test Method resides in maintest.ClientCaseReg<br/>
Test Status: Pass<br/>
</div>
</td>
<td></td>
<td>483</td>
<td>maintest.ClientCaseReg@f777e8</td></tr>
<tr>
<td title='maintest.ClientCaseReg.dataEntryAssign()'><b>dataEntryAssign</b><br>Test class: maintest.ClientCaseReg<br/>
<a href="#Output-33476943" onClick='toggleBox("Output-33476943", this, "Show output", "Hide output");'>Show output</a>

<a href="#Output-33476943" onClick="toggleAllBoxes();">Show all outputs</a>
<div class='log' id="Output-33476943">
Test Method resides in maintest.ClientCaseReg<br/>
Test Status: Pass<br/>
</div>
</td>
<td></td>
<td>60</td>
<td>maintest.ClientCaseReg@f777e8</td></tr>
<tr>
<td title='maintest.ClientCaseReg.dataEntryQCAssign()'><b>dataEntryQCAssign</b><br>Test class: maintest.ClientCaseReg<br/>
<a href="#Output-29434027" onClick='toggleBox("Output-29434027", this, "Show output", "Hide output");'>Show output</a>

<a href="#Output-29434027" onClick="toggleAllBoxes();">Show all outputs</a>
<div class='log' id="Output-29434027">
Test Method resides in maintest.ClientCaseReg<br/>
Test Status: Pass<br/>
</div>
</td>
<td></td>
<td>54</td>
<td>maintest.ClientCaseReg@f777e8</td></tr>
<tr>
<td title='maintest.ClientCaseReg.login()'><b>login</b><br>Test class: maintest.ClientCaseReg<br/>
<a href="#Output-20431361" onClick='toggleBox("Output-20431361", this, "Show output", "Hide output");'>Show output</a>

<a href="#Output-20431361" onClick="toggleAllBoxes();">Show all outputs</a>
<div class='log' id="Output-20431361">
Test Method resides in maintest.ClientCaseReg<br/>
Test Status: Pass<br/>
</div>
</td>
<td></td>
<td>7</td>
<td>maintest.ClientCaseReg@f777e8</td></tr>
</table><p>
<table width='100%' border='1' class='invocation-skipped'>
<tr><td colspan='4' align='center'><b>SKIPPED TESTS</b></td></tr>
<tr><td><b>Test method</b></td>
<td width="30%"><b>Exception</b></td>
<td width="10%"><b>Time (seconds)</b></td>
<td><b>Instance</b></td>
</tr>
<tr>
<td title='maintest.ClientCaseReg.AddressReportGeneration()'><b>AddressReportGeneration</b><br>Test class: maintest.ClientCaseReg<br/>
<a href="#Output-19933001" onClick='toggleBox("Output-19933001", this, "Show output", "Hide output");'>Show output</a>

<a href="#Output-19933001" onClick="toggleAllBoxes();">Show all outputs</a>
<div class='log' id="Output-19933001">
Test Method resides in maintest.ClientCaseReg<br/>
Test Status: Skipped<br/>
</div>
</td>
<td><div><pre>java.lang.Throwable: Method ClientCaseReg.AddressReportGeneration()[pri:28, instance:maintest.ClientCaseReg@f777e8] depends on not successfully finished methods
... Removed 18 stack frames</pre></div><a href='#' onClick='toggleBox("stack-trace19933001", this, "Click to show all stack frames", "Click to hide stack frames")'>Click to show all stack frames</a>
<div class='stack-trace' id='stack-trace19933001'><pre>java.lang.Throwable: Method ClientCaseReg.AddressReportGeneration()[pri:28, instance:maintest.ClientCaseReg@f777e8] depends on not successfully finished methods
	at org.testng.internal.Invoker.invokeTestMethods(Invoker.java:887)
	at org.testng.internal.TestMethodWorker.invokeTestMethods(TestMethodWorker.java:125)
	at org.testng.internal.TestMethodWorker.run(TestMethodWorker.java:109)
	at org.testng.TestRunner.privateRun(TestRunner.java:648)
	at org.testng.TestRunner.run(TestRunner.java:505)
	at org.testng.SuiteRunner.runTest(SuiteRunner.java:455)
	at org.testng.SuiteRunner.runSequentially(SuiteRunner.java:450)
	at org.testng.SuiteRunner.privateRun(SuiteRunner.java:415)
	at org.testng.SuiteRunner.run(SuiteRunner.java:364)
	at org.testng.SuiteRunnerWorker.runSuite(SuiteRunnerWorker.java:52)
	at org.testng.SuiteRunnerWorker.run(SuiteRunnerWorker.java:84)
	at org.testng.TestNG.runSuitesSequentially(TestNG.java:1208)
	at org.testng.TestNG.runSuitesLocally(TestNG.java:1137)
	at org.testng.TestNG.runSuites(TestNG.java:1049)
	at org.testng.TestNG.run(TestNG.java:1017)
	at org.testng.remote.AbstractRemoteTestNG.run(AbstractRemoteTestNG.java:114)
	at org.testng.remote.RemoteTestNG.initAndRun(RemoteTestNG.java:251)
	at org.testng.remote.RemoteTestNG.main(RemoteTestNG.java:77)
</pre></div></td>
<td>0</td>
<td>null</td></tr>
<tr>
<td title='maintest.ClientCaseReg.CourtReportGeneration()'><b>CourtReportGeneration</b><br>Test class: maintest.ClientCaseReg<br/>
<a href="#Output-6255381" onClick='toggleBox("Output-6255381", this, "Show output", "Hide output");'>Show output</a>

<a href="#Output-6255381" onClick="toggleAllBoxes();">Show all outputs</a>
<div class='log' id="Output-6255381">
Test Method resides in maintest.ClientCaseReg<br/>
Test Status: Skipped<br/>
</div>
</td>
<td><div><pre>java.lang.Throwable: Method ClientCaseReg.CourtReportGeneration()[pri:35, instance:maintest.ClientCaseReg@f777e8] depends on not successfully finished methods
... Removed 18 stack frames</pre></div><a href='#' onClick='toggleBox("stack-trace6255381", this, "Click to show all stack frames", "Click to hide stack frames")'>Click to show all stack frames</a>
<div class='stack-trace' id='stack-trace6255381'><pre>java.lang.Throwable: Method ClientCaseReg.CourtReportGeneration()[pri:35, instance:maintest.ClientCaseReg@f777e8] depends on not successfully finished methods
	at org.testng.internal.Invoker.invokeTestMethods(Invoker.java:887)
	at org.testng.internal.TestMethodWorker.invokeTestMethods(TestMethodWorker.java:125)
	at org.testng.internal.TestMethodWorker.run(TestMethodWorker.java:109)
	at org.testng.TestRunner.privateRun(TestRunner.java:648)
	at org.testng.TestRunner.run(TestRunner.java:505)
	at org.testng.SuiteRunner.runTest(SuiteRunner.java:455)
	at org.testng.SuiteRunner.runSequentially(SuiteRunner.java:450)
	at org.testng.SuiteRunner.privateRun(SuiteRunner.java:415)
	at org.testng.SuiteRunner.run(SuiteRunner.java:364)
	at org.testng.SuiteRunnerWorker.runSuite(SuiteRunnerWorker.java:52)
	at org.testng.SuiteRunnerWorker.run(SuiteRunnerWorker.java:84)
	at org.testng.TestNG.runSuitesSequentially(TestNG.java:1208)
	at org.testng.TestNG.runSuitesLocally(TestNG.java:1137)
	at org.testng.TestNG.runSuites(TestNG.java:1049)
	at org.testng.TestNG.run(TestNG.java:1017)
	at org.testng.remote.AbstractRemoteTestNG.run(AbstractRemoteTestNG.java:114)
	at org.testng.remote.RemoteTestNG.initAndRun(RemoteTestNG.java:251)
	at org.testng.remote.RemoteTestNG.main(RemoteTestNG.java:77)
</pre></div></td>
<td>0</td>
<td>null</td></tr>
<tr>
<td title='maintest.ClientCaseReg.CreditReportGeneration()'><b>CreditReportGeneration</b><br>Test class: maintest.ClientCaseReg<br/>
<a href="#Output-11223316" onClick='toggleBox("Output-11223316", this, "Show output", "Hide output");'>Show output</a>

<a href="#Output-11223316" onClick="toggleAllBoxes();">Show all outputs</a>
<div class='log' id="Output-11223316">
Test Method resides in maintest.ClientCaseReg<br/>
Test Status: Skipped<br/>
</div>
</td>
<td><div><pre>java.lang.Throwable: Method ClientCaseReg.CreditReportGeneration()[pri:34, instance:maintest.ClientCaseReg@f777e8] depends on not successfully finished methods
... Removed 18 stack frames</pre></div><a href='#' onClick='toggleBox("stack-trace11223316", this, "Click to show all stack frames", "Click to hide stack frames")'>Click to show all stack frames</a>
<div class='stack-trace' id='stack-trace11223316'><pre>java.lang.Throwable: Method ClientCaseReg.CreditReportGeneration()[pri:34, instance:maintest.ClientCaseReg@f777e8] depends on not successfully finished methods
	at org.testng.internal.Invoker.invokeTestMethods(Invoker.java:887)
	at org.testng.internal.TestMethodWorker.invokeTestMethods(TestMethodWorker.java:125)
	at org.testng.internal.TestMethodWorker.run(TestMethodWorker.java:109)
	at org.testng.TestRunner.privateRun(TestRunner.java:648)
	at org.testng.TestRunner.run(TestRunner.java:505)
	at org.testng.SuiteRunner.runTest(SuiteRunner.java:455)
	at org.testng.SuiteRunner.runSequentially(SuiteRunner.java:450)
	at org.testng.SuiteRunner.privateRun(SuiteRunner.java:415)
	at org.testng.SuiteRunner.run(SuiteRunner.java:364)
	at org.testng.SuiteRunnerWorker.runSuite(SuiteRunnerWorker.java:52)
	at org.testng.SuiteRunnerWorker.run(SuiteRunnerWorker.java:84)
	at org.testng.TestNG.runSuitesSequentially(TestNG.java:1208)
	at org.testng.TestNG.runSuitesLocally(TestNG.java:1137)
	at org.testng.TestNG.runSuites(TestNG.java:1049)
	at org.testng.TestNG.run(TestNG.java:1017)
	at org.testng.remote.AbstractRemoteTestNG.run(AbstractRemoteTestNG.java:114)
	at org.testng.remote.RemoteTestNG.initAndRun(RemoteTestNG.java:251)
	at org.testng.remote.RemoteTestNG.main(RemoteTestNG.java:77)
</pre></div></td>
<td>0</td>
<td>null</td></tr>
<tr>
<td title='maintest.ClientCaseReg.CriminalReportGeneration()'><b>CriminalReportGeneration</b><br>Test class: maintest.ClientCaseReg<br/>
<a href="#Output-3282686" onClick='toggleBox("Output-3282686", this, "Show output", "Hide output");'>Show output</a>

<a href="#Output-3282686" onClick="toggleAllBoxes();">Show all outputs</a>
<div class='log' id="Output-3282686">
Test Method resides in maintest.ClientCaseReg<br/>
Test Status: Skipped<br/>
</div>
</td>
<td><div><pre>java.lang.Throwable: Method ClientCaseReg.CriminalReportGeneration()[pri:33, instance:maintest.ClientCaseReg@f777e8] depends on not successfully finished methods
... Removed 18 stack frames</pre></div><a href='#' onClick='toggleBox("stack-trace3282686", this, "Click to show all stack frames", "Click to hide stack frames")'>Click to show all stack frames</a>
<div class='stack-trace' id='stack-trace3282686'><pre>java.lang.Throwable: Method ClientCaseReg.CriminalReportGeneration()[pri:33, instance:maintest.ClientCaseReg@f777e8] depends on not successfully finished methods
	at org.testng.internal.Invoker.invokeTestMethods(Invoker.java:887)
	at org.testng.internal.TestMethodWorker.invokeTestMethods(TestMethodWorker.java:125)
	at org.testng.internal.TestMethodWorker.run(TestMethodWorker.java:109)
	at org.testng.TestRunner.privateRun(TestRunner.java:648)
	at org.testng.TestRunner.run(TestRunner.java:505)
	at org.testng.SuiteRunner.runTest(SuiteRunner.java:455)
	at org.testng.SuiteRunner.runSequentially(SuiteRunner.java:450)
	at org.testng.SuiteRunner.privateRun(SuiteRunner.java:415)
	at org.testng.SuiteRunner.run(SuiteRunner.java:364)
	at org.testng.SuiteRunnerWorker.runSuite(SuiteRunnerWorker.java:52)
	at org.testng.SuiteRunnerWorker.run(SuiteRunnerWorker.java:84)
	at org.testng.TestNG.runSuitesSequentially(TestNG.java:1208)
	at org.testng.TestNG.runSuitesLocally(TestNG.java:1137)
	at org.testng.TestNG.runSuites(TestNG.java:1049)
	at org.testng.TestNG.run(TestNG.java:1017)
	at org.testng.remote.AbstractRemoteTestNG.run(AbstractRemoteTestNG.java:114)
	at org.testng.remote.RemoteTestNG.initAndRun(RemoteTestNG.java:251)
	at org.testng.remote.RemoteTestNG.main(RemoteTestNG.java:77)
</pre></div></td>
<td>0</td>
<td>null</td></tr>
<tr>
<td title='maintest.ClientCaseReg.DatabaseReportGeneration()'><b>DatabaseReportGeneration</b><br>Test class: maintest.ClientCaseReg<br/>
<a href="#Output-21507299" onClick='toggleBox("Output-21507299", this, "Show output", "Hide output");'>Show output</a>

<a href="#Output-21507299" onClick="toggleAllBoxes();">Show all outputs</a>
<div class='log' id="Output-21507299">
Test Method resides in maintest.ClientCaseReg<br/>
Test Status: Skipped<br/>
</div>
</td>
<td><div><pre>java.lang.Throwable: Method ClientCaseReg.DatabaseReportGeneration()[pri:32, instance:maintest.ClientCaseReg@f777e8] depends on not successfully finished methods
... Removed 18 stack frames</pre></div><a href='#' onClick='toggleBox("stack-trace21507299", this, "Click to show all stack frames", "Click to hide stack frames")'>Click to show all stack frames</a>
<div class='stack-trace' id='stack-trace21507299'><pre>java.lang.Throwable: Method ClientCaseReg.DatabaseReportGeneration()[pri:32, instance:maintest.ClientCaseReg@f777e8] depends on not successfully finished methods
	at org.testng.internal.Invoker.invokeTestMethods(Invoker.java:887)
	at org.testng.internal.TestMethodWorker.invokeTestMethods(TestMethodWorker.java:125)
	at org.testng.internal.TestMethodWorker.run(TestMethodWorker.java:109)
	at org.testng.TestRunner.privateRun(TestRunner.java:648)
	at org.testng.TestRunner.run(TestRunner.java:505)
	at org.testng.SuiteRunner.runTest(SuiteRunner.java:455)
	at org.testng.SuiteRunner.runSequentially(SuiteRunner.java:450)
	at org.testng.SuiteRunner.privateRun(SuiteRunner.java:415)
	at org.testng.SuiteRunner.run(SuiteRunner.java:364)
	at org.testng.SuiteRunnerWorker.runSuite(SuiteRunnerWorker.java:52)
	at org.testng.SuiteRunnerWorker.run(SuiteRunnerWorker.java:84)
	at org.testng.TestNG.runSuitesSequentially(TestNG.java:1208)
	at org.testng.TestNG.runSuitesLocally(TestNG.java:1137)
	at org.testng.TestNG.runSuites(TestNG.java:1049)
	at org.testng.TestNG.run(TestNG.java:1017)
	at org.testng.remote.AbstractRemoteTestNG.run(AbstractRemoteTestNG.java:114)
	at org.testng.remote.RemoteTestNG.initAndRun(RemoteTestNG.java:251)
	at org.testng.remote.RemoteTestNG.main(RemoteTestNG.java:77)
</pre></div></td>
<td>0</td>
<td>null</td></tr>
<tr>
<td title='maintest.ClientCaseReg.DrugReportGeneration()'><b>DrugReportGeneration</b><br>Test class: maintest.ClientCaseReg<br/>
<a href="#Output-1704270" onClick='toggleBox("Output-1704270", this, "Show output", "Hide output");'>Show output</a>

<a href="#Output-1704270" onClick="toggleAllBoxes();">Show all outputs</a>
<div class='log' id="Output-1704270">
Test Method resides in maintest.ClientCaseReg<br/>
Test Status: Skipped<br/>
</div>
</td>
<td><div><pre>java.lang.Throwable: Method ClientCaseReg.DrugReportGeneration()[pri:36, instance:maintest.ClientCaseReg@f777e8] depends on not successfully finished methods
... Removed 18 stack frames</pre></div><a href='#' onClick='toggleBox("stack-trace1704270", this, "Click to show all stack frames", "Click to hide stack frames")'>Click to show all stack frames</a>
<div class='stack-trace' id='stack-trace1704270'><pre>java.lang.Throwable: Method ClientCaseReg.DrugReportGeneration()[pri:36, instance:maintest.ClientCaseReg@f777e8] depends on not successfully finished methods
	at org.testng.internal.Invoker.invokeTestMethods(Invoker.java:887)
	at org.testng.internal.TestMethodWorker.invokeTestMethods(TestMethodWorker.java:125)
	at org.testng.internal.TestMethodWorker.run(TestMethodWorker.java:109)
	at org.testng.TestRunner.privateRun(TestRunner.java:648)
	at org.testng.TestRunner.run(TestRunner.java:505)
	at org.testng.SuiteRunner.runTest(SuiteRunner.java:455)
	at org.testng.SuiteRunner.runSequentially(SuiteRunner.java:450)
	at org.testng.SuiteRunner.privateRun(SuiteRunner.java:415)
	at org.testng.SuiteRunner.run(SuiteRunner.java:364)
	at org.testng.SuiteRunnerWorker.runSuite(SuiteRunnerWorker.java:52)
	at org.testng.SuiteRunnerWorker.run(SuiteRunnerWorker.java:84)
	at org.testng.TestNG.runSuitesSequentially(TestNG.java:1208)
	at org.testng.TestNG.runSuitesLocally(TestNG.java:1137)
	at org.testng.TestNG.runSuites(TestNG.java:1049)
	at org.testng.TestNG.run(TestNG.java:1017)
	at org.testng.remote.AbstractRemoteTestNG.run(AbstractRemoteTestNG.java:114)
	at org.testng.remote.RemoteTestNG.initAndRun(RemoteTestNG.java:251)
	at org.testng.remote.RemoteTestNG.main(RemoteTestNG.java:77)
</pre></div></td>
<td>0</td>
<td>null</td></tr>
<tr>
<td title='maintest.ClientCaseReg.EducationReportGeneration()'><b>EducationReportGeneration</b><br>Test class: maintest.ClientCaseReg<br/>
<a href="#Output-16920882" onClick='toggleBox("Output-16920882", this, "Show output", "Hide output");'>Show output</a>

<a href="#Output-16920882" onClick="toggleAllBoxes();">Show all outputs</a>
<div class='log' id="Output-16920882">
Test Method resides in maintest.ClientCaseReg<br/>
Test Status: Skipped<br/>
</div>
</td>
<td><div><pre>java.lang.Throwable: Method ClientCaseReg.EducationReportGeneration()[pri:29, instance:maintest.ClientCaseReg@f777e8] depends on not successfully finished methods
... Removed 18 stack frames</pre></div><a href='#' onClick='toggleBox("stack-trace16920882", this, "Click to show all stack frames", "Click to hide stack frames")'>Click to show all stack frames</a>
<div class='stack-trace' id='stack-trace16920882'><pre>java.lang.Throwable: Method ClientCaseReg.EducationReportGeneration()[pri:29, instance:maintest.ClientCaseReg@f777e8] depends on not successfully finished methods
	at org.testng.internal.Invoker.invokeTestMethods(Invoker.java:887)
	at org.testng.internal.TestMethodWorker.invokeTestMethods(TestMethodWorker.java:125)
	at org.testng.internal.TestMethodWorker.run(TestMethodWorker.java:109)
	at org.testng.TestRunner.privateRun(TestRunner.java:648)
	at org.testng.TestRunner.run(TestRunner.java:505)
	at org.testng.SuiteRunner.runTest(SuiteRunner.java:455)
	at org.testng.SuiteRunner.runSequentially(SuiteRunner.java:450)
	at org.testng.SuiteRunner.privateRun(SuiteRunner.java:415)
	at org.testng.SuiteRunner.run(SuiteRunner.java:364)
	at org.testng.SuiteRunnerWorker.runSuite(SuiteRunnerWorker.java:52)
	at org.testng.SuiteRunnerWorker.run(SuiteRunnerWorker.java:84)
	at org.testng.TestNG.runSuitesSequentially(TestNG.java:1208)
	at org.testng.TestNG.runSuitesLocally(TestNG.java:1137)
	at org.testng.TestNG.runSuites(TestNG.java:1049)
	at org.testng.TestNG.run(TestNG.java:1017)
	at org.testng.remote.AbstractRemoteTestNG.run(AbstractRemoteTestNG.java:114)
	at org.testng.remote.RemoteTestNG.initAndRun(RemoteTestNG.java:251)
	at org.testng.remote.RemoteTestNG.main(RemoteTestNG.java:77)
</pre></div></td>
<td>0</td>
<td>null</td></tr>
<tr>
<td title='maintest.ClientCaseReg.EmploymentReportGeneration()'><b>EmploymentReportGeneration</b><br>Test class: maintest.ClientCaseReg<br/>
<a href="#Output-1723026" onClick='toggleBox("Output-1723026", this, "Show output", "Hide output");'>Show output</a>

<a href="#Output-1723026" onClick="toggleAllBoxes();">Show all outputs</a>
<div class='log' id="Output-1723026">
Test Method resides in maintest.ClientCaseReg<br/>
Test Status: Skipped<br/>
</div>
</td>
<td><div><pre>java.lang.Throwable: Method ClientCaseReg.EmploymentReportGeneration()[pri:30, instance:maintest.ClientCaseReg@f777e8] depends on not successfully finished methods
... Removed 18 stack frames</pre></div><a href='#' onClick='toggleBox("stack-trace1723026", this, "Click to show all stack frames", "Click to hide stack frames")'>Click to show all stack frames</a>
<div class='stack-trace' id='stack-trace1723026'><pre>java.lang.Throwable: Method ClientCaseReg.EmploymentReportGeneration()[pri:30, instance:maintest.ClientCaseReg@f777e8] depends on not successfully finished methods
	at org.testng.internal.Invoker.invokeTestMethods(Invoker.java:887)
	at org.testng.internal.TestMethodWorker.invokeTestMethods(TestMethodWorker.java:125)
	at org.testng.internal.TestMethodWorker.run(TestMethodWorker.java:109)
	at org.testng.TestRunner.privateRun(TestRunner.java:648)
	at org.testng.TestRunner.run(TestRunner.java:505)
	at org.testng.SuiteRunner.runTest(SuiteRunner.java:455)
	at org.testng.SuiteRunner.runSequentially(SuiteRunner.java:450)
	at org.testng.SuiteRunner.privateRun(SuiteRunner.java:415)
	at org.testng.SuiteRunner.run(SuiteRunner.java:364)
	at org.testng.SuiteRunnerWorker.runSuite(SuiteRunnerWorker.java:52)
	at org.testng.SuiteRunnerWorker.run(SuiteRunnerWorker.java:84)
	at org.testng.TestNG.runSuitesSequentially(TestNG.java:1208)
	at org.testng.TestNG.runSuitesLocally(TestNG.java:1137)
	at org.testng.TestNG.runSuites(TestNG.java:1049)
	at org.testng.TestNG.run(TestNG.java:1017)
	at org.testng.remote.AbstractRemoteTestNG.run(AbstractRemoteTestNG.java:114)
	at org.testng.remote.RemoteTestNG.initAndRun(RemoteTestNG.java:251)
	at org.testng.remote.RemoteTestNG.main(RemoteTestNG.java:77)
</pre></div></td>
<td>0</td>
<td>null</td></tr>
<tr>
<td title='maintest.ClientCaseReg.IdReportGeneration()'><b>IdReportGeneration</b><br>Test class: maintest.ClientCaseReg<br/>
<a href="#Output-17569083" onClick='toggleBox("Output-17569083", this, "Show output", "Hide output");'>Show output</a>

<a href="#Output-17569083" onClick="toggleAllBoxes();">Show all outputs</a>
<div class='log' id="Output-17569083">
Test Method resides in maintest.ClientCaseReg<br/>
Test Status: Skipped<br/>
</div>
</td>
<td><div><pre>java.lang.Throwable: Method ClientCaseReg.IdReportGeneration()[pri:37, instance:maintest.ClientCaseReg@f777e8] depends on not successfully finished methods
... Removed 18 stack frames</pre></div><a href='#' onClick='toggleBox("stack-trace17569083", this, "Click to show all stack frames", "Click to hide stack frames")'>Click to show all stack frames</a>
<div class='stack-trace' id='stack-trace17569083'><pre>java.lang.Throwable: Method ClientCaseReg.IdReportGeneration()[pri:37, instance:maintest.ClientCaseReg@f777e8] depends on not successfully finished methods
	at org.testng.internal.Invoker.invokeTestMethods(Invoker.java:887)
	at org.testng.internal.TestMethodWorker.invokeTestMethods(TestMethodWorker.java:125)
	at org.testng.internal.TestMethodWorker.run(TestMethodWorker.java:109)
	at org.testng.TestRunner.privateRun(TestRunner.java:648)
	at org.testng.TestRunner.run(TestRunner.java:505)
	at org.testng.SuiteRunner.runTest(SuiteRunner.java:455)
	at org.testng.SuiteRunner.runSequentially(SuiteRunner.java:450)
	at org.testng.SuiteRunner.privateRun(SuiteRunner.java:415)
	at org.testng.SuiteRunner.run(SuiteRunner.java:364)
	at org.testng.SuiteRunnerWorker.runSuite(SuiteRunnerWorker.java:52)
	at org.testng.SuiteRunnerWorker.run(SuiteRunnerWorker.java:84)
	at org.testng.TestNG.runSuitesSequentially(TestNG.java:1208)
	at org.testng.TestNG.runSuitesLocally(TestNG.java:1137)
	at org.testng.TestNG.runSuites(TestNG.java:1049)
	at org.testng.TestNG.run(TestNG.java:1017)
	at org.testng.remote.AbstractRemoteTestNG.run(AbstractRemoteTestNG.java:114)
	at org.testng.remote.RemoteTestNG.initAndRun(RemoteTestNG.java:251)
	at org.testng.remote.RemoteTestNG.main(RemoteTestNG.java:77)
</pre></div></td>
<td>0</td>
<td>null</td></tr>
<tr>
<td title='maintest.ClientCaseReg.ReferenceReportGeneration()'><b>ReferenceReportGeneration</b><br>Test class: maintest.ClientCaseReg<br/>
<a href="#Output-4768297" onClick='toggleBox("Output-4768297", this, "Show output", "Hide output");'>Show output</a>

<a href="#Output-4768297" onClick="toggleAllBoxes();">Show all outputs</a>
<div class='log' id="Output-4768297">
Test Method resides in maintest.ClientCaseReg<br/>
Test Status: Skipped<br/>
</div>
</td>
<td><div><pre>java.lang.Throwable: Method ClientCaseReg.ReferenceReportGeneration()[pri:31, instance:maintest.ClientCaseReg@f777e8] depends on not successfully finished methods
... Removed 18 stack frames</pre></div><a href='#' onClick='toggleBox("stack-trace4768297", this, "Click to show all stack frames", "Click to hide stack frames")'>Click to show all stack frames</a>
<div class='stack-trace' id='stack-trace4768297'><pre>java.lang.Throwable: Method ClientCaseReg.ReferenceReportGeneration()[pri:31, instance:maintest.ClientCaseReg@f777e8] depends on not successfully finished methods
	at org.testng.internal.Invoker.invokeTestMethods(Invoker.java:887)
	at org.testng.internal.TestMethodWorker.invokeTestMethods(TestMethodWorker.java:125)
	at org.testng.internal.TestMethodWorker.run(TestMethodWorker.java:109)
	at org.testng.TestRunner.privateRun(TestRunner.java:648)
	at org.testng.TestRunner.run(TestRunner.java:505)
	at org.testng.SuiteRunner.runTest(SuiteRunner.java:455)
	at org.testng.SuiteRunner.runSequentially(SuiteRunner.java:450)
	at org.testng.SuiteRunner.privateRun(SuiteRunner.java:415)
	at org.testng.SuiteRunner.run(SuiteRunner.java:364)
	at org.testng.SuiteRunnerWorker.runSuite(SuiteRunnerWorker.java:52)
	at org.testng.SuiteRunnerWorker.run(SuiteRunnerWorker.java:84)
	at org.testng.TestNG.runSuitesSequentially(TestNG.java:1208)
	at org.testng.TestNG.runSuitesLocally(TestNG.java:1137)
	at org.testng.TestNG.runSuites(TestNG.java:1049)
	at org.testng.TestNG.run(TestNG.java:1017)
	at org.testng.remote.AbstractRemoteTestNG.run(AbstractRemoteTestNG.java:114)
	at org.testng.remote.RemoteTestNG.initAndRun(RemoteTestNG.java:251)
	at org.testng.remote.RemoteTestNG.main(RemoteTestNG.java:77)
</pre></div></td>
<td>0</td>
<td>null</td></tr>
<tr>
<td title='maintest.ClientCaseReg.ReportGenerationSubmit()'><b>ReportGenerationSubmit</b><br>Test class: maintest.ClientCaseReg<br/>
<a href="#Output-24442052" onClick='toggleBox("Output-24442052", this, "Show output", "Hide output");'>Show output</a>

<a href="#Output-24442052" onClick="toggleAllBoxes();">Show all outputs</a>
<div class='log' id="Output-24442052">
Test Method resides in maintest.ClientCaseReg<br/>
Test Status: Skipped<br/>
</div>
</td>
<td><div><pre>java.lang.Throwable: Method ClientCaseReg.ReportGenerationSubmit()[pri:38, instance:maintest.ClientCaseReg@f777e8] depends on not successfully finished methods
... Removed 18 stack frames</pre></div><a href='#' onClick='toggleBox("stack-trace24442052", this, "Click to show all stack frames", "Click to hide stack frames")'>Click to show all stack frames</a>
<div class='stack-trace' id='stack-trace24442052'><pre>java.lang.Throwable: Method ClientCaseReg.ReportGenerationSubmit()[pri:38, instance:maintest.ClientCaseReg@f777e8] depends on not successfully finished methods
	at org.testng.internal.Invoker.invokeTestMethods(Invoker.java:887)
	at org.testng.internal.TestMethodWorker.invokeTestMethods(TestMethodWorker.java:125)
	at org.testng.internal.TestMethodWorker.run(TestMethodWorker.java:109)
	at org.testng.TestRunner.privateRun(TestRunner.java:648)
	at org.testng.TestRunner.run(TestRunner.java:505)
	at org.testng.SuiteRunner.runTest(SuiteRunner.java:455)
	at org.testng.SuiteRunner.runSequentially(SuiteRunner.java:450)
	at org.testng.SuiteRunner.privateRun(SuiteRunner.java:415)
	at org.testng.SuiteRunner.run(SuiteRunner.java:364)
	at org.testng.SuiteRunnerWorker.runSuite(SuiteRunnerWorker.java:52)
	at org.testng.SuiteRunnerWorker.run(SuiteRunnerWorker.java:84)
	at org.testng.TestNG.runSuitesSequentially(TestNG.java:1208)
	at org.testng.TestNG.runSuitesLocally(TestNG.java:1137)
	at org.testng.TestNG.runSuites(TestNG.java:1049)
	at org.testng.TestNG.run(TestNG.java:1017)
	at org.testng.remote.AbstractRemoteTestNG.run(AbstractRemoteTestNG.java:114)
	at org.testng.remote.RemoteTestNG.initAndRun(RemoteTestNG.java:251)
	at org.testng.remote.RemoteTestNG.main(RemoteTestNG.java:77)
</pre></div></td>
<td>0</td>
<td>null</td></tr>
<tr>
<td title='maintest.ClientCaseReg.ReportValidation()'><b>ReportValidation</b><br>Test class: maintest.ClientCaseReg<br/>
<a href="#Output-16812349" onClick='toggleBox("Output-16812349", this, "Show output", "Hide output");'>Show output</a>

<a href="#Output-16812349" onClick="toggleAllBoxes();">Show all outputs</a>
<div class='log' id="Output-16812349">
Test Method resides in maintest.ClientCaseReg<br/>
Test Status: Skipped<br/>
</div>
</td>
<td><div><pre>java.lang.Throwable: Method ClientCaseReg.ReportValidation()[pri:40, instance:maintest.ClientCaseReg@f777e8] depends on not successfully finished methods
... Removed 18 stack frames</pre></div><a href='#' onClick='toggleBox("stack-trace16812349", this, "Click to show all stack frames", "Click to hide stack frames")'>Click to show all stack frames</a>
<div class='stack-trace' id='stack-trace16812349'><pre>java.lang.Throwable: Method ClientCaseReg.ReportValidation()[pri:40, instance:maintest.ClientCaseReg@f777e8] depends on not successfully finished methods
	at org.testng.internal.Invoker.invokeTestMethods(Invoker.java:887)
	at org.testng.internal.TestMethodWorker.invokeTestMethods(TestMethodWorker.java:125)
	at org.testng.internal.TestMethodWorker.run(TestMethodWorker.java:109)
	at org.testng.TestRunner.privateRun(TestRunner.java:648)
	at org.testng.TestRunner.run(TestRunner.java:505)
	at org.testng.SuiteRunner.runTest(SuiteRunner.java:455)
	at org.testng.SuiteRunner.runSequentially(SuiteRunner.java:450)
	at org.testng.SuiteRunner.privateRun(SuiteRunner.java:415)
	at org.testng.SuiteRunner.run(SuiteRunner.java:364)
	at org.testng.SuiteRunnerWorker.runSuite(SuiteRunnerWorker.java:52)
	at org.testng.SuiteRunnerWorker.run(SuiteRunnerWorker.java:84)
	at org.testng.TestNG.runSuitesSequentially(TestNG.java:1208)
	at org.testng.TestNG.runSuitesLocally(TestNG.java:1137)
	at org.testng.TestNG.runSuites(TestNG.java:1049)
	at org.testng.TestNG.run(TestNG.java:1017)
	at org.testng.remote.AbstractRemoteTestNG.run(AbstractRemoteTestNG.java:114)
	at org.testng.remote.RemoteTestNG.initAndRun(RemoteTestNG.java:251)
	at org.testng.remote.RemoteTestNG.main(RemoteTestNG.java:77)
</pre></div></td>
<td>0</td>
<td>null</td></tr>
<tr>
<td title='maintest.ClientCaseReg.ReportValidationSupervisor()'><b>ReportValidationSupervisor</b><br>Test class: maintest.ClientCaseReg<br/>
<a href="#Output-10028706" onClick='toggleBox("Output-10028706", this, "Show output", "Hide output");'>Show output</a>

<a href="#Output-10028706" onClick="toggleAllBoxes();">Show all outputs</a>
<div class='log' id="Output-10028706">
Test Method resides in maintest.ClientCaseReg<br/>
Test Status: Skipped<br/>
</div>
</td>
<td><div><pre>java.lang.Throwable: Method ClientCaseReg.ReportValidationSupervisor()[pri:38, instance:maintest.ClientCaseReg@f777e8] depends on not successfully finished methods
... Removed 18 stack frames</pre></div><a href='#' onClick='toggleBox("stack-trace10028706", this, "Click to show all stack frames", "Click to hide stack frames")'>Click to show all stack frames</a>
<div class='stack-trace' id='stack-trace10028706'><pre>java.lang.Throwable: Method ClientCaseReg.ReportValidationSupervisor()[pri:38, instance:maintest.ClientCaseReg@f777e8] depends on not successfully finished methods
	at org.testng.internal.Invoker.invokeTestMethods(Invoker.java:887)
	at org.testng.internal.TestMethodWorker.invokeTestMethods(TestMethodWorker.java:125)
	at org.testng.internal.TestMethodWorker.run(TestMethodWorker.java:109)
	at org.testng.TestRunner.privateRun(TestRunner.java:648)
	at org.testng.TestRunner.run(TestRunner.java:505)
	at org.testng.SuiteRunner.runTest(SuiteRunner.java:455)
	at org.testng.SuiteRunner.runSequentially(SuiteRunner.java:450)
	at org.testng.SuiteRunner.privateRun(SuiteRunner.java:415)
	at org.testng.SuiteRunner.run(SuiteRunner.java:364)
	at org.testng.SuiteRunnerWorker.runSuite(SuiteRunnerWorker.java:52)
	at org.testng.SuiteRunnerWorker.run(SuiteRunnerWorker.java:84)
	at org.testng.TestNG.runSuitesSequentially(TestNG.java:1208)
	at org.testng.TestNG.runSuitesLocally(TestNG.java:1137)
	at org.testng.TestNG.runSuites(TestNG.java:1049)
	at org.testng.TestNG.run(TestNG.java:1017)
	at org.testng.remote.AbstractRemoteTestNG.run(AbstractRemoteTestNG.java:114)
	at org.testng.remote.RemoteTestNG.initAndRun(RemoteTestNG.java:251)
	at org.testng.remote.RemoteTestNG.main(RemoteTestNG.java:77)
</pre></div></td>
<td>0</td>
<td>null</td></tr>
</table><p>
</body>
</html>