<?xml version="1.0" encoding="UTF-8"?>
<!-- Generated by org.testng.reporters.JUnitXMLReporter -->
<testsuite hostname="KAD-I-032" ignored="12" name="ServiceProviderCaseRegistration" tests="58" failures="2" timestamp="15 Nov 2018 09:42:41 GMT" time="27.32" errors="0">
  <testcase name="@AfterMethod tearDown" time="6.032" classname="maintest.SPcasereg">
    <failure type="java.lang.RuntimeException" message="org.openqa.selenium.WebDriverException: chrome not reachable
  (Session info: chrome=70.0.3538.102)
  (Driver info: chromedriver=2.42.591088 (7b2b2dca23cca0862f674758c9a3933e685c27d5),platform=Windows NT 6.1.7601 SP1 x86) (WARNING: The server did not provide any stacktrace information)
Command duration or timeout: 0 milliseconds
Build info: version: &amp;apos;3.14.0&amp;apos;, revision: &amp;apos;aacccce0&amp;apos;, time: &amp;apos;2018-08-02T20:19:58.91Z&amp;apos;
System info: host: &amp;apos;KAD-I-032&amp;apos;, ip: &amp;apos;192.168.2.67&amp;apos;, os.name: &amp;apos;Windows 7&amp;apos;, os.arch: &amp;apos;x86&amp;apos;, os.version: &amp;apos;6.1&amp;apos;, java.version: &amp;apos;1.8.0_191&amp;apos;
Driver info: org.openqa.selenium.chrome.ChromeDriver
Capabilities {acceptInsecureCerts: false, acceptSslCerts: false, applicationCacheEnabled: false, browserConnectionEnabled: false, browserName: chrome, chrome: {chromedriverVersion: 2.42.591088 (7b2b2dca23cca0..., userDataDir: C:\Users\admin\AppData\Loca...}, cssSelectorsEnabled: true, databaseEnabled: false, goog:chromeOptions: {debuggerAddress: localhost:52696}, handlesAlerts: true, hasTouchScreen: false, javascriptEnabled: true, locationContextEnabled: true, mobileEmulationEnabled: false, nativeEvents: true, networkConnectionEnabled: false, pageLoadStrategy: normal, platform: XP, platformName: XP, rotatable: false, setWindowRect: true, takesHeapSnapshot: true, takesScreenshot: true, unexpectedAlertBehaviour: , unhandledPromptBehavior: , version: 70.0.3538.102, webStorageEnabled: true}
Session ID: a77f7c1b3df3a975668be3d7d37695db">
      <![CDATA[java.lang.RuntimeException: org.openqa.selenium.WebDriverException: chrome not reachable
  (Session info: chrome=70.0.3538.102)
  (Driver info: chromedriver=2.42.591088 (7b2b2dca23cca0862f674758c9a3933e685c27d5),platform=Windows NT 6.1.7601 SP1 x86) (WARNING: The server did not provide any stacktrace information)
Command duration or timeout: 0 milliseconds
Build info: version: '3.14.0', revision: 'aacccce0', time: '2018-08-02T20:19:58.91Z'
System info: host: 'KAD-I-032', ip: '192.168.2.67', os.name: 'Windows 7', os.arch: 'x86', os.version: '6.1', java.version: '1.8.0_191'
Driver info: org.openqa.selenium.chrome.ChromeDriver
Capabilities {acceptInsecureCerts: false, acceptSslCerts: false, applicationCacheEnabled: false, browserConnectionEnabled: false, browserName: chrome, chrome: {chromedriverVersion: 2.42.591088 (7b2b2dca23cca0..., userDataDir: C:\Users\admin\AppData\Loca...}, cssSelectorsEnabled: true, databaseEnabled: false, goog:chromeOptions: {debuggerAddress: localhost:52696}, handlesAlerts: true, hasTouchScreen: false, javascriptEnabled: true, locationContextEnabled: true, mobileEmulationEnabled: false, nativeEvents: true, networkConnectionEnabled: false, pageLoadStrategy: normal, platform: XP, platformName: XP, rotatable: false, setWindowRect: true, takesHeapSnapshot: true, takesScreenshot: true, unexpectedAlertBehaviour: , unhandledPromptBehavior: , version: 70.0.3538.102, webStorageEnabled: true}
Session ID: a77f7c1b3df3a975668be3d7d37695db
at ru.yandex.qatools.ashot.util.InnerScript.execute(InnerScript.java:26)
at ru.yandex.qatools.ashot.screentaker.ViewportPastingStrategy.getFullHeight(ViewportPastingStrategy.java:23)
at ru.yandex.qatools.ashot.screentaker.VerticalPastingShootingStrategy.getScreenshot(VerticalPastingShootingStrategy.java:33)
at ru.yandex.qatools.ashot.screentaker.ScreenTaker.take(ScreenTaker.java:23)
at ru.yandex.qatools.ashot.AShot.takeScreenshot(AShot.java:166)
at environment.Utill.getScreenshot(Utill.java:108)
at maintest.SPcasereg.tearDown(SPcasereg.java:2161)
Caused by: org.openqa.selenium.WebDriverException: chrome not reachable
  (Session info: chrome=70.0.3538.102)
  (Driver info: chromedriver=2.42.591088 (7b2b2dca23cca0862f674758c9a3933e685c27d5),platform=Windows NT 6.1.7601 SP1 x86) (WARNING: The server did not provide any stacktrace information)
Command duration or timeout: 0 milliseconds
Build info: version: '3.14.0', revision: 'aacccce0', time: '2018-08-02T20:19:58.91Z'
System info: host: 'KAD-I-032', ip: '192.168.2.67', os.name: 'Windows 7', os.arch: 'x86', os.version: '6.1', java.version: '1.8.0_191'
Driver info: org.openqa.selenium.chrome.ChromeDriver
Capabilities {acceptInsecureCerts: false, acceptSslCerts: false, applicationCacheEnabled: false, browserConnectionEnabled: false, browserName: chrome, chrome: {chromedriverVersion: 2.42.591088 (7b2b2dca23cca0..., userDataDir: C:\Users\admin\AppData\Loca...}, cssSelectorsEnabled: true, databaseEnabled: false, goog:chromeOptions: {debuggerAddress: localhost:52696}, handlesAlerts: true, hasTouchScreen: false, javascriptEnabled: true, locationContextEnabled: true, mobileEmulationEnabled: false, nativeEvents: true, networkConnectionEnabled: false, pageLoadStrategy: normal, platform: XP, platformName: XP, rotatable: false, setWindowRect: true, takesHeapSnapshot: true, takesScreenshot: true, unexpectedAlertBehaviour: , unhandledPromptBehavior: , version: 70.0.3538.102, webStorageEnabled: true}
Session ID: a77f7c1b3df3a975668be3d7d37695db
at org.openqa.selenium.remote.ErrorHandler.createThrowable(ErrorHandler.java:214)
at org.openqa.selenium.remote.ErrorHandler.throwIfResponseFailed(ErrorHandler.java:166)
at org.openqa.selenium.remote.http.JsonHttpResponseCodec.reconstructValue(JsonHttpResponseCodec.java:40)
at org.openqa.selenium.remote.http.AbstractHttpResponseCodec.decode(AbstractHttpResponseCodec.java:80)
at org.openqa.selenium.remote.http.AbstractHttpResponseCodec.decode(AbstractHttpResponseCodec.java:44)
at org.openqa.selenium.remote.HttpCommandExecutor.execute(HttpCommandExecutor.java:158)
at org.openqa.selenium.remote.service.DriverCommandExecutor.execute(DriverCommandExecutor.java:83)
at org.openqa.selenium.remote.RemoteWebDriver.execute(RemoteWebDriver.java:548)
at org.openqa.selenium.remote.RemoteWebDriver.executeScript(RemoteWebDriver.java:485)
at ru.yandex.qatools.ashot.util.InnerScript.execute(InnerScript.java:24)
... 34 more
... Removed 32 stack frames]]>
    </failure>
  </testcase> <!-- @AfterMethod tearDown -->
  <testcase name="login" time="4.443" classname="maintest.SPcasereg"/>
  <testcase name="TC_SPCR_001" time="3.055" classname="maintest.SPcasereg">
    <failure type="org.openqa.selenium.NoSuchElementException" message="no such element: Unable to locate element: {&amp;quot;method&amp;quot;:&amp;quot;id&amp;quot;,&amp;quot;selector&amp;quot;:&amp;quot;btnNewCase_Click&amp;quot;}
  (Session info: chrome=70.0.3538.102)
  (Driver info: chromedriver=2.42.591088 (7b2b2dca23cca0862f674758c9a3933e685c27d5),platform=Windows NT 6.1.7601 SP1 x86) (WARNING: The server did not provide any stacktrace information)
Command duration or timeout: 0 milliseconds
For documentation on this error, please visit: http://seleniumhq.org/exceptions/no_such_element.html
Build info: version: &amp;apos;3.14.0&amp;apos;, revision: &amp;apos;aacccce0&amp;apos;, time: &amp;apos;2018-08-02T20:19:58.91Z&amp;apos;
System info: host: &amp;apos;KAD-I-032&amp;apos;, ip: &amp;apos;192.168.2.67&amp;apos;, os.name: &amp;apos;Windows 7&amp;apos;, os.arch: &amp;apos;x86&amp;apos;, os.version: &amp;apos;6.1&amp;apos;, java.version: &amp;apos;1.8.0_191&amp;apos;
Driver info: org.openqa.selenium.chrome.ChromeDriver
Capabilities {acceptInsecureCerts: false, acceptSslCerts: false, applicationCacheEnabled: false, browserConnectionEnabled: false, browserName: chrome, chrome: {chromedriverVersion: 2.42.591088 (7b2b2dca23cca0..., userDataDir: C:\Users\admin\AppData\Loca...}, cssSelectorsEnabled: true, databaseEnabled: false, goog:chromeOptions: {debuggerAddress: localhost:52696}, handlesAlerts: true, hasTouchScreen: false, javascriptEnabled: true, locationContextEnabled: true, mobileEmulationEnabled: false, nativeEvents: true, networkConnectionEnabled: false, pageLoadStrategy: normal, platform: XP, platformName: XP, rotatable: false, setWindowRect: true, takesHeapSnapshot: true, takesScreenshot: true, unexpectedAlertBehaviour: , unhandledPromptBehavior: , version: 70.0.3538.102, webStorageEnabled: true}
Session ID: a77f7c1b3df3a975668be3d7d37695db
*** Element info: {Using=id, value=btnNewCase_Click}">
      <![CDATA[org.openqa.selenium.NoSuchElementException: no such element: Unable to locate element: {"method":"id","selector":"btnNewCase_Click"}
  (Session info: chrome=70.0.3538.102)
  (Driver info: chromedriver=2.42.591088 (7b2b2dca23cca0862f674758c9a3933e685c27d5),platform=Windows NT 6.1.7601 SP1 x86) (WARNING: The server did not provide any stacktrace information)
Command duration or timeout: 0 milliseconds
For documentation on this error, please visit: http://seleniumhq.org/exceptions/no_such_element.html
Build info: version: '3.14.0', revision: 'aacccce0', time: '2018-08-02T20:19:58.91Z'
System info: host: 'KAD-I-032', ip: '192.168.2.67', os.name: 'Windows 7', os.arch: 'x86', os.version: '6.1', java.version: '1.8.0_191'
Driver info: org.openqa.selenium.chrome.ChromeDriver
Capabilities {acceptInsecureCerts: false, acceptSslCerts: false, applicationCacheEnabled: false, browserConnectionEnabled: false, browserName: chrome, chrome: {chromedriverVersion: 2.42.591088 (7b2b2dca23cca0..., userDataDir: C:\Users\admin\AppData\Loca...}, cssSelectorsEnabled: true, databaseEnabled: false, goog:chromeOptions: {debuggerAddress: localhost:52696}, handlesAlerts: true, hasTouchScreen: false, javascriptEnabled: true, locationContextEnabled: true, mobileEmulationEnabled: false, nativeEvents: true, networkConnectionEnabled: false, pageLoadStrategy: normal, platform: XP, platformName: XP, rotatable: false, setWindowRect: true, takesHeapSnapshot: true, takesScreenshot: true, unexpectedAlertBehaviour: , unhandledPromptBehavior: , version: 70.0.3538.102, webStorageEnabled: true}
Session ID: a77f7c1b3df3a975668be3d7d37695db
*** Element info: {Using=id, value=btnNewCase_Click}
at org.openqa.selenium.remote.ErrorHandler.createThrowable(ErrorHandler.java:214)
at org.openqa.selenium.remote.ErrorHandler.throwIfResponseFailed(ErrorHandler.java:166)
at org.openqa.selenium.remote.http.JsonHttpResponseCodec.reconstructValue(JsonHttpResponseCodec.java:40)
at org.openqa.selenium.remote.http.AbstractHttpResponseCodec.decode(AbstractHttpResponseCodec.java:80)
at org.openqa.selenium.remote.http.AbstractHttpResponseCodec.decode(AbstractHttpResponseCodec.java:44)
at org.openqa.selenium.remote.HttpCommandExecutor.execute(HttpCommandExecutor.java:158)
at org.openqa.selenium.remote.service.DriverCommandExecutor.execute(DriverCommandExecutor.java:83)
at org.openqa.selenium.remote.RemoteWebDriver.execute(RemoteWebDriver.java:548)
at org.openqa.selenium.remote.RemoteWebDriver.findElement(RemoteWebDriver.java:322)
at org.openqa.selenium.remote.RemoteWebDriver.findElementById(RemoteWebDriver.java:368)
at org.openqa.selenium.By$ById.findElement(By.java:188)
at org.openqa.selenium.remote.RemoteWebDriver.findElement(RemoteWebDriver.java:314)
at environment.Utill.find(Utill.java:148)
at environment.Utill.click(Utill.java:254)
at pages.Home.clickRegister(Home.java:124)
at maintest.SPcasereg.TC_SPCR_001(SPcasereg.java:107)
... Removed 29 stack frames]]>
    </failure>
  </testcase> <!-- TC_SPCR_001 -->
  <testcase name="TC_SPCR_002" time="2.454" classname="maintest.SPcasereg">
    <failure type="java.lang.NullPointerException">
      <![CDATA[java.lang.NullPointerException
at environment.Utill.click(Utill.java:254)
at pages.CaseRegistration.addEditComponent(CaseRegistration.java:226)
at maintest.SPcasereg.TC_SPCR_002(SPcasereg.java:121)
... Removed 25 stack frames]]>
    </failure>
  </testcase> <!-- TC_SPCR_002 -->
  <testcase name="TC_SPCR_003" time="0.0" classname="maintest.SPcasereg">
    <skipped/>
  </testcase> <!-- TC_SPCR_003 -->
  <testcase name="TC_SCPR_004" time="0.0" classname="maintest.SPcasereg">
    <skipped/>
  </testcase> <!-- TC_SCPR_004 -->
  <testcase name="TC_SPCR_005" time="0.0" classname="maintest.SPcasereg">
    <skipped/>
  </testcase> <!-- TC_SPCR_005 -->
  <testcase name="TC_SPCR_006" time="0.0" classname="maintest.SPcasereg">
    <skipped/>
  </testcase> <!-- TC_SPCR_006 -->
  <testcase name="TC_SPCR_007" time="0.0" classname="maintest.SPcasereg">
    <skipped/>
  </testcase> <!-- TC_SPCR_007 -->
  <testcase name="TC_SPCR_008" time="0.0" classname="maintest.SPcasereg">
    <skipped/>
  </testcase> <!-- TC_SPCR_008 -->
  <testcase name="TC_SPCR_009" time="0.0" classname="maintest.SPcasereg">
    <skipped/>
  </testcase> <!-- TC_SPCR_009 -->
  <testcase name="TC_SPCR_010" time="0.0" classname="maintest.SPcasereg">
    <skipped/>
  </testcase> <!-- TC_SPCR_010 -->
  <testcase name="TC_SPCR_011" time="0.0" classname="maintest.SPcasereg">
    <skipped/>
  </testcase> <!-- TC_SPCR_011 -->
  <testcase name="TC_SPCR_022" time="0.0" classname="maintest.SPcasereg">
    <skipped/>
  </testcase> <!-- TC_SPCR_022 -->
  <testcase name="TC_SPCR_023" time="0.0" classname="maintest.SPcasereg">
    <skipped/>
  </testcase> <!-- TC_SPCR_023 -->
  <testcase name="TC_SPCR_024" time="0.0" classname="maintest.SPcasereg">
    <skipped/>
  </testcase> <!-- TC_SPCR_024 -->
  <testcase name="TC_SPCR_025" time="0.0" classname="maintest.SPcasereg">
    <skipped/>
  </testcase> <!-- TC_SPCR_025 -->
  <testcase name="TC_SPCR_026" time="0.0" classname="maintest.SPcasereg">
    <skipped/>
  </testcase> <!-- TC_SPCR_026 -->
  <testcase name="TC_SPCR_027" time="0.0" classname="maintest.SPcasereg">
    <skipped/>
  </testcase> <!-- TC_SPCR_027 -->
  <testcase name="TC_SPINF_001" time="0.0" classname="maintest.SPcasereg">
    <skipped/>
  </testcase> <!-- TC_SPINF_001 -->
  <testcase name="TC_SPINF_002" time="0.0" classname="maintest.SPcasereg">
    <skipped/>
  </testcase> <!-- TC_SPINF_002 -->
  <testcase name="TC_SPINF_003" time="0.0" classname="maintest.SPcasereg">
    <skipped/>
  </testcase> <!-- TC_SPINF_003 -->
  <testcase name="TC_SPINF_004" time="0.0" classname="maintest.SPcasereg">
    <skipped/>
  </testcase> <!-- TC_SPINF_004 -->
  <testcase name="TC_SPINF_005" time="0.0" classname="maintest.SPcasereg">
    <skipped/>
  </testcase> <!-- TC_SPINF_005 -->
  <testcase name="TC_SPINF_006" time="0.0" classname="maintest.SPcasereg">
    <skipped/>
  </testcase> <!-- TC_SPINF_006 -->
  <testcase name="TC_SPINF_007" time="0.0" classname="maintest.SPcasereg">
    <skipped/>
  </testcase> <!-- TC_SPINF_007 -->
  <testcase name="TC_SPINF_008" time="0.0" classname="maintest.SPcasereg">
    <skipped/>
  </testcase> <!-- TC_SPINF_008 -->
  <testcase name="TC_SPINF_009" time="0.0" classname="maintest.SPcasereg">
    <skipped/>
  </testcase> <!-- TC_SPINF_009 -->
  <testcase name="TC_SPINF_010" time="0.0" classname="maintest.SPcasereg">
    <skipped/>
  </testcase> <!-- TC_SPINF_010 -->
  <testcase name="TC_SPINF_011" time="0.0" classname="maintest.SPcasereg">
    <skipped/>
  </testcase> <!-- TC_SPINF_011 -->
  <testcase name="TC_SPINF_014" time="0.0" classname="maintest.SPcasereg">
    <skipped/>
  </testcase> <!-- TC_SPINF_014 -->
  <testcase name="TC_SPINF_017" time="0.0" classname="maintest.SPcasereg">
    <skipped/>
  </testcase> <!-- TC_SPINF_017 -->
  <testcase name="TC_SPINF_020" time="0.0" classname="maintest.SPcasereg">
    <skipped/>
  </testcase> <!-- TC_SPINF_020 -->
  <testcase name="TC_SPINF_023" time="0.0" classname="maintest.SPcasereg">
    <skipped/>
  </testcase> <!-- TC_SPINF_023 -->
  <testcase name="TC_SPINF_026" time="0.0" classname="maintest.SPcasereg">
    <skipped/>
  </testcase> <!-- TC_SPINF_026 -->
  <testcase name="TC_SPINF_029" time="0.0" classname="maintest.SPcasereg">
    <skipped/>
  </testcase> <!-- TC_SPINF_029 -->
  <testcase name="TC_SPINF_032" time="0.0" classname="maintest.SPcasereg">
    <skipped/>
  </testcase> <!-- TC_SPINF_032 -->
  <testcase name="TC_SPINF_035" time="0.0" classname="maintest.SPcasereg">
    <skipped/>
  </testcase> <!-- TC_SPINF_035 -->
  <testcase name="TC_SPINF_038" time="0.0" classname="maintest.SPcasereg">
    <skipped/>
  </testcase> <!-- TC_SPINF_038 -->
  <testcase name="TC_SPINF_012" time="0.0" classname="maintest.SPcasereg">
    <skipped/>
  </testcase> <!-- TC_SPINF_012 -->
  <testcase name="TC_SPINF_015" time="0.0" classname="maintest.SPcasereg">
    <skipped/>
  </testcase> <!-- TC_SPINF_015 -->
  <testcase name="TC_SPINF_018" time="0.0" classname="maintest.SPcasereg">
    <skipped/>
  </testcase> <!-- TC_SPINF_018 -->
  <testcase name="TC_SPINF_021" time="0.0" classname="maintest.SPcasereg">
    <skipped/>
  </testcase> <!-- TC_SPINF_021 -->
  <testcase name="TC_SPINF_039" time="0.0" classname="maintest.SPcasereg">
    <skipped/>
  </testcase> <!-- TC_SPINF_039 -->
  <testcase name="TC_SPINF_027" time="0.0" classname="maintest.SPcasereg">
    <skipped/>
  </testcase> <!-- TC_SPINF_027 -->
  <testcase name="TC_SPINF_033" time="0.0" classname="maintest.SPcasereg">
    <skipped/>
  </testcase> <!-- TC_SPINF_033 -->
  <testcase name="TC_SPINF_030" time="0.0" classname="maintest.SPcasereg">
    <skipped/>
  </testcase> <!-- TC_SPINF_030 -->
  <testcase name="TC_SPINF_024" time="0.0" classname="maintest.SPcasereg">
    <skipped/>
  </testcase> <!-- TC_SPINF_024 -->
  <testcase name="TC_SPNAPP_001" time="0.0" classname="maintest.SPcasereg">
    <skipped/>
  </testcase> <!-- TC_SPNAPP_001 -->
  <testcase name="TC_SPCEP_001" time="0.0" classname="maintest.SPcasereg">
    <skipped/>
  </testcase> <!-- TC_SPCEP_001 -->
  <testcase name="TC_SPCEP_002" time="0.0" classname="maintest.SPcasereg">
    <skipped/>
  </testcase> <!-- TC_SPCEP_002 -->
  <testcase name="TC_SPCEP_003" time="0.0" classname="maintest.SPcasereg">
    <skipped/>
  </testcase> <!-- TC_SPCEP_003 -->
  <testcase name="TC_SPCEP_004" time="0.0" classname="maintest.SPcasereg">
    <skipped/>
  </testcase> <!-- TC_SPCEP_004 -->
  <testcase name="TC_SPDOC_001" time="0.0" classname="maintest.SPcasereg">
    <skipped/>
  </testcase> <!-- TC_SPDOC_001 -->
  <testcase name="TC_SPDOC_002" time="0.0" classname="maintest.SPcasereg">
    <skipped/>
  </testcase> <!-- TC_SPDOC_002 -->
  <testcase name="TC_SPDOC_003" time="0.0" classname="maintest.SPcasereg">
    <skipped/>
  </testcase> <!-- TC_SPDOC_003 -->
  <testcase name="TC_SPDOC_004" time="0.0" classname="maintest.SPcasereg">
    <skipped/>
  </testcase> <!-- TC_SPDOC_004 -->
  <testcase name="TC_SPDOC_005" time="0.0" classname="maintest.SPcasereg">
    <skipped/>
  </testcase> <!-- TC_SPDOC_005 -->
  <testcase name="TC_SPDOC_006" time="0.0" classname="maintest.SPcasereg">
    <skipped/>
  </testcase> <!-- TC_SPDOC_006 -->
  <testcase name="TC_SPCR_017" time="0.0" classname="maintest.SPcasereg">
    <ignored/>
  </testcase> <!-- TC_SPCR_017 -->
  <testcase name="TC_SPCR_021" time="0.0" classname="maintest.SPcasereg">
    <ignored/>
  </testcase> <!-- TC_SPCR_021 -->
  <testcase name="TC_SPCR_012" time="0.0" classname="maintest.SPcasereg">
    <ignored/>
  </testcase> <!-- TC_SPCR_012 -->
  <testcase name="TC_SPCR_013" time="0.0" classname="maintest.SPcasereg">
    <ignored/>
  </testcase> <!-- TC_SPCR_013 -->
  <testcase name="TC_SPDOC_007" time="0.0" classname="maintest.SPcasereg">
    <ignored/>
  </testcase> <!-- TC_SPDOC_007 -->
  <testcase name="TC_SPCR_020" time="0.0" classname="maintest.SPcasereg">
    <ignored/>
  </testcase> <!-- TC_SPCR_020 -->
  <testcase name="TC_SPCR_018" time="0.0" classname="maintest.SPcasereg">
    <ignored/>
  </testcase> <!-- TC_SPCR_018 -->
  <testcase name="TC_SPCR_019" time="0.0" classname="maintest.SPcasereg">
    <ignored/>
  </testcase> <!-- TC_SPCR_019 -->
  <testcase name="TC_SPCR_014" time="0.0" classname="maintest.SPcasereg">
    <ignored/>
  </testcase> <!-- TC_SPCR_014 -->
  <testcase name="TC_SPCR_015" time="0.0" classname="maintest.SPcasereg">
    <ignored/>
  </testcase> <!-- TC_SPCR_015 -->
  <testcase name="TC_SPDOC_008" time="0.0" classname="maintest.SPcasereg">
    <ignored/>
  </testcase> <!-- TC_SPDOC_008 -->
  <testcase name="TC_SPCR_016" time="0.0" classname="maintest.SPcasereg">
    <ignored/>
  </testcase> <!-- TC_SPCR_016 -->
</testsuite> <!-- ServiceProviderCaseRegistration -->
