<?xml version="1.0" encoding="UTF-8"?>
<!-- Generated by org.testng.reporters.JUnitXMLReporter -->
<testsuite hostname="KAD-I-032" ignored="1" name="CLIENT CASE" tests="40" failures="1" timestamp="26 Nov 2018 14:40:22 GMT" time="454.961" errors="0">
  <testcase name="login" time="7.728" classname="maintest.ClientCaseReg"/>
  <testcase name="caseregistration" time="102.933" classname="maintest.ClientCaseReg"/>
  <testcase name="dataEntryAssign" time="60.163" classname="maintest.ClientCaseReg"/>
  <testcase name="dataEntry" time="264.534" classname="maintest.ClientCaseReg">
    <failure type="org.openqa.selenium.WebDriverException" message="unknown error: Element &amp;lt;span class=&amp;quot;rtsTxt&amp;quot;&amp;gt;...&amp;lt;/span&amp;gt; is not clickable at point (74, 479). Other element would receive the click: &amp;lt;div class=&amp;quot;raDiv&amp;quot;&amp;gt;...&amp;lt;/div&amp;gt;
  (Session info: headless chrome=70.0.3538.102)
  (Driver info: chromedriver=2.42.591088 (7b2b2dca23cca0862f674758c9a3933e685c27d5),platform=Windows NT 6.1.7601 SP1 x86) (WARNING: The server did not provide any stacktrace information)
Command duration or timeout: 0 milliseconds
Build info: version: &amp;apos;3.14.0&amp;apos;, revision: &amp;apos;aacccce0&amp;apos;, time: &amp;apos;2018-08-02T20:19:58.91Z&amp;apos;
System info: host: &amp;apos;KAD-I-032&amp;apos;, ip: &amp;apos;192.168.2.67&amp;apos;, os.name: &amp;apos;Windows 7&amp;apos;, os.arch: &amp;apos;x86&amp;apos;, os.version: &amp;apos;6.1&amp;apos;, java.version: &amp;apos;1.8.0_181&amp;apos;
Driver info: org.openqa.selenium.chrome.ChromeDriver
Capabilities {acceptInsecureCerts: false, acceptSslCerts: false, applicationCacheEnabled: false, browserConnectionEnabled: false, browserName: chrome, chrome: {chromedriverVersion: 2.42.591088 (7b2b2dca23cca0..., userDataDir: C:\Users\admin\AppData\Loca...}, cssSelectorsEnabled: true, databaseEnabled: false, goog:chromeOptions: {debuggerAddress: localhost:59037}, handlesAlerts: true, hasTouchScreen: false, javascriptEnabled: true, locationContextEnabled: true, mobileEmulationEnabled: false, nativeEvents: true, networkConnectionEnabled: false, pageLoadStrategy: normal, platform: XP, platformName: XP, rotatable: false, setWindowRect: true, takesHeapSnapshot: true, takesScreenshot: true, unexpectedAlertBehaviour: , unhandledPromptBehavior: , version: 70.0.3538.102, webStorageEnabled: true}
Session ID: 87d4d616fda5ba98176d1bb06915d638">
      <![CDATA[org.openqa.selenium.WebDriverException: unknown error: Element <span class="rtsTxt">...</span> is not clickable at point (74, 479). Other element would receive the click: <div class="raDiv">...</div>
  (Session info: headless chrome=70.0.3538.102)
  (Driver info: chromedriver=2.42.591088 (7b2b2dca23cca0862f674758c9a3933e685c27d5),platform=Windows NT 6.1.7601 SP1 x86) (WARNING: The server did not provide any stacktrace information)
Command duration or timeout: 0 milliseconds
Build info: version: '3.14.0', revision: 'aacccce0', time: '2018-08-02T20:19:58.91Z'
System info: host: 'KAD-I-032', ip: '192.168.2.67', os.name: 'Windows 7', os.arch: 'x86', os.version: '6.1', java.version: '1.8.0_181'
Driver info: org.openqa.selenium.chrome.ChromeDriver
Capabilities {acceptInsecureCerts: false, acceptSslCerts: false, applicationCacheEnabled: false, browserConnectionEnabled: false, browserName: chrome, chrome: {chromedriverVersion: 2.42.591088 (7b2b2dca23cca0..., userDataDir: C:\Users\admin\AppData\Loca...}, cssSelectorsEnabled: true, databaseEnabled: false, goog:chromeOptions: {debuggerAddress: localhost:59037}, handlesAlerts: true, hasTouchScreen: false, javascriptEnabled: true, locationContextEnabled: true, mobileEmulationEnabled: false, nativeEvents: true, networkConnectionEnabled: false, pageLoadStrategy: normal, platform: XP, platformName: XP, rotatable: false, setWindowRect: true, takesHeapSnapshot: true, takesScreenshot: true, unexpectedAlertBehaviour: , unhandledPromptBehavior: , version: 70.0.3538.102, webStorageEnabled: true}
Session ID: 87d4d616fda5ba98176d1bb06915d638
at org.openqa.selenium.remote.ErrorHandler.createThrowable(ErrorHandler.java:214)
at org.openqa.selenium.remote.ErrorHandler.throwIfResponseFailed(ErrorHandler.java:166)
at org.openqa.selenium.remote.http.JsonHttpResponseCodec.reconstructValue(JsonHttpResponseCodec.java:40)
at org.openqa.selenium.remote.http.AbstractHttpResponseCodec.decode(AbstractHttpResponseCodec.java:80)
at org.openqa.selenium.remote.http.AbstractHttpResponseCodec.decode(AbstractHttpResponseCodec.java:44)
at org.openqa.selenium.remote.HttpCommandExecutor.execute(HttpCommandExecutor.java:158)
at org.openqa.selenium.remote.service.DriverCommandExecutor.execute(DriverCommandExecutor.java:83)
at org.openqa.selenium.remote.RemoteWebDriver.execute(RemoteWebDriver.java:548)
at org.openqa.selenium.remote.RemoteWebElement.execute(RemoteWebElement.java:276)
at org.openqa.selenium.remote.RemoteWebElement.click(RemoteWebElement.java:83)
at environment.Utill.click(Utill.java:243)
at dataEntry.Criminal.criminalcheck(Criminal.java:32)
at dataEntry.Criminal.CurrentAddress(Criminal.java:335)
at maintest.ClientCaseReg.dataEntry(ClientCaseReg.java:173)
... Removed 32 stack frames]]>
    </failure>
  </testcase> <!-- dataEntry -->
  <testcase name="dataEntryQCAssign" time="0.0" classname="maintest.ClientCaseReg">
    <skipped/>
  </testcase> <!-- dataEntryQCAssign -->
  <testcase name="AddressDEQC" time="0.0" classname="maintest.ClientCaseReg">
    <skipped/>
  </testcase> <!-- AddressDEQC -->
  <testcase name="EducationDEQC" time="0.0" classname="maintest.ClientCaseReg">
    <skipped/>
  </testcase> <!-- EducationDEQC -->
  <testcase name="EmploymentDEQC" time="0.0" classname="maintest.ClientCaseReg">
    <skipped/>
  </testcase> <!-- EmploymentDEQC -->
  <testcase name="ReferenceDEQC" time="0.0" classname="maintest.ClientCaseReg">
    <skipped/>
  </testcase> <!-- ReferenceDEQC -->
  <testcase name="DataBaseDEQC" time="0.0" classname="maintest.ClientCaseReg">
    <skipped/>
  </testcase> <!-- DataBaseDEQC -->
  <testcase name="CriminalDEQC" time="0.0" classname="maintest.ClientCaseReg">
    <skipped/>
  </testcase> <!-- CriminalDEQC -->
  <testcase name="CreditDEQC" time="0.0" classname="maintest.ClientCaseReg">
    <skipped/>
  </testcase> <!-- CreditDEQC -->
  <testcase name="CourtDEQC" time="0.0" classname="maintest.ClientCaseReg">
    <skipped/>
  </testcase> <!-- CourtDEQC -->
  <testcase name="IdDEQC" time="0.0" classname="maintest.ClientCaseReg">
    <skipped/>
  </testcase> <!-- IdDEQC -->
  <testcase name="VerificationSupervisor" time="0.0" classname="maintest.ClientCaseReg">
    <skipped/>
  </testcase> <!-- VerificationSupervisor -->
  <testcase name="VerificationIntiation" time="0.0" classname="maintest.ClientCaseReg">
    <skipped/>
  </testcase> <!-- VerificationIntiation -->
  <testcase name="AddressVerification" time="0.0" classname="maintest.ClientCaseReg">
    <skipped/>
  </testcase> <!-- AddressVerification -->
  <testcase name="EducationVerification" time="0.0" classname="maintest.ClientCaseReg">
    <skipped/>
  </testcase> <!-- EducationVerification -->
  <testcase name="EmploymentVerification" time="0.0" classname="maintest.ClientCaseReg">
    <skipped/>
  </testcase> <!-- EmploymentVerification -->
  <testcase name="ReferenceVerification" time="0.0" classname="maintest.ClientCaseReg">
    <skipped/>
  </testcase> <!-- ReferenceVerification -->
  <testcase name="DatabaseVerification" time="0.0" classname="maintest.ClientCaseReg">
    <skipped/>
  </testcase> <!-- DatabaseVerification -->
  <testcase name="CriminalVerification" time="0.0" classname="maintest.ClientCaseReg">
    <skipped/>
  </testcase> <!-- CriminalVerification -->
  <testcase name="CreditVerification" time="0.0" classname="maintest.ClientCaseReg">
    <skipped/>
  </testcase> <!-- CreditVerification -->
  <testcase name="CourtVerification" time="0.0" classname="maintest.ClientCaseReg">
    <skipped/>
  </testcase> <!-- CourtVerification -->
  <testcase name="IDVerification" time="0.0" classname="maintest.ClientCaseReg">
    <skipped/>
  </testcase> <!-- IDVerification -->
  <testcase name="DrugVerification" time="0.0" classname="maintest.ClientCaseReg">
    <skipped/>
  </testcase> <!-- DrugVerification -->
  <testcase name="ReportGenerationSupervision" time="0.0" classname="maintest.ClientCaseReg">
    <skipped/>
  </testcase> <!-- ReportGenerationSupervision -->
  <testcase name="AddressReportGeneration" time="0.0" classname="maintest.ClientCaseReg">
    <skipped/>
  </testcase> <!-- AddressReportGeneration -->
  <testcase name="EducationReportGeneration" time="0.0" classname="maintest.ClientCaseReg">
    <skipped/>
  </testcase> <!-- EducationReportGeneration -->
  <testcase name="EmploymentReportGeneration" time="0.0" classname="maintest.ClientCaseReg">
    <skipped/>
  </testcase> <!-- EmploymentReportGeneration -->
  <testcase name="ReferenceReportGeneration" time="0.0" classname="maintest.ClientCaseReg">
    <skipped/>
  </testcase> <!-- ReferenceReportGeneration -->
  <testcase name="DatabaseReportGeneration" time="0.0" classname="maintest.ClientCaseReg">
    <skipped/>
  </testcase> <!-- DatabaseReportGeneration -->
  <testcase name="CriminalReportGeneration" time="0.0" classname="maintest.ClientCaseReg">
    <skipped/>
  </testcase> <!-- CriminalReportGeneration -->
  <testcase name="CreditReportGeneration" time="0.0" classname="maintest.ClientCaseReg">
    <skipped/>
  </testcase> <!-- CreditReportGeneration -->
  <testcase name="CourtReportGeneration" time="0.0" classname="maintest.ClientCaseReg">
    <skipped/>
  </testcase> <!-- CourtReportGeneration -->
  <testcase name="DrugReportGeneration" time="0.0" classname="maintest.ClientCaseReg">
    <skipped/>
  </testcase> <!-- DrugReportGeneration -->
  <testcase name="IdReportGeneration" time="0.0" classname="maintest.ClientCaseReg">
    <skipped/>
  </testcase> <!-- IdReportGeneration -->
  <testcase name="ReportGenerationSubmit" time="0.0" classname="maintest.ClientCaseReg">
    <skipped/>
  </testcase> <!-- ReportGenerationSubmit -->
  <testcase name="ReportValidationSupervisor" time="0.0" classname="maintest.ClientCaseReg">
    <skipped/>
  </testcase> <!-- ReportValidationSupervisor -->
  <testcase name="ReportValidation" time="0.0" classname="maintest.ClientCaseReg">
    <skipped/>
  </testcase> <!-- ReportValidation -->
  <testcase name="readPdfIndex" time="0.0" classname="maintest.ClientCaseReg">
    <ignored/>
  </testcase> <!-- readPdfIndex -->
</testsuite> <!-- CLIENT CASE -->
