<?xml version="1.0" encoding="UTF-8"?>
<!-- Generated by org.testng.reporters.JUnitReportReporter -->
<testsuite skipped="3" hostname="KAD-I-032" name="maintest.SPcasereg" tests="70" failures="0" timestamp="29 Nov 2018 12:44:01 GMT" time="2317.878" errors="1">
  <testcase name="login" time="37.899" classname="maintest.SPcasereg"/>
  <testcase name="TC_SPCR_001" time="5.150" classname="maintest.SPcasereg"/>
  <testcase name="TC_SPCR_002" time="3.735" classname="maintest.SPcasereg"/>
  <testcase name="TC_SPCR_003" time="0.049" classname="maintest.SPcasereg"/>
  <testcase name="TC_SCPR_004" time="0.037" classname="maintest.SPcasereg"/>
  <testcase name="TC_SPCR_005" time="0.063" classname="maintest.SPcasereg"/>
  <testcase name="TC_SPCR_006" time="0.047" classname="maintest.SPcasereg"/>
  <testcase name="TC_SPCR_007" time="0.047" classname="maintest.SPcasereg"/>
  <testcase name="TC_SPCR_008" time="0.049" classname="maintest.SPcasereg"/>
  <testcase name="TC_SPCR_009" time="0.036" classname="maintest.SPcasereg"/>
  <testcase name="TC_SPCR_010" time="102.697" classname="maintest.SPcasereg"/>
  <testcase name="TC_SPCR_011" time="97.746" classname="maintest.SPcasereg"/>
  <testcase name="TC_SPCR_012" time="81.304" classname="maintest.SPcasereg"/>
  <testcase name="TC_SPCR_013" time="87.878" classname="maintest.SPcasereg"/>
  <testcase name="TC_SPCR_014" time="81.233" classname="maintest.SPcasereg"/>
  <testcase name="TC_SPCR_015" time="84.952" classname="maintest.SPcasereg"/>
  <testcase name="TC_SPCR_016" time="90.979" classname="maintest.SPcasereg"/>
  <testcase name="TC_SPCR_017" time="84.300" classname="maintest.SPcasereg"/>
  <testcase name="TC_SPCR_018" time="87.116" classname="maintest.SPcasereg"/>
  <testcase name="TC_SPCR_019" time="93.625" classname="maintest.SPcasereg"/>
  <testcase name="TC_SPCR_020" time="90.098" classname="maintest.SPcasereg"/>
  <testcase name="TC_SPCR_021" time="90.036" classname="maintest.SPcasereg"/>
  <testcase name="TC_SPCR_022" time="31.736" classname="maintest.SPcasereg"/>
  <testcase name="TC_SPCR_023" time="21.629" classname="maintest.SPcasereg"/>
  <testcase name="TC_SPCR_024" time="13.319" classname="maintest.SPcasereg"/>
  <testcase name="TC_SPCR_025" time="32.247" classname="maintest.SPcasereg"/>
  <testcase name="TC_SPCR_026" time="34.427" classname="maintest.SPcasereg"/>
  <testcase name="TC_SPCR_027" time="30.916" classname="maintest.SPcasereg"/>
  <testcase name="TC_SPINF_001" time="55.054" classname="maintest.SPcasereg"/>
  <testcase name="TC_SPINF_002" time="90.434" classname="maintest.SPcasereg"/>
  <testcase name="TC_SPINF_003" time="0.127" classname="maintest.SPcasereg"/>
  <testcase name="TC_SPINF_004" time="3.711" classname="maintest.SPcasereg"/>
  <testcase name="TC_SPINF_005" time="38.498" classname="maintest.SPcasereg"/>
  <testcase name="TC_SPINF_006" time="44.121" classname="maintest.SPcasereg"/>
  <testcase name="TC_SPINF_007" time="46.072" classname="maintest.SPcasereg"/>
  <testcase name="TC_SPINF_008" time="10.995" classname="maintest.SPcasereg"/>
  <testcase name="TC_SPINF_009" time="3.727" classname="maintest.SPcasereg"/>
  <testcase name="TC_SPINF_010" time="60.358" classname="maintest.SPcasereg"/>
  <testcase name="TC_SPINF_011" time="56.723" classname="maintest.SPcasereg"/>
  <testcase name="TC_SPINF_014" time="0.047" classname="maintest.SPcasereg"/>
  <testcase name="TC_SPINF_017" time="0.047" classname="maintest.SPcasereg"/>
  <testcase name="TC_SPINF_020" time="0.047" classname="maintest.SPcasereg"/>
  <testcase name="TC_SPINF_023" time="0.046" classname="maintest.SPcasereg"/>
  <testcase name="TC_SPINF_026" time="0.047" classname="maintest.SPcasereg"/>
  <testcase name="TC_SPINF_029" time="0.048" classname="maintest.SPcasereg"/>
  <testcase name="TC_SPINF_032" time="0.047" classname="maintest.SPcasereg"/>
  <testcase name="TC_SPINF_035" time="0.060" classname="maintest.SPcasereg"/>
  <testcase name="TC_SPINF_038" time="1.409" classname="maintest.SPcasereg"/>
  <testcase name="TC_SPINF_012" time="219.642" classname="maintest.SPcasereg"/>
  <testcase name="TC_SPINF_015" time="8.124" classname="maintest.SPcasereg"/>
  <testcase name="TC_SPINF_018" time="8.040" classname="maintest.SPcasereg"/>
  <testcase name="TC_SPINF_021" time="7.027" classname="maintest.SPcasereg"/>
  <testcase name="TC_SPINF_039" time="7.168" classname="maintest.SPcasereg"/>
  <testcase name="TC_SPINF_027" time="6.380" classname="maintest.SPcasereg"/>
  <testcase name="TC_SPINF_033" time="5.944" classname="maintest.SPcasereg"/>
  <testcase name="TC_SPINF_030" time="5.345" classname="maintest.SPcasereg"/>
  <testcase name="TC_SPINF_024" time="27.212" classname="maintest.SPcasereg"/>
  <testcase name="TC_SPNAPP_001" time="70.385" classname="maintest.SPcasereg"/>
  <testcase name="TC_SPCEP_001" time="55.088" classname="maintest.SPcasereg"/>
  <testcase name="TC_SPCEP_002" time="18.022" classname="maintest.SPcasereg"/>
  <testcase name="TC_SPCEP_003" time="3.048" classname="maintest.SPcasereg">
    <error type="org.openqa.selenium.NoSuchElementException" message="no such element: Unable to locate element: {&quot;method&quot;:&quot;id&quot;,&quot;selector&quot;:&quot;(//td[text()=&#039;HDFC000951&#039;])[2]&quot;}
  (Session info: headless chrome=70.0.3538.110)
  (Driver info: chromedriver=2.42.591088 (7b2b2dca23cca0862f674758c9a3933e685c27d5),platform=Windows NT 6.1.7601 SP1 x86) (WARNING: The server did not provide any stacktrace information)
Command duration or timeout: 0 milliseconds
For documentation on this error, please visit: http://seleniumhq.org/exceptions/no_such_element.html
Build info: version: &#039;3.14.0&#039;, revision: &#039;aacccce0&#039;, time: &#039;2018-08-02T20:19:58.91Z&#039;
System info: host: &#039;KAD-I-032&#039;, ip: &#039;192.168.2.67&#039;, os.name: &#039;Windows 7&#039;, os.arch: &#039;x86&#039;, os.version: &#039;6.1&#039;, java.version: &#039;1.8.0_191&#039;
Driver info: org.openqa.selenium.chrome.ChromeDriver
Capabilities {acceptInsecureCerts: false, acceptSslCerts: false, applicationCacheEnabled: false, browserConnectionEnabled: false, browserName: chrome, chrome: {chromedriverVersion: 2.42.591088 (7b2b2dca23cca0..., userDataDir: C:\Users\admin\AppData\Loca...}, cssSelectorsEnabled: true, databaseEnabled: false, goog:chromeOptions: {debuggerAddress: localhost:60120}, handlesAlerts: true, hasTouchScreen: false, javascriptEnabled: true, locationContextEnabled: true, mobileEmulationEnabled: false, nativeEvents: true, networkConnectionEnabled: false, pageLoadStrategy: normal, platform: XP, platformName: XP, rotatable: false, setWindowRect: true, takesHeapSnapshot: true, takesScreenshot: true, unexpectedAlertBehaviour: , unhandledPromptBehavior: , version: 70.0.3538.110, webStorageEnabled: true}
Session ID: a140b2842ed13e8bcac1ea528bdd3dd2
*** Element info: {Using=id, value=(//td[text()=&#039;HDFC000951&#039;])[2]}">
      <![CDATA[org.openqa.selenium.NoSuchElementException: no such element: Unable to locate element: {"method":"id","selector":"(//td[text()='HDFC000951'])[2]"}
  (Session info: headless chrome=70.0.3538.110)
  (Driver info: chromedriver=2.42.591088 (7b2b2dca23cca0862f674758c9a3933e685c27d5),platform=Windows NT 6.1.7601 SP1 x86) (WARNING: The server did not provide any stacktrace information)
Command duration or timeout: 0 milliseconds
For documentation on this error, please visit: http://seleniumhq.org/exceptions/no_such_element.html
Build info: version: '3.14.0', revision: 'aacccce0', time: '2018-08-02T20:19:58.91Z'
System info: host: 'KAD-I-032', ip: '192.168.2.67', os.name: 'Windows 7', os.arch: 'x86', os.version: '6.1', java.version: '1.8.0_191'
Driver info: org.openqa.selenium.chrome.ChromeDriver
Capabilities {acceptInsecureCerts: false, acceptSslCerts: false, applicationCacheEnabled: false, browserConnectionEnabled: false, browserName: chrome, chrome: {chromedriverVersion: 2.42.591088 (7b2b2dca23cca0..., userDataDir: C:\Users\admin\AppData\Loca...}, cssSelectorsEnabled: true, databaseEnabled: false, goog:chromeOptions: {debuggerAddress: localhost:60120}, handlesAlerts: true, hasTouchScreen: false, javascriptEnabled: true, locationContextEnabled: true, mobileEmulationEnabled: false, nativeEvents: true, networkConnectionEnabled: false, pageLoadStrategy: normal, platform: XP, platformName: XP, rotatable: false, setWindowRect: true, takesHeapSnapshot: true, takesScreenshot: true, unexpectedAlertBehaviour: , unhandledPromptBehavior: , version: 70.0.3538.110, webStorageEnabled: true}
Session ID: a140b2842ed13e8bcac1ea528bdd3dd2
*** Element info: {Using=id, value=(//td[text()='HDFC000951'])[2]}
at sun.reflect.GeneratedConstructorAccessor16.newInstance(Unknown Source)
at sun.reflect.DelegatingConstructorAccessorImpl.newInstance(Unknown Source)
at java.lang.reflect.Constructor.newInstance(Unknown Source)
at org.openqa.selenium.remote.ErrorHandler.createThrowable(ErrorHandler.java:214)
at org.openqa.selenium.remote.ErrorHandler.throwIfResponseFailed(ErrorHandler.java:166)
at org.openqa.selenium.remote.http.JsonHttpResponseCodec.reconstructValue(JsonHttpResponseCodec.java:40)
at org.openqa.selenium.remote.http.AbstractHttpResponseCodec.decode(AbstractHttpResponseCodec.java:80)
at org.openqa.selenium.remote.http.AbstractHttpResponseCodec.decode(AbstractHttpResponseCodec.java:44)
at org.openqa.selenium.remote.HttpCommandExecutor.execute(HttpCommandExecutor.java:158)
at org.openqa.selenium.remote.service.DriverCommandExecutor.execute(DriverCommandExecutor.java:83)
at org.openqa.selenium.remote.RemoteWebDriver.execute(RemoteWebDriver.java:548)
at org.openqa.selenium.remote.RemoteWebDriver.findElement(RemoteWebDriver.java:322)
at org.openqa.selenium.remote.RemoteWebDriver.findElementById(RemoteWebDriver.java:368)
at org.openqa.selenium.By$ById.findElement(By.java:188)
at org.openqa.selenium.remote.RemoteWebDriver.findElement(RemoteWebDriver.java:314)
at environment.Utill.find(Utill.java:140)
at environment.Utill.click(Utill.java:243)
at actions.CEP.upload(CEP.java:132)
at maintest.SPcasereg.TC_SPCEP_003(SPcasereg.java:1947)
at sun.reflect.NativeMethodAccessorImpl.invoke0(Native Method)
at sun.reflect.NativeMethodAccessorImpl.invoke(Unknown Source)
at sun.reflect.DelegatingMethodAccessorImpl.invoke(Unknown Source)
at java.lang.reflect.Method.invoke(Unknown Source)
at org.testng.internal.MethodInvocationHelper.invokeMethod(MethodInvocationHelper.java:124)
at org.testng.internal.Invoker.invokeMethod(Invoker.java:580)
at org.testng.internal.Invoker.invokeTestMethod(Invoker.java:716)
at org.testng.internal.Invoker.invokeTestMethods(Invoker.java:988)
at org.testng.internal.TestMethodWorker.invokeTestMethods(TestMethodWorker.java:125)
at org.testng.internal.TestMethodWorker.run(TestMethodWorker.java:109)
at org.testng.TestRunner.privateRun(TestRunner.java:648)
at org.testng.TestRunner.run(TestRunner.java:505)
at org.testng.SuiteRunner.runTest(SuiteRunner.java:455)
at org.testng.SuiteRunner.runSequentially(SuiteRunner.java:450)
at org.testng.SuiteRunner.privateRun(SuiteRunner.java:415)
at org.testng.SuiteRunner.run(SuiteRunner.java:364)
at org.testng.SuiteRunnerWorker.runSuite(SuiteRunnerWorker.java:52)
at org.testng.SuiteRunnerWorker.run(SuiteRunnerWorker.java:84)
at org.testng.TestNG.runSuitesSequentially(TestNG.java:1208)
at org.testng.TestNG.runSuitesLocally(TestNG.java:1137)
at org.testng.TestNG.runSuites(TestNG.java:1049)
at org.testng.TestNG.run(TestNG.java:1017)
at org.testng.remote.AbstractRemoteTestNG.run(AbstractRemoteTestNG.java:114)
at org.testng.remote.RemoteTestNG.initAndRun(RemoteTestNG.java:251)
at org.testng.remote.RemoteTestNG.main(RemoteTestNG.java:77)
]]>
    </error>
  </testcase> <!-- TC_SPCEP_003 -->
  <testcase name="TC_SPCEP_004" time="0.000" classname="maintest.SPcasereg">
    <skipped/>
  </testcase> <!-- TC_SPCEP_004 -->
  <testcase name="TC_SPDOC_001" time="42.317" classname="maintest.SPcasereg"/>
  <testcase name="TC_SPDOC_002" time="11.557" classname="maintest.SPcasereg"/>
  <testcase name="TC_SPDOC_003" time="11.585" classname="maintest.SPcasereg"/>
  <testcase name="TC_SPDOC_004" time="25.167" classname="maintest.SPcasereg"/>
  <testcase name="TC_SPDOC_005" time="83.389" classname="maintest.SPcasereg"/>
  <testcase name="TC_SPDOC_006" time="7.470" classname="maintest.SPcasereg"/>
  <testcase name="TC_SPDOC_007" classname="maintest.SPcasereg">
    <skipped/>
  </testcase> <!-- TC_SPDOC_007 -->
  <testcase name="TC_SPDOC_008" classname="maintest.SPcasereg">
    <skipped/>
  </testcase> <!-- TC_SPDOC_008 -->
</testsuite> <!-- maintest.SPcasereg -->
