<?xml version="1.0" encoding="UTF-8"?>
<!-- Generated by org.testng.reporters.JUnitReportReporter -->
<testsuite skipped="14" hostname="KAD-I-032" name="maintest.ClientCaseReg" tests="41" failures="1" timestamp="15 Nov 2018 11:52:24 GMT" time="2456.004" errors="1">
  <testcase name="login" time="7.310" classname="maintest.ClientCaseReg"/>
  <testcase name="caseregistration" time="104.684" classname="maintest.ClientCaseReg"/>
  <testcase name="dataEntryAssign" time="60.110" classname="maintest.ClientCaseReg"/>
  <testcase name="dataEntry" time="483.023" classname="maintest.ClientCaseReg"/>
  <testcase name="dataEntryQCAssign" time="54.426" classname="maintest.ClientCaseReg"/>
  <testcase name="AddressDEQC" time="48.568" classname="maintest.ClientCaseReg"/>
  <testcase name="EducationDEQC" time="28.726" classname="maintest.ClientCaseReg"/>
  <testcase name="EmploymentDEQC" time="27.789" classname="maintest.ClientCaseReg"/>
  <testcase name="ReferenceDEQC" time="13.336" classname="maintest.ClientCaseReg"/>
  <testcase name="DataBaseDEQC" time="13.320" classname="maintest.ClientCaseReg"/>
  <testcase name="CriminalDEQC" time="31.586" classname="maintest.ClientCaseReg"/>
  <testcase name="CreditDEQC" time="11.961" classname="maintest.ClientCaseReg"/>
  <testcase name="CourtDEQC" time="31.420" classname="maintest.ClientCaseReg"/>
  <testcase name="IdDEQC" time="27.257" classname="maintest.ClientCaseReg"/>
  <testcase name="VerificationSupervisor" time="34.398" classname="maintest.ClientCaseReg"/>
  <testcase name="VerificationIntiation" time="502.292" classname="maintest.ClientCaseReg"/>
  <testcase name="AddressVerification" time="165.529" classname="maintest.ClientCaseReg"/>
  <testcase name="EducationVerification" time="107.022" classname="maintest.ClientCaseReg"/>
  <testcase name="EmploymentVerification" time="89.016" classname="maintest.ClientCaseReg">
    <error type="org.openqa.selenium.TimeoutException" message="Expected condition failed: waiting for presence of element located by: By.xpath: //span[text()=&#039;OK&#039;] (tried for 50 second(s) with 500 milliseconds interval)">
      <![CDATA[org.openqa.selenium.TimeoutException: Expected condition failed: waiting for presence of element located by: By.xpath: //span[text()='OK'] (tried for 50 second(s) with 500 milliseconds interval)
at org.openqa.selenium.support.ui.WebDriverWait.timeoutException(WebDriverWait.java:113)
at org.openqa.selenium.support.ui.FluentWait.until(FluentWait.java:283)
at environment.Utill.confirmAlert(Utill.java:983)
at verification.Employment.submit(Employment.java:34)
at verification.Employment.Verification(Employment.java:171)
at maintest.ClientCaseReg.EmploymentVerification(ClientCaseReg.java:438)
at sun.reflect.NativeMethodAccessorImpl.invoke0(Native Method)
at sun.reflect.NativeMethodAccessorImpl.invoke(Unknown Source)
at sun.reflect.DelegatingMethodAccessorImpl.invoke(Unknown Source)
at java.lang.reflect.Method.invoke(Unknown Source)
at org.testng.internal.MethodInvocationHelper.invokeMethod(MethodInvocationHelper.java:124)
at org.testng.internal.Invoker.invokeMethod(Invoker.java:580)
at org.testng.internal.Invoker.invokeTestMethod(Invoker.java:716)
at org.testng.internal.Invoker.invokeTestMethods(Invoker.java:988)
at org.testng.internal.TestMethodWorker.invokeTestMethods(TestMethodWorker.java:125)
at org.testng.internal.TestMethodWorker.run(TestMethodWorker.java:109)
at org.testng.TestRunner.privateRun(TestRunner.java:648)
at org.testng.TestRunner.run(TestRunner.java:505)
at org.testng.SuiteRunner.runTest(SuiteRunner.java:455)
at org.testng.SuiteRunner.runSequentially(SuiteRunner.java:450)
at org.testng.SuiteRunner.privateRun(SuiteRunner.java:415)
at org.testng.SuiteRunner.run(SuiteRunner.java:364)
at org.testng.SuiteRunnerWorker.runSuite(SuiteRunnerWorker.java:52)
at org.testng.SuiteRunnerWorker.run(SuiteRunnerWorker.java:84)
at org.testng.TestNG.runSuitesSequentially(TestNG.java:1208)
at org.testng.TestNG.runSuitesLocally(TestNG.java:1137)
at org.testng.TestNG.runSuites(TestNG.java:1049)
at org.testng.TestNG.run(TestNG.java:1017)
at org.testng.remote.AbstractRemoteTestNG.run(AbstractRemoteTestNG.java:114)
at org.testng.remote.RemoteTestNG.initAndRun(RemoteTestNG.java:251)
at org.testng.remote.RemoteTestNG.main(RemoteTestNG.java:77)
Caused by: org.openqa.selenium.NoSuchElementException: Cannot locate an element using By.xpath: //span[text()='OK']
For documentation on this error, please visit: http://seleniumhq.org/exceptions/no_such_element.html
Build info: version: '3.14.0', revision: 'aacccce0', time: '2018-08-02T20:19:58.91Z'
System info: host: 'KAD-I-032', ip: '192.168.2.67', os.name: 'Windows 7', os.arch: 'x86', os.version: '6.1', java.version: '1.8.0_191'
Driver info: driver.version: unknown
at org.openqa.selenium.support.ui.ExpectedConditions.lambda$findElement$0(ExpectedConditions.java:896)
at java.util.Optional.orElseThrow(Unknown Source)
at org.openqa.selenium.support.ui.ExpectedConditions.findElement(ExpectedConditions.java:895)
at org.openqa.selenium.support.ui.ExpectedConditions.access$000(ExpectedConditions.java:44)
at org.openqa.selenium.support.ui.ExpectedConditions$6.apply(ExpectedConditions.java:183)
at org.openqa.selenium.support.ui.ExpectedConditions$6.apply(ExpectedConditions.java:180)
at org.openqa.selenium.support.ui.FluentWait.until(FluentWait.java:260)
... 29 more
]]>
    </error>
  </testcase> <!-- EmploymentVerification -->
  <testcase name="ReferenceVerification" time="54.427" classname="maintest.ClientCaseReg"/>
  <testcase name="DatabaseVerification" time="69.753" classname="maintest.ClientCaseReg"/>
  <testcase name="CriminalVerification" time="96.035" classname="maintest.ClientCaseReg"/>
  <testcase name="CreditVerification" time="52.762" classname="maintest.ClientCaseReg"/>
  <testcase name="CourtVerification" time="121.856" classname="maintest.ClientCaseReg"/>
  <testcase name="IDVerification" time="89.557" classname="maintest.ClientCaseReg"/>
  <testcase name="DrugVerification" time="66.362" classname="maintest.ClientCaseReg"/>
  <testcase name="ReportGenerationSupervision" time="63.479" classname="maintest.ClientCaseReg">
    <failure type="java.lang.AssertionError" message="The following asserts failed:
	expected [Report Generation Pending] but found [After Verification Initiation],
	expected [Report Generation Pending] but found [After Verification Initiation]">
      <![CDATA[java.lang.AssertionError: The following asserts failed:
expected [Report Generation Pending] but found [After Verification Initiation],
expected [Report Generation Pending] but found [After Verification Initiation]
at org.testng.asserts.SoftAssert.assertAll(SoftAssert.java:43)
at maintest.ClientCaseReg.ReportGenerationSupervision(ClientCaseReg.java:548)
at sun.reflect.NativeMethodAccessorImpl.invoke0(Native Method)
at sun.reflect.NativeMethodAccessorImpl.invoke(Unknown Source)
at sun.reflect.DelegatingMethodAccessorImpl.invoke(Unknown Source)
at java.lang.reflect.Method.invoke(Unknown Source)
at org.testng.internal.MethodInvocationHelper.invokeMethod(MethodInvocationHelper.java:124)
at org.testng.internal.Invoker.invokeMethod(Invoker.java:580)
at org.testng.internal.Invoker.invokeTestMethod(Invoker.java:716)
at org.testng.internal.Invoker.invokeTestMethods(Invoker.java:988)
at org.testng.internal.TestMethodWorker.invokeTestMethods(TestMethodWorker.java:125)
at org.testng.internal.TestMethodWorker.run(TestMethodWorker.java:109)
at org.testng.TestRunner.privateRun(TestRunner.java:648)
at org.testng.TestRunner.run(TestRunner.java:505)
at org.testng.SuiteRunner.runTest(SuiteRunner.java:455)
at org.testng.SuiteRunner.runSequentially(SuiteRunner.java:450)
at org.testng.SuiteRunner.privateRun(SuiteRunner.java:415)
at org.testng.SuiteRunner.run(SuiteRunner.java:364)
at org.testng.SuiteRunnerWorker.runSuite(SuiteRunnerWorker.java:52)
at org.testng.SuiteRunnerWorker.run(SuiteRunnerWorker.java:84)
at org.testng.TestNG.runSuitesSequentially(TestNG.java:1208)
at org.testng.TestNG.runSuitesLocally(TestNG.java:1137)
at org.testng.TestNG.runSuites(TestNG.java:1049)
at org.testng.TestNG.run(TestNG.java:1017)
at org.testng.remote.AbstractRemoteTestNG.run(AbstractRemoteTestNG.java:114)
at org.testng.remote.RemoteTestNG.initAndRun(RemoteTestNG.java:251)
at org.testng.remote.RemoteTestNG.main(RemoteTestNG.java:77)
]]>
    </failure>
  </testcase> <!-- ReportGenerationSupervision -->
  <testcase name="AddressReportGeneration" time="0.000" classname="maintest.ClientCaseReg">
    <skipped/>
  </testcase> <!-- AddressReportGeneration -->
  <testcase name="EducationReportGeneration" time="0.000" classname="maintest.ClientCaseReg">
    <skipped/>
  </testcase> <!-- EducationReportGeneration -->
  <testcase name="EmploymentReportGeneration" time="0.000" classname="maintest.ClientCaseReg">
    <skipped/>
  </testcase> <!-- EmploymentReportGeneration -->
  <testcase name="ReferenceReportGeneration" time="0.000" classname="maintest.ClientCaseReg">
    <skipped/>
  </testcase> <!-- ReferenceReportGeneration -->
  <testcase name="DatabaseReportGeneration" time="0.000" classname="maintest.ClientCaseReg">
    <skipped/>
  </testcase> <!-- DatabaseReportGeneration -->
  <testcase name="CriminalReportGeneration" time="0.000" classname="maintest.ClientCaseReg">
    <skipped/>
  </testcase> <!-- CriminalReportGeneration -->
  <testcase name="CreditReportGeneration" time="0.000" classname="maintest.ClientCaseReg">
    <skipped/>
  </testcase> <!-- CreditReportGeneration -->
  <testcase name="CourtReportGeneration" time="0.000" classname="maintest.ClientCaseReg">
    <skipped/>
  </testcase> <!-- CourtReportGeneration -->
  <testcase name="DrugReportGeneration" time="0.000" classname="maintest.ClientCaseReg">
    <skipped/>
  </testcase> <!-- DrugReportGeneration -->
  <testcase name="IdReportGeneration" time="0.000" classname="maintest.ClientCaseReg">
    <skipped/>
  </testcase> <!-- IdReportGeneration -->
  <testcase name="ReportGenerationSubmit" time="0.000" classname="maintest.ClientCaseReg">
    <skipped/>
  </testcase> <!-- ReportGenerationSubmit -->
  <testcase name="ReportValidationSupervisor" time="0.000" classname="maintest.ClientCaseReg">
    <skipped/>
  </testcase> <!-- ReportValidationSupervisor -->
  <testcase name="ReportValidation" time="0.000" classname="maintest.ClientCaseReg">
    <skipped/>
  </testcase> <!-- ReportValidation -->
  <testcase name="readPdfIndex" classname="maintest.ClientCaseReg">
    <skipped/>
  </testcase> <!-- readPdfIndex -->
</testsuite> <!-- maintest.ClientCaseReg -->
