<?xml version="1.0" encoding="UTF-8"?>
<!-- Generated by org.testng.reporters.JUnitReportReporter -->
<testsuite skipped="18" hostname="KAD-I-032" name="maintest.CandidateCaseRegistration" tests="20" failures="0" timestamp="23 Nov 2018 12:26:35 GMT" time="274.515" errors="1">
  <testcase name="CandidateInitiate" time="39.202" classname="maintest.CandidateCaseRegistration"/>
  <testcase name="CandidatedataEntry" time="235.313" classname="maintest.CandidateCaseRegistration">
    <error type="org.openqa.selenium.WebDriverException" message="unknown error: Element &lt;input class=&quot;rbDecorated&quot; type=&quot;button&quot; name=&quot;ctl00$ContentPlaceHolder1$btnAddressSubmit_input&quot; id=&quot;ctl00_ContentPlaceHolder1_btnAddressSubmit_input&quot; value=&quot;Save &amp;amp; Next&quot; tabindex=&quot;-1&quot;&gt; is not clickable at point (872, 530). Other element would receive the click: &lt;div unselectable=&quot;on&quot; class=&quot;TelerikModalOverlay&quot; style=&quot;position: absolute; left: 0px; top: 0px; z-index: 3000; background-color: rgb(170, 170, 170); opacity: 0.5; width: 916px; height: 650px;&quot;&gt;&lt;/div&gt;
  (Session info: chrome=70.0.3538.102)
  (Driver info: chromedriver=2.42.591088 (7b2b2dca23cca0862f674758c9a3933e685c27d5),platform=Windows NT 6.1.7601 SP1 x86) (WARNING: The server did not provide any stacktrace information)
Command duration or timeout: 0 milliseconds
Build info: version: &#039;3.14.0&#039;, revision: &#039;aacccce0&#039;, time: &#039;2018-08-02T20:19:58.91Z&#039;
System info: host: &#039;KAD-I-032&#039;, ip: &#039;192.168.2.67&#039;, os.name: &#039;Windows 7&#039;, os.arch: &#039;x86&#039;, os.version: &#039;6.1&#039;, java.version: &#039;1.8.0_191&#039;
Driver info: org.openqa.selenium.chrome.ChromeDriver
Capabilities {acceptInsecureCerts: false, acceptSslCerts: false, applicationCacheEnabled: false, browserConnectionEnabled: false, browserName: chrome, chrome: {chromedriverVersion: 2.42.591088 (7b2b2dca23cca0..., userDataDir: C:\Users\admin\AppData\Loca...}, cssSelectorsEnabled: true, databaseEnabled: false, goog:chromeOptions: {debuggerAddress: localhost:49249}, handlesAlerts: true, hasTouchScreen: false, javascriptEnabled: true, locationContextEnabled: true, mobileEmulationEnabled: false, nativeEvents: true, networkConnectionEnabled: false, pageLoadStrategy: normal, platform: XP, platformName: XP, rotatable: false, setWindowRect: true, takesHeapSnapshot: true, takesScreenshot: true, unexpectedAlertBehaviour: , unhandledPromptBehavior: , version: 70.0.3538.102, webStorageEnabled: true}
Session ID: 5693116028f6b2912144fb2a219874e1">
      <![CDATA[org.openqa.selenium.WebDriverException: unknown error: Element <input class="rbDecorated" type="button" name="ctl00$ContentPlaceHolder1$btnAddressSubmit_input" id="ctl00_ContentPlaceHolder1_btnAddressSubmit_input" value="Save &amp; Next" tabindex="-1"> is not clickable at point (872, 530). Other element would receive the click: <div unselectable="on" class="TelerikModalOverlay" style="position: absolute; left: 0px; top: 0px; z-index: 3000; background-color: rgb(170, 170, 170); opacity: 0.5; width: 916px; height: 650px;"></div>
  (Session info: chrome=70.0.3538.102)
  (Driver info: chromedriver=2.42.591088 (7b2b2dca23cca0862f674758c9a3933e685c27d5),platform=Windows NT 6.1.7601 SP1 x86) (WARNING: The server did not provide any stacktrace information)
Command duration or timeout: 0 milliseconds
Build info: version: '3.14.0', revision: 'aacccce0', time: '2018-08-02T20:19:58.91Z'
System info: host: 'KAD-I-032', ip: '192.168.2.67', os.name: 'Windows 7', os.arch: 'x86', os.version: '6.1', java.version: '1.8.0_191'
Driver info: org.openqa.selenium.chrome.ChromeDriver
Capabilities {acceptInsecureCerts: false, acceptSslCerts: false, applicationCacheEnabled: false, browserConnectionEnabled: false, browserName: chrome, chrome: {chromedriverVersion: 2.42.591088 (7b2b2dca23cca0..., userDataDir: C:\Users\admin\AppData\Loca...}, cssSelectorsEnabled: true, databaseEnabled: false, goog:chromeOptions: {debuggerAddress: localhost:49249}, handlesAlerts: true, hasTouchScreen: false, javascriptEnabled: true, locationContextEnabled: true, mobileEmulationEnabled: false, nativeEvents: true, networkConnectionEnabled: false, pageLoadStrategy: normal, platform: XP, platformName: XP, rotatable: false, setWindowRect: true, takesHeapSnapshot: true, takesScreenshot: true, unexpectedAlertBehaviour: , unhandledPromptBehavior: , version: 70.0.3538.102, webStorageEnabled: true}
Session ID: 5693116028f6b2912144fb2a219874e1
at sun.reflect.NativeConstructorAccessorImpl.newInstance0(Native Method)
at sun.reflect.NativeConstructorAccessorImpl.newInstance(Unknown Source)
at sun.reflect.DelegatingConstructorAccessorImpl.newInstance(Unknown Source)
at java.lang.reflect.Constructor.newInstance(Unknown Source)
at org.openqa.selenium.remote.ErrorHandler.createThrowable(ErrorHandler.java:214)
at org.openqa.selenium.remote.ErrorHandler.throwIfResponseFailed(ErrorHandler.java:166)
at org.openqa.selenium.remote.http.JsonHttpResponseCodec.reconstructValue(JsonHttpResponseCodec.java:40)
at org.openqa.selenium.remote.http.AbstractHttpResponseCodec.decode(AbstractHttpResponseCodec.java:80)
at org.openqa.selenium.remote.http.AbstractHttpResponseCodec.decode(AbstractHttpResponseCodec.java:44)
at org.openqa.selenium.remote.HttpCommandExecutor.execute(HttpCommandExecutor.java:158)
at org.openqa.selenium.remote.service.DriverCommandExecutor.execute(DriverCommandExecutor.java:83)
at org.openqa.selenium.remote.RemoteWebDriver.execute(RemoteWebDriver.java:548)
at org.openqa.selenium.remote.RemoteWebElement.execute(RemoteWebElement.java:276)
at org.openqa.selenium.remote.RemoteWebElement.click(RemoteWebElement.java:83)
at environment.Utill.click(Utill.java:256)
at candidate.Address.saveNext(Address.java:47)
at candidate.Address.CurrentAddress(Address.java:124)
at maintest.CandidateCaseRegistration.CandidatedataEntry(CandidateCaseRegistration.java:135)
at sun.reflect.NativeMethodAccessorImpl.invoke0(Native Method)
at sun.reflect.NativeMethodAccessorImpl.invoke(Unknown Source)
at sun.reflect.DelegatingMethodAccessorImpl.invoke(Unknown Source)
at java.lang.reflect.Method.invoke(Unknown Source)
at org.testng.internal.MethodInvocationHelper.invokeMethod(MethodInvocationHelper.java:124)
at org.testng.internal.Invoker.invokeMethod(Invoker.java:580)
at org.testng.internal.Invoker.invokeTestMethod(Invoker.java:716)
at org.testng.internal.Invoker.invokeTestMethods(Invoker.java:988)
at org.testng.internal.TestMethodWorker.invokeTestMethods(TestMethodWorker.java:125)
at org.testng.internal.TestMethodWorker.run(TestMethodWorker.java:109)
at org.testng.TestRunner.privateRun(TestRunner.java:648)
at org.testng.TestRunner.run(TestRunner.java:505)
at org.testng.SuiteRunner.runTest(SuiteRunner.java:455)
at org.testng.SuiteRunner.runSequentially(SuiteRunner.java:450)
at org.testng.SuiteRunner.privateRun(SuiteRunner.java:415)
at org.testng.SuiteRunner.run(SuiteRunner.java:364)
at org.testng.SuiteRunnerWorker.runSuite(SuiteRunnerWorker.java:52)
at org.testng.SuiteRunnerWorker.run(SuiteRunnerWorker.java:84)
at org.testng.TestNG.runSuitesSequentially(TestNG.java:1208)
at org.testng.TestNG.runSuitesLocally(TestNG.java:1137)
at org.testng.TestNG.runSuites(TestNG.java:1049)
at org.testng.TestNG.run(TestNG.java:1017)
at org.testng.remote.AbstractRemoteTestNG.run(AbstractRemoteTestNG.java:114)
at org.testng.remote.RemoteTestNG.initAndRun(RemoteTestNG.java:251)
at org.testng.remote.RemoteTestNG.main(RemoteTestNG.java:77)
]]>
    </error>
  </testcase> <!-- CandidatedataEntry -->
  <testcase name="Address" time="0.000" classname="maintest.CandidateCaseRegistration">
    <skipped/>
  </testcase> <!-- Address -->
  <testcase name="Education" time="0.000" classname="maintest.CandidateCaseRegistration">
    <skipped/>
  </testcase> <!-- Education -->
  <testcase name="Employment" time="0.000" classname="maintest.CandidateCaseRegistration">
    <skipped/>
  </testcase> <!-- Employment -->
  <testcase name="VoterId" time="0.000" classname="maintest.CandidateCaseRegistration">
    <skipped/>
  </testcase> <!-- VoterId -->
  <testcase name="Reference" time="0.000" classname="maintest.CandidateCaseRegistration">
    <skipped/>
  </testcase> <!-- Reference -->
  <testcase name="ClientSubmit" time="0.000" classname="maintest.CandidateCaseRegistration">
    <skipped/>
  </testcase> <!-- ClientSubmit -->
  <testcase name="VerificationSupervisor" time="0.000" classname="maintest.CandidateCaseRegistration">
    <skipped/>
  </testcase> <!-- VerificationSupervisor -->
  <testcase name="DataEntryQC" time="0.000" classname="maintest.CandidateCaseRegistration">
    <skipped/>
  </testcase> <!-- DataEntryQC -->
  <testcase name="VerificationIntiation" time="0.000" classname="maintest.CandidateCaseRegistration">
    <skipped/>
  </testcase> <!-- VerificationIntiation -->
  <testcase name="AddressVerification" time="0.000" classname="maintest.CandidateCaseRegistration">
    <skipped/>
  </testcase> <!-- AddressVerification -->
  <testcase name="EducationVerification" time="0.000" classname="maintest.CandidateCaseRegistration">
    <skipped/>
  </testcase> <!-- EducationVerification -->
  <testcase name="EmploymentVerification" time="0.000" classname="maintest.CandidateCaseRegistration">
    <skipped/>
  </testcase> <!-- EmploymentVerification -->
  <testcase name="ReferenceVerification" time="0.000" classname="maintest.CandidateCaseRegistration">
    <skipped/>
  </testcase> <!-- ReferenceVerification -->
  <testcase name="IDVerification" time="0.000" classname="maintest.CandidateCaseRegistration">
    <skipped/>
  </testcase> <!-- IDVerification -->
  <testcase name="ReportGenerationSupervision" time="0.000" classname="maintest.CandidateCaseRegistration">
    <skipped/>
  </testcase> <!-- ReportGenerationSupervision -->
  <testcase name="ReportGenerationSubmit" time="0.000" classname="maintest.CandidateCaseRegistration">
    <skipped/>
  </testcase> <!-- ReportGenerationSubmit -->
  <testcase name="ReportValidationSupervisor" time="0.000" classname="maintest.CandidateCaseRegistration">
    <skipped/>
  </testcase> <!-- ReportValidationSupervisor -->
  <testcase name="ReportValidation" time="0.000" classname="maintest.CandidateCaseRegistration">
    <skipped/>
  </testcase> <!-- ReportValidation -->
</testsuite> <!-- maintest.CandidateCaseRegistration -->
