<?xml version="1.0" encoding="UTF-8"?>
<!-- Generated by org.testng.reporters.JUnitReportReporter -->
<testsuite hostname="KAD-I-032" name="testcasesprac.SPcasereg" tests="60" failures="5" timestamp="11 Oct 2018 11:53:13 GMT" time="1825.812" errors="0">
  <testcase name="TC_SPINF_032" time="0.046" classname="testcasesprac.SPcasereg"/>
  <testcase name="TC_SPINF_006" time="42.117" classname="testcasesprac.SPcasereg"/>
  <testcase name="TC_SPDOC_007" time="0.000" classname="testcasesprac.SPcasereg"/>
  <testcase name="TC_SPCR_009" time="0.038" classname="testcasesprac.SPcasereg"/>
  <testcase name="Login" time="12.233" classname="testcasesprac.SPcasereg"/>
  <testcase name="TC_SPINF_004" time="3.670" classname="testcasesprac.SPcasereg"/>
  <testcase name="TC_SPDOC_001" time="44.352" classname="testcasesprac.SPcasereg"/>
  <testcase name="TC_SPINF_001" time="58.835" classname="testcasesprac.SPcasereg"/>
  <testcase name="TC_SPINF_017" time="0.044" classname="testcasesprac.SPcasereg"/>
  <testcase name="TC_SPCR_027" time="32.281" classname="testcasesprac.SPcasereg"/>
  <testcase name="TC_SPCR_010" time="84.055" classname="testcasesprac.SPcasereg"/>
  <testcase name="TC_SPINF_020" time="0.045" classname="testcasesprac.SPcasereg"/>
  <testcase name="TC_SPINF_033" time="21.549" classname="testcasesprac.SPcasereg"/>
  <testcase name="TC_SPINF_007" time="52.948" classname="testcasesprac.SPcasereg"/>
  <testcase name="TC_SPCR_001" time="4.443" classname="testcasesprac.SPcasereg"/>
  <testcase name="TC_SPCR_007" time="0.136" classname="testcasesprac.SPcasereg"/>
  <testcase name="TC_SPCEP_002" time="19.578" classname="testcasesprac.SPcasereg"/>
  <testcase name="TC_SPINF_002" time="164.240" classname="testcasesprac.SPcasereg"/>
  <testcase name="TC_SPINF_009" time="3.629" classname="testcasesprac.SPcasereg"/>
  <testcase name="TC_SCPR_004" time="0.036" classname="testcasesprac.SPcasereg"/>
  <testcase name="TC_SPINF_038" time="1.507" classname="testcasesprac.SPcasereg"/>
  <testcase name="TC_SPCR_006" time="0.036" classname="testcasesprac.SPcasereg"/>
  <testcase name="TC_SPINF_039" time="22.312" classname="testcasesprac.SPcasereg"/>
  <testcase name="TC_SPCEP_001" time="65.058" classname="testcasesprac.SPcasereg"/>
  <testcase name="TC_SPCR_023" time="21.455" classname="testcasesprac.SPcasereg"/>
  <testcase name="TC_SPCR_024" time="14.446" classname="testcasesprac.SPcasereg"/>
  <testcase name="TC_SPINF_005" time="49.247" classname="testcasesprac.SPcasereg"/>
  <testcase name="TC_SPCR_005" time="0.036" classname="testcasesprac.SPcasereg"/>
  <testcase name="TC_SPINF_027" time="21.678" classname="testcasesprac.SPcasereg"/>
  <testcase name="TC_SPCR_002" time="3.225" classname="testcasesprac.SPcasereg"/>
  <testcase name="TC_SPDOC_006" time="0.000" classname="testcasesprac.SPcasereg"/>
  <testcase name="TC_SPCR_003" time="0.036" classname="testcasesprac.SPcasereg"/>
  <testcase name="TC_SPINF_035" time="0.063" classname="testcasesprac.SPcasereg"/>
  <testcase name="TC_SPCR_025" time="33.898" classname="testcasesprac.SPcasereg"/>
  <testcase name="TC_SPINF_023" time="0.045" classname="testcasesprac.SPcasereg"/>
  <testcase name="TC_SPINF_030" time="21.706" classname="testcasesprac.SPcasereg"/>
  <testcase name="TC_SPDOC_002" time="10.653" classname="testcasesprac.SPcasereg"/>
  <testcase name="TC_SPINF_014" time="0.044" classname="testcasesprac.SPcasereg"/>
  <testcase name="TC_SPNAPP_001" time="10.367" classname="testcasesprac.SPcasereg">
    <failure type="org.openqa.selenium.ElementNotVisibleException" message="element not interactable
  (Session info: chrome=69.0.3497.100)
  (Driver info: chromedriver=2.42.591088 (7b2b2dca23cca0862f674758c9a3933e685c27d5),platform=Windows NT 6.1.7601 SP1 x86) (WARNING: The server did not provide any stacktrace information)
Command duration or timeout: 0 milliseconds
Build info: version: &#039;3.12.0&#039;, revision: &#039;7c6e0b3&#039;, time: &#039;2018-05-08T14:04:26.12Z&#039;
System info: host: &#039;KAD-I-032&#039;, ip: &#039;192.168.2.67&#039;, os.name: &#039;Windows 7&#039;, os.arch: &#039;x86&#039;, os.version: &#039;6.1&#039;, java.version: &#039;1.8.0_181&#039;
Driver info: org.openqa.selenium.chrome.ChromeDriver
Capabilities {acceptInsecureCerts: false, acceptSslCerts: false, applicationCacheEnabled: false, browserConnectionEnabled: false, browserName: chrome, chrome: {chromedriverVersion: 2.42.591088 (7b2b2dca23cca0..., userDataDir: C:\Users\admin\AppData\Loca...}, cssSelectorsEnabled: true, databaseEnabled: false, goog:chromeOptions: {debuggerAddress: localhost:61578}, handlesAlerts: true, hasTouchScreen: false, javascriptEnabled: true, locationContextEnabled: true, mobileEmulationEnabled: false, nativeEvents: true, networkConnectionEnabled: false, pageLoadStrategy: normal, platform: XP, platformName: XP, rotatable: false, setWindowRect: true, takesHeapSnapshot: true, takesScreenshot: true, unexpectedAlertBehaviour: , unhandledPromptBehavior: , version: 69.0.3497.100, webStorageEnabled: true}
Session ID: 7679e50b6d18133652dd7e0959079b4a">
      <![CDATA[org.openqa.selenium.ElementNotVisibleException: element not interactable
  (Session info: chrome=69.0.3497.100)
  (Driver info: chromedriver=2.42.591088 (7b2b2dca23cca0862f674758c9a3933e685c27d5),platform=Windows NT 6.1.7601 SP1 x86) (WARNING: The server did not provide any stacktrace information)
Command duration or timeout: 0 milliseconds
Build info: version: '3.12.0', revision: '7c6e0b3', time: '2018-05-08T14:04:26.12Z'
System info: host: 'KAD-I-032', ip: '192.168.2.67', os.name: 'Windows 7', os.arch: 'x86', os.version: '6.1', java.version: '1.8.0_181'
Driver info: org.openqa.selenium.chrome.ChromeDriver
Capabilities {acceptInsecureCerts: false, acceptSslCerts: false, applicationCacheEnabled: false, browserConnectionEnabled: false, browserName: chrome, chrome: {chromedriverVersion: 2.42.591088 (7b2b2dca23cca0..., userDataDir: C:\Users\admin\AppData\Loca...}, cssSelectorsEnabled: true, databaseEnabled: false, goog:chromeOptions: {debuggerAddress: localhost:61578}, handlesAlerts: true, hasTouchScreen: false, javascriptEnabled: true, locationContextEnabled: true, mobileEmulationEnabled: false, nativeEvents: true, networkConnectionEnabled: false, pageLoadStrategy: normal, platform: XP, platformName: XP, rotatable: false, setWindowRect: true, takesHeapSnapshot: true, takesScreenshot: true, unexpectedAlertBehaviour: , unhandledPromptBehavior: , version: 69.0.3497.100, webStorageEnabled: true}
Session ID: 7679e50b6d18133652dd7e0959079b4a
	at sun.reflect.NativeConstructorAccessorImpl.newInstance0(Native Method)
	at sun.reflect.NativeConstructorAccessorImpl.newInstance(Unknown Source)
	at sun.reflect.DelegatingConstructorAccessorImpl.newInstance(Unknown Source)
	at java.lang.reflect.Constructor.newInstance(Unknown Source)
	at org.openqa.selenium.remote.ErrorHandler.createThrowable(ErrorHandler.java:214)
	at org.openqa.selenium.remote.ErrorHandler.throwIfResponseFailed(ErrorHandler.java:166)
	at org.openqa.selenium.remote.http.JsonHttpResponseCodec.reconstructValue(JsonHttpResponseCodec.java:40)
	at org.openqa.selenium.remote.http.AbstractHttpResponseCodec.decode(AbstractHttpResponseCodec.java:80)
	at org.openqa.selenium.remote.http.AbstractHttpResponseCodec.decode(AbstractHttpResponseCodec.java:44)
	at org.openqa.selenium.remote.HttpCommandExecutor.execute(HttpCommandExecutor.java:158)
	at org.openqa.selenium.remote.service.DriverCommandExecutor.execute(DriverCommandExecutor.java:83)
	at org.openqa.selenium.remote.RemoteWebDriver.execute(RemoteWebDriver.java:543)
	at org.openqa.selenium.remote.RemoteWebElement.execute(RemoteWebElement.java:276)
	at org.openqa.selenium.remote.RemoteWebElement.click(RemoteWebElement.java:83)
	at environment.Utill.click_element(Utill.java:206)
	at pages.Home.clickRegister(Home.java:92)
	at testcasesprac.SPcasereg.TC_SPNAPP_001(SPcasereg.java:1525)
	at sun.reflect.NativeMethodAccessorImpl.invoke0(Native Method)
	at sun.reflect.NativeMethodAccessorImpl.invoke(Unknown Source)
	at sun.reflect.DelegatingMethodAccessorImpl.invoke(Unknown Source)
	at java.lang.reflect.Method.invoke(Unknown Source)
	at org.testng.internal.MethodInvocationHelper.invokeMethod(MethodInvocationHelper.java:80)
	at org.testng.internal.Invoker.invokeMethod(Invoker.java:714)
	at org.testng.internal.Invoker.invokeTestMethod(Invoker.java:901)
	at org.testng.internal.Invoker.invokeTestMethods(Invoker.java:1231)
	at org.testng.internal.TestMethodWorker.invokeTestMethods(TestMethodWorker.java:127)
	at org.testng.internal.TestMethodWorker.run(TestMethodWorker.java:111)
	at org.testng.TestRunner.privateRun(TestRunner.java:767)
	at org.testng.TestRunner.run(TestRunner.java:617)
	at org.testng.SuiteRunner.runTest(SuiteRunner.java:334)
	at org.testng.SuiteRunner.runSequentially(SuiteRunner.java:329)
	at org.testng.SuiteRunner.privateRun(SuiteRunner.java:291)
	at org.testng.SuiteRunner.run(SuiteRunner.java:240)
	at org.testng.SuiteRunnerWorker.runSuite(SuiteRunnerWorker.java:52)
	at org.testng.SuiteRunnerWorker.run(SuiteRunnerWorker.java:86)
	at org.testng.TestNG.runSuitesSequentially(TestNG.java:1198)
	at org.testng.TestNG.runSuitesLocally(TestNG.java:1123)
	at org.testng.TestNG.run(TestNG.java:1031)
	at org.testng.remote.AbstractRemoteTestNG.run(AbstractRemoteTestNG.java:114)
	at org.testng.remote.RemoteTestNG.initAndRun(RemoteTestNG.java:251)
	at org.testng.remote.RemoteTestNG.main(RemoteTestNG.java:77)
]]>
    </failure>
  </testcase> <!-- TC_SPNAPP_001 -->
  <testcase name="TC_SPCR_008" time="0.036" classname="testcasesprac.SPcasereg"/>
  <testcase name="TC_SPINF_010" time="50.178" classname="testcasesprac.SPcasereg"/>
  <testcase name="TC_SPINF_012" time="464.988" classname="testcasesprac.SPcasereg"/>
  <testcase name="TC_SPINF_008" time="10.364" classname="testcasesprac.SPcasereg"/>
  <testcase name="TC_SPINF_024" time="26.928" classname="testcasesprac.SPcasereg"/>
  <testcase name="TC_SPCR_022" time="30.041" classname="testcasesprac.SPcasereg"/>
  <testcase name="TC_SPINF_003" time="0.091" classname="testcasesprac.SPcasereg"/>
  <testcase name="TC_SPINF_029" time="0.047" classname="testcasesprac.SPcasereg"/>
  <testcase name="TC_SPINF_018" time="23.699" classname="testcasesprac.SPcasereg"/>
  <testcase name="TC_SPDOC_008" time="0.000" classname="testcasesprac.SPcasereg"/>
  <testcase name="TC_SPINF_011" time="56.508" classname="testcasesprac.SPcasereg"/>
  <testcase name="TC_SPINF_021" time="22.653" classname="testcasesprac.SPcasereg"/>
  <testcase name="TC_SPCR_011" time="89.243" classname="testcasesprac.SPcasereg"/>
  <testcase name="TC_SPINF_015" time="23.605" classname="testcasesprac.SPcasereg"/>
  <testcase name="TC_SPINF_026" time="0.081" classname="testcasesprac.SPcasereg"/>
  <testcase name="TC_SPCR_026" time="32.821" classname="testcasesprac.SPcasereg"/>
  <testcase name="TC_SPDOC_004" time="21.870" classname="testcasesprac.SPcasereg"/>
  <testcase name="TC_SPCEP_003" time="110.109" classname="testcasesprac.SPcasereg"/>
  <testcase name="TC_SPCEP_004" time="0.843" classname="testcasesprac.SPcasereg"/>
  <testcase name="TC_SPDOC_003" time="10.717" classname="testcasesprac.SPcasereg"/>
  <testcase name="TC_SPDOC_005" time="30.903" classname="testcasesprac.SPcasereg">
    <failure type="org.openqa.selenium.NoSuchElementException" message="no such element: Unable to locate element: {&quot;method&quot;:&quot;xpath&quot;,&quot;selector&quot;:&quot;html/body/div[3]/div/div/table/tbody/tr[3]/td/button[1]&quot;}
  (Session info: chrome=69.0.3497.100)
  (Driver info: chromedriver=2.42.591088 (7b2b2dca23cca0862f674758c9a3933e685c27d5),platform=Windows NT 6.1.7601 SP1 x86) (WARNING: The server did not provide any stacktrace information)
Command duration or timeout: 0 milliseconds
For documentation on this error, please visit: http://seleniumhq.org/exceptions/no_such_element.html
Build info: version: &#039;3.12.0&#039;, revision: &#039;7c6e0b3&#039;, time: &#039;2018-05-08T14:04:26.12Z&#039;
System info: host: &#039;KAD-I-032&#039;, ip: &#039;192.168.2.67&#039;, os.name: &#039;Windows 7&#039;, os.arch: &#039;x86&#039;, os.version: &#039;6.1&#039;, java.version: &#039;1.8.0_181&#039;
Driver info: org.openqa.selenium.chrome.ChromeDriver
Capabilities {acceptInsecureCerts: false, acceptSslCerts: false, applicationCacheEnabled: false, browserConnectionEnabled: false, browserName: chrome, chrome: {chromedriverVersion: 2.42.591088 (7b2b2dca23cca0..., userDataDir: C:\Users\admin\AppData\Loca...}, cssSelectorsEnabled: true, databaseEnabled: false, goog:chromeOptions: {debuggerAddress: localhost:61578}, handlesAlerts: true, hasTouchScreen: false, javascriptEnabled: true, locationContextEnabled: true, mobileEmulationEnabled: false, nativeEvents: true, networkConnectionEnabled: false, pageLoadStrategy: normal, platform: XP, platformName: XP, rotatable: false, setWindowRect: true, takesHeapSnapshot: true, takesScreenshot: true, unexpectedAlertBehaviour: , unhandledPromptBehavior: , version: 69.0.3497.100, webStorageEnabled: true}
Session ID: 7679e50b6d18133652dd7e0959079b4a
*** Element info: {Using=xpath, value=html/body/div[3]/div/div/table/tbody/tr[3]/td/button[1]}">
      <![CDATA[org.openqa.selenium.NoSuchElementException: no such element: Unable to locate element: {"method":"xpath","selector":"html/body/div[3]/div/div/table/tbody/tr[3]/td/button[1]"}
  (Session info: chrome=69.0.3497.100)
  (Driver info: chromedriver=2.42.591088 (7b2b2dca23cca0862f674758c9a3933e685c27d5),platform=Windows NT 6.1.7601 SP1 x86) (WARNING: The server did not provide any stacktrace information)
Command duration or timeout: 0 milliseconds
For documentation on this error, please visit: http://seleniumhq.org/exceptions/no_such_element.html
Build info: version: '3.12.0', revision: '7c6e0b3', time: '2018-05-08T14:04:26.12Z'
System info: host: 'KAD-I-032', ip: '192.168.2.67', os.name: 'Windows 7', os.arch: 'x86', os.version: '6.1', java.version: '1.8.0_181'
Driver info: org.openqa.selenium.chrome.ChromeDriver
Capabilities {acceptInsecureCerts: false, acceptSslCerts: false, applicationCacheEnabled: false, browserConnectionEnabled: false, browserName: chrome, chrome: {chromedriverVersion: 2.42.591088 (7b2b2dca23cca0..., userDataDir: C:\Users\admin\AppData\Loca...}, cssSelectorsEnabled: true, databaseEnabled: false, goog:chromeOptions: {debuggerAddress: localhost:61578}, handlesAlerts: true, hasTouchScreen: false, javascriptEnabled: true, locationContextEnabled: true, mobileEmulationEnabled: false, nativeEvents: true, networkConnectionEnabled: false, pageLoadStrategy: normal, platform: XP, platformName: XP, rotatable: false, setWindowRect: true, takesHeapSnapshot: true, takesScreenshot: true, unexpectedAlertBehaviour: , unhandledPromptBehavior: , version: 69.0.3497.100, webStorageEnabled: true}
Session ID: 7679e50b6d18133652dd7e0959079b4a
*** Element info: {Using=xpath, value=html/body/div[3]/div/div/table/tbody/tr[3]/td/button[1]}
	at sun.reflect.GeneratedConstructorAccessor16.newInstance(Unknown Source)
	at sun.reflect.DelegatingConstructorAccessorImpl.newInstance(Unknown Source)
	at java.lang.reflect.Constructor.newInstance(Unknown Source)
	at org.openqa.selenium.remote.ErrorHandler.createThrowable(ErrorHandler.java:214)
	at org.openqa.selenium.remote.ErrorHandler.throwIfResponseFailed(ErrorHandler.java:166)
	at org.openqa.selenium.remote.http.JsonHttpResponseCodec.reconstructValue(JsonHttpResponseCodec.java:40)
	at org.openqa.selenium.remote.http.AbstractHttpResponseCodec.decode(AbstractHttpResponseCodec.java:80)
	at org.openqa.selenium.remote.http.AbstractHttpResponseCodec.decode(AbstractHttpResponseCodec.java:44)
	at org.openqa.selenium.remote.HttpCommandExecutor.execute(HttpCommandExecutor.java:158)
	at org.openqa.selenium.remote.service.DriverCommandExecutor.execute(DriverCommandExecutor.java:83)
	at org.openqa.selenium.remote.RemoteWebDriver.execute(RemoteWebDriver.java:543)
	at org.openqa.selenium.remote.RemoteWebDriver.findElement(RemoteWebDriver.java:317)
	at org.openqa.selenium.remote.RemoteWebDriver.findElementByXPath(RemoteWebDriver.java:419)
	at org.openqa.selenium.By$ByXPath.findElement(By.java:353)
	at org.openqa.selenium.remote.RemoteWebDriver.findElement(RemoteWebDriver.java:309)
	at environment.Utill.find(Utill.java:107)
	at environment.Utill.click_element(Utill.java:206)
	at dashboard.DataEntrySupervision.assigngetnext(DataEntrySupervision.java:90)
	at testcasesprac.SPcasereg.TC_SPDOC_005(SPcasereg.java:1792)
	at sun.reflect.NativeMethodAccessorImpl.invoke0(Native Method)
	at sun.reflect.NativeMethodAccessorImpl.invoke(Unknown Source)
	at sun.reflect.DelegatingMethodAccessorImpl.invoke(Unknown Source)
	at java.lang.reflect.Method.invoke(Unknown Source)
	at org.testng.internal.MethodInvocationHelper.invokeMethod(MethodInvocationHelper.java:80)
	at org.testng.internal.Invoker.invokeMethod(Invoker.java:714)
	at org.testng.internal.Invoker.invokeTestMethod(Invoker.java:901)
	at org.testng.internal.Invoker.invokeTestMethods(Invoker.java:1231)
	at org.testng.internal.TestMethodWorker.invokeTestMethods(TestMethodWorker.java:127)
	at org.testng.internal.TestMethodWorker.run(TestMethodWorker.java:111)
	at org.testng.TestRunner.privateRun(TestRunner.java:767)
	at org.testng.TestRunner.run(TestRunner.java:617)
	at org.testng.SuiteRunner.runTest(SuiteRunner.java:334)
	at org.testng.SuiteRunner.runSequentially(SuiteRunner.java:329)
	at org.testng.SuiteRunner.privateRun(SuiteRunner.java:291)
	at org.testng.SuiteRunner.run(SuiteRunner.java:240)
	at org.testng.SuiteRunnerWorker.runSuite(SuiteRunnerWorker.java:52)
	at org.testng.SuiteRunnerWorker.run(SuiteRunnerWorker.java:86)
	at org.testng.TestNG.runSuitesSequentially(TestNG.java:1198)
	at org.testng.TestNG.runSuitesLocally(TestNG.java:1123)
	at org.testng.TestNG.run(TestNG.java:1031)
	at org.testng.remote.AbstractRemoteTestNG.run(AbstractRemoteTestNG.java:114)
	at org.testng.remote.RemoteTestNG.initAndRun(RemoteTestNG.java:251)
	at org.testng.remote.RemoteTestNG.main(RemoteTestNG.java:77)
]]>
    </failure>
  </testcase> <!-- TC_SPDOC_005 -->
</testsuite> <!-- testcasesprac.SPcasereg -->
