<?xml version="1.0" encoding="UTF-8"?>
<!-- Generated by org.testng.reporters.JUnitReportReporter -->
<testsuite skipped="37" hostname="KAD-I-032" name="maintest.ClientCaseReg" tests="41" failures="0" timestamp="26 Nov 2018 14:58:51 GMT" time="450.334" errors="1">
  <testcase name="login" time="7.729" classname="maintest.ClientCaseReg"/>
  <testcase name="caseregistration" time="102.934" classname="maintest.ClientCaseReg"/>
  <testcase name="dataEntryAssign" time="60.164" classname="maintest.ClientCaseReg"/>
  <testcase name="dataEntry" time="279.507" classname="maintest.ClientCaseReg">
    <error type="org.openqa.selenium.WebDriverException" message="unknown error: Element &lt;span class=&quot;rtsTxt&quot;&gt;...&lt;/span&gt; is not clickable at point (74, 479). Other element would receive the click: &lt;div class=&quot;raDiv&quot;&gt;...&lt;/div&gt;
  (Session info: headless chrome=70.0.3538.102)
  (Driver info: chromedriver=2.42.591088 (7b2b2dca23cca0862f674758c9a3933e685c27d5),platform=Windows NT 6.1.7601 SP1 x86) (WARNING: The server did not provide any stacktrace information)
Command duration or timeout: 0 milliseconds
Build info: version: &#039;3.14.0&#039;, revision: &#039;aacccce0&#039;, time: &#039;2018-08-02T20:19:58.91Z&#039;
System info: host: &#039;KAD-I-032&#039;, ip: &#039;192.168.2.67&#039;, os.name: &#039;Windows 7&#039;, os.arch: &#039;x86&#039;, os.version: &#039;6.1&#039;, java.version: &#039;1.8.0_181&#039;
Driver info: org.openqa.selenium.chrome.ChromeDriver
Capabilities {acceptInsecureCerts: false, acceptSslCerts: false, applicationCacheEnabled: false, browserConnectionEnabled: false, browserName: chrome, chrome: {chromedriverVersion: 2.42.591088 (7b2b2dca23cca0..., userDataDir: C:\Users\admin\AppData\Loca...}, cssSelectorsEnabled: true, databaseEnabled: false, goog:chromeOptions: {debuggerAddress: localhost:59037}, handlesAlerts: true, hasTouchScreen: false, javascriptEnabled: true, locationContextEnabled: true, mobileEmulationEnabled: false, nativeEvents: true, networkConnectionEnabled: false, pageLoadStrategy: normal, platform: XP, platformName: XP, rotatable: false, setWindowRect: true, takesHeapSnapshot: true, takesScreenshot: true, unexpectedAlertBehaviour: , unhandledPromptBehavior: , version: 70.0.3538.102, webStorageEnabled: true}
Session ID: 87d4d616fda5ba98176d1bb06915d638">
      <![CDATA[org.openqa.selenium.WebDriverException: unknown error: Element <span class="rtsTxt">...</span> is not clickable at point (74, 479). Other element would receive the click: <div class="raDiv">...</div>
  (Session info: headless chrome=70.0.3538.102)
  (Driver info: chromedriver=2.42.591088 (7b2b2dca23cca0862f674758c9a3933e685c27d5),platform=Windows NT 6.1.7601 SP1 x86) (WARNING: The server did not provide any stacktrace information)
Command duration or timeout: 0 milliseconds
Build info: version: '3.14.0', revision: 'aacccce0', time: '2018-08-02T20:19:58.91Z'
System info: host: 'KAD-I-032', ip: '192.168.2.67', os.name: 'Windows 7', os.arch: 'x86', os.version: '6.1', java.version: '1.8.0_181'
Driver info: org.openqa.selenium.chrome.ChromeDriver
Capabilities {acceptInsecureCerts: false, acceptSslCerts: false, applicationCacheEnabled: false, browserConnectionEnabled: false, browserName: chrome, chrome: {chromedriverVersion: 2.42.591088 (7b2b2dca23cca0..., userDataDir: C:\Users\admin\AppData\Loca...}, cssSelectorsEnabled: true, databaseEnabled: false, goog:chromeOptions: {debuggerAddress: localhost:59037}, handlesAlerts: true, hasTouchScreen: false, javascriptEnabled: true, locationContextEnabled: true, mobileEmulationEnabled: false, nativeEvents: true, networkConnectionEnabled: false, pageLoadStrategy: normal, platform: XP, platformName: XP, rotatable: false, setWindowRect: true, takesHeapSnapshot: true, takesScreenshot: true, unexpectedAlertBehaviour: , unhandledPromptBehavior: , version: 70.0.3538.102, webStorageEnabled: true}
Session ID: 87d4d616fda5ba98176d1bb06915d638
at sun.reflect.NativeConstructorAccessorImpl.newInstance0(Native Method)
at sun.reflect.NativeConstructorAccessorImpl.newInstance(NativeConstructorAccessorImpl.java:62)
at sun.reflect.DelegatingConstructorAccessorImpl.newInstance(DelegatingConstructorAccessorImpl.java:45)
at java.lang.reflect.Constructor.newInstance(Constructor.java:423)
at org.openqa.selenium.remote.ErrorHandler.createThrowable(ErrorHandler.java:214)
at org.openqa.selenium.remote.ErrorHandler.throwIfResponseFailed(ErrorHandler.java:166)
at org.openqa.selenium.remote.http.JsonHttpResponseCodec.reconstructValue(JsonHttpResponseCodec.java:40)
at org.openqa.selenium.remote.http.AbstractHttpResponseCodec.decode(AbstractHttpResponseCodec.java:80)
at org.openqa.selenium.remote.http.AbstractHttpResponseCodec.decode(AbstractHttpResponseCodec.java:44)
at org.openqa.selenium.remote.HttpCommandExecutor.execute(HttpCommandExecutor.java:158)
at org.openqa.selenium.remote.service.DriverCommandExecutor.execute(DriverCommandExecutor.java:83)
at org.openqa.selenium.remote.RemoteWebDriver.execute(RemoteWebDriver.java:548)
at org.openqa.selenium.remote.RemoteWebElement.execute(RemoteWebElement.java:276)
at org.openqa.selenium.remote.RemoteWebElement.click(RemoteWebElement.java:83)
at environment.Utill.click(Utill.java:243)
at dataEntry.Criminal.criminalcheck(Criminal.java:32)
at dataEntry.Criminal.CurrentAddress(Criminal.java:335)
at maintest.ClientCaseReg.dataEntry(ClientCaseReg.java:173)
at sun.reflect.NativeMethodAccessorImpl.invoke0(Native Method)
at sun.reflect.NativeMethodAccessorImpl.invoke(NativeMethodAccessorImpl.java:62)
at sun.reflect.DelegatingMethodAccessorImpl.invoke(DelegatingMethodAccessorImpl.java:43)
at java.lang.reflect.Method.invoke(Method.java:498)
at org.testng.internal.MethodInvocationHelper.invokeMethod(MethodInvocationHelper.java:124)
at org.testng.internal.Invoker.invokeMethod(Invoker.java:583)
at org.testng.internal.Invoker.invokeTestMethod(Invoker.java:719)
at org.testng.internal.Invoker.invokeTestMethods(Invoker.java:989)
at org.testng.internal.TestMethodWorker.invokeTestMethods(TestMethodWorker.java:125)
at org.testng.internal.TestMethodWorker.run(TestMethodWorker.java:109)
at org.testng.TestRunner.privateRun(TestRunner.java:648)
at org.testng.TestRunner.run(TestRunner.java:505)
at org.testng.SuiteRunner.runTest(SuiteRunner.java:455)
at org.testng.SuiteRunner.runSequentially(SuiteRunner.java:450)
at org.testng.SuiteRunner.privateRun(SuiteRunner.java:415)
at org.testng.SuiteRunner.run(SuiteRunner.java:364)
at org.testng.SuiteRunnerWorker.runSuite(SuiteRunnerWorker.java:52)
at org.testng.SuiteRunnerWorker.run(SuiteRunnerWorker.java:84)
at org.testng.TestNG.runSuitesSequentially(TestNG.java:1208)
at org.testng.TestNG.runSuitesLocally(TestNG.java:1137)
at org.testng.TestNG.runSuites(TestNG.java:1049)
at org.testng.TestNG.run(TestNG.java:1017)
at org.apache.maven.surefire.testng.TestNGExecutor.run(TestNGExecutor.java:295)
at org.apache.maven.surefire.testng.TestNGXmlTestSuite.execute(TestNGXmlTestSuite.java:84)
at org.apache.maven.surefire.testng.TestNGProvider.invoke(TestNGProvider.java:90)
at org.apache.maven.surefire.booter.ForkedBooter.invokeProviderInSameClassLoader(ForkedBooter.java:203)
at org.apache.maven.surefire.booter.ForkedBooter.runSuitesInProcess(ForkedBooter.java:155)
at org.apache.maven.surefire.booter.ForkedBooter.main(ForkedBooter.java:103)
]]>
    </error>
  </testcase> <!-- dataEntry -->
  <testcase name="dataEntryQCAssign" time="0.000" classname="maintest.ClientCaseReg">
    <skipped/>
  </testcase> <!-- dataEntryQCAssign -->
  <testcase name="AddressDEQC" time="0.000" classname="maintest.ClientCaseReg">
    <skipped/>
  </testcase> <!-- AddressDEQC -->
  <testcase name="EducationDEQC" time="0.000" classname="maintest.ClientCaseReg">
    <skipped/>
  </testcase> <!-- EducationDEQC -->
  <testcase name="EmploymentDEQC" time="0.000" classname="maintest.ClientCaseReg">
    <skipped/>
  </testcase> <!-- EmploymentDEQC -->
  <testcase name="ReferenceDEQC" time="0.000" classname="maintest.ClientCaseReg">
    <skipped/>
  </testcase> <!-- ReferenceDEQC -->
  <testcase name="DataBaseDEQC" time="0.000" classname="maintest.ClientCaseReg">
    <skipped/>
  </testcase> <!-- DataBaseDEQC -->
  <testcase name="CriminalDEQC" time="0.000" classname="maintest.ClientCaseReg">
    <skipped/>
  </testcase> <!-- CriminalDEQC -->
  <testcase name="CreditDEQC" time="0.000" classname="maintest.ClientCaseReg">
    <skipped/>
  </testcase> <!-- CreditDEQC -->
  <testcase name="CourtDEQC" time="0.000" classname="maintest.ClientCaseReg">
    <skipped/>
  </testcase> <!-- CourtDEQC -->
  <testcase name="IdDEQC" time="0.000" classname="maintest.ClientCaseReg">
    <skipped/>
  </testcase> <!-- IdDEQC -->
  <testcase name="VerificationSupervisor" time="0.000" classname="maintest.ClientCaseReg">
    <skipped/>
  </testcase> <!-- VerificationSupervisor -->
  <testcase name="VerificationIntiation" time="0.000" classname="maintest.ClientCaseReg">
    <skipped/>
  </testcase> <!-- VerificationIntiation -->
  <testcase name="AddressVerification" time="0.000" classname="maintest.ClientCaseReg">
    <skipped/>
  </testcase> <!-- AddressVerification -->
  <testcase name="EducationVerification" time="0.000" classname="maintest.ClientCaseReg">
    <skipped/>
  </testcase> <!-- EducationVerification -->
  <testcase name="EmploymentVerification" time="0.000" classname="maintest.ClientCaseReg">
    <skipped/>
  </testcase> <!-- EmploymentVerification -->
  <testcase name="ReferenceVerification" time="0.000" classname="maintest.ClientCaseReg">
    <skipped/>
  </testcase> <!-- ReferenceVerification -->
  <testcase name="DatabaseVerification" time="0.000" classname="maintest.ClientCaseReg">
    <skipped/>
  </testcase> <!-- DatabaseVerification -->
  <testcase name="CriminalVerification" time="0.000" classname="maintest.ClientCaseReg">
    <skipped/>
  </testcase> <!-- CriminalVerification -->
  <testcase name="CreditVerification" time="0.000" classname="maintest.ClientCaseReg">
    <skipped/>
  </testcase> <!-- CreditVerification -->
  <testcase name="CourtVerification" time="0.000" classname="maintest.ClientCaseReg">
    <skipped/>
  </testcase> <!-- CourtVerification -->
  <testcase name="IDVerification" time="0.000" classname="maintest.ClientCaseReg">
    <skipped/>
  </testcase> <!-- IDVerification -->
  <testcase name="DrugVerification" time="0.000" classname="maintest.ClientCaseReg">
    <skipped/>
  </testcase> <!-- DrugVerification -->
  <testcase name="ReportGenerationSupervision" time="0.000" classname="maintest.ClientCaseReg">
    <skipped/>
  </testcase> <!-- ReportGenerationSupervision -->
  <testcase name="AddressReportGeneration" time="0.000" classname="maintest.ClientCaseReg">
    <skipped/>
  </testcase> <!-- AddressReportGeneration -->
  <testcase name="EducationReportGeneration" time="0.000" classname="maintest.ClientCaseReg">
    <skipped/>
  </testcase> <!-- EducationReportGeneration -->
  <testcase name="EmploymentReportGeneration" time="0.000" classname="maintest.ClientCaseReg">
    <skipped/>
  </testcase> <!-- EmploymentReportGeneration -->
  <testcase name="ReferenceReportGeneration" time="0.000" classname="maintest.ClientCaseReg">
    <skipped/>
  </testcase> <!-- ReferenceReportGeneration -->
  <testcase name="DatabaseReportGeneration" time="0.000" classname="maintest.ClientCaseReg">
    <skipped/>
  </testcase> <!-- DatabaseReportGeneration -->
  <testcase name="CriminalReportGeneration" time="0.000" classname="maintest.ClientCaseReg">
    <skipped/>
  </testcase> <!-- CriminalReportGeneration -->
  <testcase name="CreditReportGeneration" time="0.000" classname="maintest.ClientCaseReg">
    <skipped/>
  </testcase> <!-- CreditReportGeneration -->
  <testcase name="CourtReportGeneration" time="0.000" classname="maintest.ClientCaseReg">
    <skipped/>
  </testcase> <!-- CourtReportGeneration -->
  <testcase name="DrugReportGeneration" time="0.000" classname="maintest.ClientCaseReg">
    <skipped/>
  </testcase> <!-- DrugReportGeneration -->
  <testcase name="IdReportGeneration" time="0.000" classname="maintest.ClientCaseReg">
    <skipped/>
  </testcase> <!-- IdReportGeneration -->
  <testcase name="ReportGenerationSubmit" time="0.000" classname="maintest.ClientCaseReg">
    <skipped/>
  </testcase> <!-- ReportGenerationSubmit -->
  <testcase name="ReportValidationSupervisor" time="0.000" classname="maintest.ClientCaseReg">
    <skipped/>
  </testcase> <!-- ReportValidationSupervisor -->
  <testcase name="ReportValidation" time="0.000" classname="maintest.ClientCaseReg">
    <skipped/>
  </testcase> <!-- ReportValidation -->
  <testcase name="readPdfIndex" classname="maintest.ClientCaseReg">
    <skipped/>
  </testcase> <!-- readPdfIndex -->
</testsuite> <!-- maintest.ClientCaseReg -->
