<?xml version="1.0" encoding="UTF-8"?>
<!-- Generated by org.testng.reporters.JUnitReportReporter -->
<testsuite skipped="3" hostname="KAD-I-032" name="maintest.SPcasereg" tests="60" failures="0" timestamp="26 Nov 2018 14:58:51 GMT" time="1415.052" errors="2">
  <testcase name="login" time="34.302" classname="maintest.SPcasereg"/>
  <testcase name="TC_SPCR_001" time="3.993" classname="maintest.SPcasereg"/>
  <testcase name="TC_SPCR_002" time="3.766" classname="maintest.SPcasereg"/>
  <testcase name="TC_SPCR_003" time="0.057" classname="maintest.SPcasereg"/>
  <testcase name="TC_SCPR_004" time="0.041" classname="maintest.SPcasereg"/>
  <testcase name="TC_SPCR_005" time="0.041" classname="maintest.SPcasereg"/>
  <testcase name="TC_SPCR_006" time="0.035" classname="maintest.SPcasereg"/>
  <testcase name="TC_SPCR_007" time="0.036" classname="maintest.SPcasereg"/>
  <testcase name="TC_SPCR_008" time="0.038" classname="maintest.SPcasereg"/>
  <testcase name="TC_SPCR_009" time="0.034" classname="maintest.SPcasereg"/>
  <testcase name="TC_SPCR_010" time="90.301" classname="maintest.SPcasereg"/>
  <testcase name="TC_SPCR_011" time="92.868" classname="maintest.SPcasereg"/>
  <testcase name="TC_SPCR_022" time="36.032" classname="maintest.SPcasereg">
    <error type="java.lang.NullPointerException">
      <![CDATA[java.lang.NullPointerException
at maintest.SPcasereg.TC_SPCR_022(SPcasereg.java:1008)
at sun.reflect.NativeMethodAccessorImpl.invoke0(Native Method)
at sun.reflect.NativeMethodAccessorImpl.invoke(NativeMethodAccessorImpl.java:62)
at sun.reflect.DelegatingMethodAccessorImpl.invoke(DelegatingMethodAccessorImpl.java:43)
at java.lang.reflect.Method.invoke(Method.java:498)
at org.testng.internal.MethodInvocationHelper.invokeMethod(MethodInvocationHelper.java:124)
at org.testng.internal.Invoker.invokeMethod(Invoker.java:583)
at org.testng.internal.Invoker.invokeTestMethod(Invoker.java:719)
at org.testng.internal.Invoker.invokeTestMethods(Invoker.java:989)
at org.testng.internal.TestMethodWorker.invokeTestMethods(TestMethodWorker.java:125)
at org.testng.internal.TestMethodWorker.run(TestMethodWorker.java:109)
at org.testng.TestRunner.privateRun(TestRunner.java:648)
at org.testng.TestRunner.run(TestRunner.java:505)
at org.testng.SuiteRunner.runTest(SuiteRunner.java:455)
at org.testng.SuiteRunner.runSequentially(SuiteRunner.java:450)
at org.testng.SuiteRunner.privateRun(SuiteRunner.java:415)
at org.testng.SuiteRunner.run(SuiteRunner.java:364)
at org.testng.SuiteRunnerWorker.runSuite(SuiteRunnerWorker.java:52)
at org.testng.SuiteRunnerWorker.run(SuiteRunnerWorker.java:84)
at org.testng.TestNG.runSuitesSequentially(TestNG.java:1208)
at org.testng.TestNG.runSuitesLocally(TestNG.java:1137)
at org.testng.TestNG.runSuites(TestNG.java:1049)
at org.testng.TestNG.run(TestNG.java:1017)
at org.apache.maven.surefire.testng.TestNGExecutor.run(TestNGExecutor.java:295)
at org.apache.maven.surefire.testng.TestNGXmlTestSuite.execute(TestNGXmlTestSuite.java:84)
at org.apache.maven.surefire.testng.TestNGProvider.invoke(TestNGProvider.java:90)
at org.apache.maven.surefire.booter.ForkedBooter.invokeProviderInSameClassLoader(ForkedBooter.java:203)
at org.apache.maven.surefire.booter.ForkedBooter.runSuitesInProcess(ForkedBooter.java:155)
at org.apache.maven.surefire.booter.ForkedBooter.main(ForkedBooter.java:103)
]]>
    </error>
  </testcase> <!-- TC_SPCR_022 -->
  <testcase name="TC_SPCR_023" time="21.522" classname="maintest.SPcasereg"/>
  <testcase name="TC_SPCR_024" time="10.602" classname="maintest.SPcasereg"/>
  <testcase name="TC_SPCR_025" time="31.785" classname="maintest.SPcasereg"/>
  <testcase name="TC_SPCR_026" time="34.203" classname="maintest.SPcasereg"/>
  <testcase name="TC_SPCR_027" time="30.592" classname="maintest.SPcasereg"/>
  <testcase name="TC_SPINF_001" time="56.496" classname="maintest.SPcasereg"/>
  <testcase name="TC_SPINF_002" time="110.158" classname="maintest.SPcasereg"/>
  <testcase name="TC_SPINF_003" time="0.101" classname="maintest.SPcasereg"/>
  <testcase name="TC_SPINF_004" time="3.644" classname="maintest.SPcasereg"/>
  <testcase name="TC_SPINF_005" time="36.398" classname="maintest.SPcasereg"/>
  <testcase name="TC_SPINF_006" time="44.055" classname="maintest.SPcasereg"/>
  <testcase name="TC_SPINF_007" time="43.340" classname="maintest.SPcasereg"/>
  <testcase name="TC_SPINF_008" time="10.535" classname="maintest.SPcasereg"/>
  <testcase name="TC_SPINF_009" time="3.642" classname="maintest.SPcasereg"/>
  <testcase name="TC_SPINF_010" time="35.872" classname="maintest.SPcasereg"/>
  <testcase name="TC_SPINF_011" time="54.655" classname="maintest.SPcasereg"/>
  <testcase name="TC_SPINF_014" time="0.053" classname="maintest.SPcasereg"/>
  <testcase name="TC_SPINF_017" time="0.045" classname="maintest.SPcasereg"/>
  <testcase name="TC_SPINF_020" time="17.836" classname="maintest.SPcasereg"/>
  <testcase name="TC_SPINF_023" time="0.058" classname="maintest.SPcasereg"/>
  <testcase name="TC_SPINF_026" time="0.055" classname="maintest.SPcasereg"/>
  <testcase name="TC_SPINF_029" time="0.063" classname="maintest.SPcasereg"/>
  <testcase name="TC_SPINF_032" time="0.050" classname="maintest.SPcasereg"/>
  <testcase name="TC_SPINF_035" time="0.049" classname="maintest.SPcasereg"/>
  <testcase name="TC_SPINF_038" time="1.107" classname="maintest.SPcasereg"/>
  <testcase name="TC_SPINF_012" time="224.673" classname="maintest.SPcasereg"/>
  <testcase name="TC_SPINF_015" time="7.536" classname="maintest.SPcasereg"/>
  <testcase name="TC_SPINF_018" time="21.022" classname="maintest.SPcasereg"/>
  <testcase name="TC_SPINF_021" time="5.631" classname="maintest.SPcasereg"/>
  <testcase name="TC_SPINF_039" time="6.162" classname="maintest.SPcasereg"/>
  <testcase name="TC_SPINF_027" time="5.213" classname="maintest.SPcasereg"/>
  <testcase name="TC_SPINF_033" time="5.747" classname="maintest.SPcasereg"/>
  <testcase name="TC_SPINF_030" time="5.168" classname="maintest.SPcasereg"/>
  <testcase name="TC_SPINF_024" time="15.221" classname="maintest.SPcasereg"/>
  <testcase name="TC_SPNAPP_001" time="69.488" classname="maintest.SPcasereg"/>
  <testcase name="TC_SPCEP_001" time="54.167" classname="maintest.SPcasereg"/>
  <testcase name="TC_SPCEP_002" time="17.689" classname="maintest.SPcasereg"/>
  <testcase name="TC_SPCEP_003" time="3.062" classname="maintest.SPcasereg">
    <error type="org.openqa.selenium.NoSuchElementException" message="no such element: Unable to locate element: {&quot;method&quot;:&quot;id&quot;,&quot;selector&quot;:&quot;(//td[text()=&#039;HDFC000909&#039;])[2]&quot;}
  (Session info: headless chrome=70.0.3538.102)
  (Driver info: chromedriver=2.42.591088 (7b2b2dca23cca0862f674758c9a3933e685c27d5),platform=Windows NT 6.1.7601 SP1 x86) (WARNING: The server did not provide any stacktrace information)
Command duration or timeout: 0 milliseconds
For documentation on this error, please visit: http://seleniumhq.org/exceptions/no_such_element.html
Build info: version: &#039;3.14.0&#039;, revision: &#039;aacccce0&#039;, time: &#039;2018-08-02T20:19:58.91Z&#039;
System info: host: &#039;KAD-I-032&#039;, ip: &#039;192.168.2.67&#039;, os.name: &#039;Windows 7&#039;, os.arch: &#039;x86&#039;, os.version: &#039;6.1&#039;, java.version: &#039;1.8.0_181&#039;
Driver info: org.openqa.selenium.chrome.ChromeDriver
Capabilities {acceptInsecureCerts: false, acceptSslCerts: false, applicationCacheEnabled: false, browserConnectionEnabled: false, browserName: chrome, chrome: {chromedriverVersion: 2.42.591088 (7b2b2dca23cca0..., userDataDir: C:\Users\admin\AppData\Loca...}, cssSelectorsEnabled: true, databaseEnabled: false, goog:chromeOptions: {debuggerAddress: localhost:52089}, handlesAlerts: true, hasTouchScreen: false, javascriptEnabled: true, locationContextEnabled: true, mobileEmulationEnabled: false, nativeEvents: true, networkConnectionEnabled: false, pageLoadStrategy: normal, platform: XP, platformName: XP, rotatable: false, setWindowRect: true, takesHeapSnapshot: true, takesScreenshot: true, unexpectedAlertBehaviour: , unhandledPromptBehavior: , version: 70.0.3538.102, webStorageEnabled: true}
Session ID: a84ae4165dec981b65ebbc478995b196
*** Element info: {Using=id, value=(//td[text()=&#039;HDFC000909&#039;])[2]}">
      <![CDATA[org.openqa.selenium.NoSuchElementException: no such element: Unable to locate element: {"method":"id","selector":"(//td[text()='HDFC000909'])[2]"}
  (Session info: headless chrome=70.0.3538.102)
  (Driver info: chromedriver=2.42.591088 (7b2b2dca23cca0862f674758c9a3933e685c27d5),platform=Windows NT 6.1.7601 SP1 x86) (WARNING: The server did not provide any stacktrace information)
Command duration or timeout: 0 milliseconds
For documentation on this error, please visit: http://seleniumhq.org/exceptions/no_such_element.html
Build info: version: '3.14.0', revision: 'aacccce0', time: '2018-08-02T20:19:58.91Z'
System info: host: 'KAD-I-032', ip: '192.168.2.67', os.name: 'Windows 7', os.arch: 'x86', os.version: '6.1', java.version: '1.8.0_181'
Driver info: org.openqa.selenium.chrome.ChromeDriver
Capabilities {acceptInsecureCerts: false, acceptSslCerts: false, applicationCacheEnabled: false, browserConnectionEnabled: false, browserName: chrome, chrome: {chromedriverVersion: 2.42.591088 (7b2b2dca23cca0..., userDataDir: C:\Users\admin\AppData\Loca...}, cssSelectorsEnabled: true, databaseEnabled: false, goog:chromeOptions: {debuggerAddress: localhost:52089}, handlesAlerts: true, hasTouchScreen: false, javascriptEnabled: true, locationContextEnabled: true, mobileEmulationEnabled: false, nativeEvents: true, networkConnectionEnabled: false, pageLoadStrategy: normal, platform: XP, platformName: XP, rotatable: false, setWindowRect: true, takesHeapSnapshot: true, takesScreenshot: true, unexpectedAlertBehaviour: , unhandledPromptBehavior: , version: 70.0.3538.102, webStorageEnabled: true}
Session ID: a84ae4165dec981b65ebbc478995b196
*** Element info: {Using=id, value=(//td[text()='HDFC000909'])[2]}
at sun.reflect.GeneratedConstructorAccessor20.newInstance(Unknown Source)
at sun.reflect.DelegatingConstructorAccessorImpl.newInstance(DelegatingConstructorAccessorImpl.java:45)
at java.lang.reflect.Constructor.newInstance(Constructor.java:423)
at org.openqa.selenium.remote.ErrorHandler.createThrowable(ErrorHandler.java:214)
at org.openqa.selenium.remote.ErrorHandler.throwIfResponseFailed(ErrorHandler.java:166)
at org.openqa.selenium.remote.http.JsonHttpResponseCodec.reconstructValue(JsonHttpResponseCodec.java:40)
at org.openqa.selenium.remote.http.AbstractHttpResponseCodec.decode(AbstractHttpResponseCodec.java:80)
at org.openqa.selenium.remote.http.AbstractHttpResponseCodec.decode(AbstractHttpResponseCodec.java:44)
at org.openqa.selenium.remote.HttpCommandExecutor.execute(HttpCommandExecutor.java:158)
at org.openqa.selenium.remote.service.DriverCommandExecutor.execute(DriverCommandExecutor.java:83)
at org.openqa.selenium.remote.RemoteWebDriver.execute(RemoteWebDriver.java:548)
at org.openqa.selenium.remote.RemoteWebDriver.findElement(RemoteWebDriver.java:322)
at org.openqa.selenium.remote.RemoteWebDriver.findElementById(RemoteWebDriver.java:368)
at org.openqa.selenium.By$ById.findElement(By.java:188)
at org.openqa.selenium.remote.RemoteWebDriver.findElement(RemoteWebDriver.java:314)
at environment.Utill.find(Utill.java:140)
at environment.Utill.click(Utill.java:243)
at actions.CEP.upload(CEP.java:132)
at maintest.SPcasereg.TC_SPCEP_003(SPcasereg.java:1952)
at sun.reflect.NativeMethodAccessorImpl.invoke0(Native Method)
at sun.reflect.NativeMethodAccessorImpl.invoke(NativeMethodAccessorImpl.java:62)
at sun.reflect.DelegatingMethodAccessorImpl.invoke(DelegatingMethodAccessorImpl.java:43)
at java.lang.reflect.Method.invoke(Method.java:498)
at org.testng.internal.MethodInvocationHelper.invokeMethod(MethodInvocationHelper.java:124)
at org.testng.internal.Invoker.invokeMethod(Invoker.java:583)
at org.testng.internal.Invoker.invokeTestMethod(Invoker.java:719)
at org.testng.internal.Invoker.invokeTestMethods(Invoker.java:989)
at org.testng.internal.TestMethodWorker.invokeTestMethods(TestMethodWorker.java:125)
at org.testng.internal.TestMethodWorker.run(TestMethodWorker.java:109)
at org.testng.TestRunner.privateRun(TestRunner.java:648)
at org.testng.TestRunner.run(TestRunner.java:505)
at org.testng.SuiteRunner.runTest(SuiteRunner.java:455)
at org.testng.SuiteRunner.runSequentially(SuiteRunner.java:450)
at org.testng.SuiteRunner.privateRun(SuiteRunner.java:415)
at org.testng.SuiteRunner.run(SuiteRunner.java:364)
at org.testng.SuiteRunnerWorker.runSuite(SuiteRunnerWorker.java:52)
at org.testng.SuiteRunnerWorker.run(SuiteRunnerWorker.java:84)
at org.testng.TestNG.runSuitesSequentially(TestNG.java:1208)
at org.testng.TestNG.runSuitesLocally(TestNG.java:1137)
at org.testng.TestNG.runSuites(TestNG.java:1049)
at org.testng.TestNG.run(TestNG.java:1017)
at org.apache.maven.surefire.testng.TestNGExecutor.run(TestNGExecutor.java:295)
at org.apache.maven.surefire.testng.TestNGXmlTestSuite.execute(TestNGXmlTestSuite.java:84)
at org.apache.maven.surefire.testng.TestNGProvider.invoke(TestNGProvider.java:90)
at org.apache.maven.surefire.booter.ForkedBooter.invokeProviderInSameClassLoader(ForkedBooter.java:203)
at org.apache.maven.surefire.booter.ForkedBooter.runSuitesInProcess(ForkedBooter.java:155)
at org.apache.maven.surefire.booter.ForkedBooter.main(ForkedBooter.java:103)
]]>
    </error>
  </testcase> <!-- TC_SPCEP_003 -->
  <testcase name="TC_SPCEP_004" time="0.000" classname="maintest.SPcasereg">
    <skipped/>
  </testcase> <!-- TC_SPCEP_004 -->
  <testcase name="TC_SPDOC_001" time="42.018" classname="maintest.SPcasereg"/>
  <testcase name="TC_SPDOC_002" time="11.423" classname="maintest.SPcasereg"/>
  <testcase name="TC_SPDOC_003" time="11.444" classname="maintest.SPcasereg"/>
  <testcase name="TC_SPDOC_004" time="28.352" classname="maintest.SPcasereg"/>
  <testcase name="TC_SPDOC_005" time="65.136" classname="maintest.SPcasereg"/>
  <testcase name="TC_SPDOC_006" time="7.440" classname="maintest.SPcasereg"/>
  <testcase name="TC_SPDOC_007" classname="maintest.SPcasereg">
    <skipped/>
  </testcase> <!-- TC_SPDOC_007 -->
  <testcase name="TC_SPDOC_008" classname="maintest.SPcasereg">
    <skipped/>
  </testcase> <!-- TC_SPDOC_008 -->
</testsuite> <!-- maintest.SPcasereg -->
